ERROR - 2016-07-13 07:19:18 - exception 'ErrorException' with message 'Undefined variable: result' in C:\wamp64\www\App\Controllers\Signup\SignupController.php:22
Stack trace:
#0 C:\wamp64\www\App\Controllers\Signup\SignupController.php(22): Yee\Yee::handleErrors(8, 'Undefined varia...', 'C:\\wamp64\\www\\A...', 22, Array)
#1 [internal function]: SignupController->indexAction()
#2 C:\wamp64\www\Yee\Managers\Controller\Controller.php(22): call_user_func_array(Array, Array)
#3 [internal function]: Yee\Managers\Controller\Controller::__callStatic('___indexAction', Array)
#4 [internal function]: SignupController::___indexAction()
#5 C:\wamp64\www\Yee\Route.php(462): call_user_func_array('SignupControlle...', Array)
#6 C:\wamp64\www\Yee\Yee.php(1334): Yee\Route->dispatch()
#7 C:\wamp64\www\Yee\Middleware\Flash.php(85): Yee\Yee->call()
#8 C:\wamp64\www\Yee\Middleware\MethodOverride.php(92): Yee\Middleware\Flash->call()
#9 C:\wamp64\www\Yee\Middleware\PrettyExceptions.php(67): Yee\Middleware\MethodOverride->call()
#10 C:\wamp64\www\Yee\Yee.php(1279): Yee\Middleware\PrettyExceptions->call()
#11 C:\wamp64\www\index.php(48): Yee\Yee->execute()
#12 {main}
ERROR - 2016-07-13 07:26:24 - exception 'ErrorException' with message 'Invalid argument supplied for foreach()' in C:\wamp64\www\App\Controllers\Signup\SignupController.php:25
Stack trace:
#0 C:\wamp64\www\App\Controllers\Signup\SignupController.php(25): Yee\Yee::handleErrors(2, 'Invalid argumen...', 'C:\\wamp64\\www\\A...', 25, Array)
#1 [internal function]: SignupController->indexAction()
#2 C:\wamp64\www\Yee\Managers\Controller\Controller.php(22): call_user_func_array(Array, Array)
#3 [internal function]: Yee\Managers\Controller\Controller::__callStatic('___indexAction', Array)
#4 [internal function]: SignupController::___indexAction()
#5 C:\wamp64\www\Yee\Route.php(462): call_user_func_array('SignupControlle...', Array)
#6 C:\wamp64\www\Yee\Yee.php(1334): Yee\Route->dispatch()
#7 C:\wamp64\www\Yee\Middleware\Flash.php(85): Yee\Yee->call()
#8 C:\wamp64\www\Yee\Middleware\MethodOverride.php(92): Yee\Middleware\Flash->call()
#9 C:\wamp64\www\Yee\Middleware\PrettyExceptions.php(67): Yee\Middleware\MethodOverride->call()
#10 C:\wamp64\www\Yee\Yee.php(1279): Yee\Middleware\PrettyExceptions->call()
#11 C:\wamp64\www\index.php(48): Yee\Yee->execute()
#12 {main}
ERROR - 2016-07-13 07:32:09 - exception 'ErrorException' with message 'Invalid argument supplied for foreach()' in C:\wamp64\www\App\Controllers\Signup\SignupController.php:25
Stack trace:
#0 C:\wamp64\www\App\Controllers\Signup\SignupController.php(25): Yee\Yee::handleErrors(2, 'Invalid argumen...', 'C:\\wamp64\\www\\A...', 25, Array)
#1 [internal function]: SignupController->indexAction()
#2 C:\wamp64\www\Yee\Managers\Controller\Controller.php(22): call_user_func_array(Array, Array)
#3 [internal function]: Yee\Managers\Controller\Controller::__callStatic('___indexAction', Array)
#4 [internal function]: SignupController::___indexAction()
#5 C:\wamp64\www\Yee\Route.php(462): call_user_func_array('SignupControlle...', Array)
#6 C:\wamp64\www\Yee\Yee.php(1334): Yee\Route->dispatch()
#7 C:\wamp64\www\Yee\Middleware\Flash.php(85): Yee\Yee->call()
#8 C:\wamp64\www\Yee\Middleware\MethodOverride.php(92): Yee\Middleware\Flash->call()
#9 C:\wamp64\www\Yee\Middleware\PrettyExceptions.php(67): Yee\Middleware\MethodOverride->call()
#10 C:\wamp64\www\Yee\Yee.php(1279): Yee\Middleware\PrettyExceptions->call()
#11 C:\wamp64\www\index.php(48): Yee\Yee->execute()
#12 {main}
ERROR - 2016-07-13 07:33:45 - exception 'ErrorException' with message 'Invalid argument supplied for foreach()' in C:\wamp64\www\App\Controllers\Signup\SignupController.php:25
Stack trace:
#0 C:\wamp64\www\App\Controllers\Signup\SignupController.php(25): Yee\Yee::handleErrors(2, 'Invalid argumen...', 'C:\\wamp64\\www\\A...', 25, Array)
#1 [internal function]: SignupController->indexAction()
#2 C:\wamp64\www\Yee\Managers\Controller\Controller.php(22): call_user_func_array(Array, Array)
#3 [internal function]: Yee\Managers\Controller\Controller::__callStatic('___indexAction', Array)
#4 [internal function]: SignupController::___indexAction()
#5 C:\wamp64\www\Yee\Route.php(462): call_user_func_array('SignupControlle...', Array)
#6 C:\wamp64\www\Yee\Yee.php(1334): Yee\Route->dispatch()
#7 C:\wamp64\www\Yee\Middleware\Flash.php(85): Yee\Yee->call()
#8 C:\wamp64\www\Yee\Middleware\MethodOverride.php(92): Yee\Middleware\Flash->call()
#9 C:\wamp64\www\Yee\Middleware\PrettyExceptions.php(67): Yee\Middleware\MethodOverride->call()
#10 C:\wamp64\www\Yee\Yee.php(1279): Yee\Middleware\PrettyExceptions->call()
#11 C:\wamp64\www\index.php(48): Yee\Yee->execute()
#12 {main}
ERROR - 2016-07-13 07:37:38 - exception 'ErrorException' with message 'Undefined variable: result' in C:\wamp64\www\App\Controllers\Signup\SignupController.php:25
Stack trace:
#0 C:\wamp64\www\App\Controllers\Signup\SignupController.php(25): Yee\Yee::handleErrors(8, 'Undefined varia...', 'C:\\wamp64\\www\\A...', 25, Array)
#1 [internal function]: SignupController->indexAction()
#2 C:\wamp64\www\Yee\Managers\Controller\Controller.php(22): call_user_func_array(Array, Array)
#3 [internal function]: Yee\Managers\Controller\Controller::__callStatic('___indexAction', Array)
#4 [internal function]: SignupController::___indexAction()
#5 C:\wamp64\www\Yee\Route.php(462): call_user_func_array('SignupControlle...', Array)
#6 C:\wamp64\www\Yee\Yee.php(1334): Yee\Route->dispatch()
#7 C:\wamp64\www\Yee\Middleware\Flash.php(85): Yee\Yee->call()
#8 C:\wamp64\www\Yee\Middleware\MethodOverride.php(92): Yee\Middleware\Flash->call()
#9 C:\wamp64\www\Yee\Middleware\PrettyExceptions.php(67): Yee\Middleware\MethodOverride->call()
#10 C:\wamp64\www\Yee\Yee.php(1279): Yee\Middleware\PrettyExceptions->call()
#11 C:\wamp64\www\index.php(48): Yee\Yee->execute()
#12 {main}
ERROR - 2016-07-13 07:58:19 - exception 'ErrorException' with message 'Undefined variable: app' in C:\wamp64\www\App\Models\SignUp\SignUpModel.php:10
Stack trace:
#0 C:\wamp64\www\App\Models\SignUp\SignUpModel.php(10): Yee\Yee::handleErrors(8, 'Undefined varia...', 'C:\\wamp64\\www\\A...', 10, Array)
#1 C:\wamp64\www\App\Controllers\SignUp\SignupController.php(56): App\Models\SignUp\signUpModel->__construct()
#2 [internal function]: SignupController->postAction()
#3 C:\wamp64\www\Yee\Managers\Controller\Controller.php(22): call_user_func_array(Array, Array)
#4 [internal function]: Yee\Managers\Controller\Controller::__callStatic('___postAction', Array)
#5 [internal function]: SignupController::___postAction()
#6 C:\wamp64\www\Yee\Route.php(462): call_user_func_array('SignupControlle...', Array)
#7 C:\wamp64\www\Yee\Yee.php(1334): Yee\Route->dispatch()
#8 C:\wamp64\www\Yee\Middleware\Flash.php(85): Yee\Yee->call()
#9 C:\wamp64\www\Yee\Middleware\MethodOverride.php(92): Yee\Middleware\Flash->call()
#10 C:\wamp64\www\Yee\Middleware\PrettyExceptions.php(67): Yee\Middleware\MethodOverride->call()
#11 C:\wamp64\www\Yee\Yee.php(1279): Yee\Middleware\PrettyExceptions->call()
#12 C:\wamp64\www\index.php(48): Yee\Yee->execute()
#13 {main}
ERROR - 2016-07-13 08:02:26 - exception 'ErrorException' with message 'Missing argument 1 for App\Models\SignUp\signUpModel::__construct(), called in C:\wamp64\www\App\Controllers\SignUp\SignupController.php on line 56 and defined' in C:\wamp64\www\App\Models\SignUp\SignUpModel.php:9
Stack trace:
#0 C:\wamp64\www\App\Models\SignUp\SignUpModel.php(9): Yee\Yee::handleErrors(2, 'Missing argumen...', 'C:\\wamp64\\www\\A...', 9, Array)
#1 C:\wamp64\www\App\Controllers\SignUp\SignupController.php(56): App\Models\SignUp\signUpModel->__construct()
#2 [internal function]: SignupController->postAction()
#3 C:\wamp64\www\Yee\Managers\Controller\Controller.php(22): call_user_func_array(Array, Array)
#4 [internal function]: Yee\Managers\Controller\Controller::__callStatic('___postAction', Array)
#5 [internal function]: SignupController::___postAction()
#6 C:\wamp64\www\Yee\Route.php(462): call_user_func_array('SignupControlle...', Array)
#7 C:\wamp64\www\Yee\Yee.php(1334): Yee\Route->dispatch()
#8 C:\wamp64\www\Yee\Middleware\Flash.php(85): Yee\Yee->call()
#9 C:\wamp64\www\Yee\Middleware\MethodOverride.php(92): Yee\Middleware\Flash->call()
#10 C:\wamp64\www\Yee\Middleware\PrettyExceptions.php(67): Yee\Middleware\MethodOverride->call()
#11 C:\wamp64\www\Yee\Yee.php(1279): Yee\Middleware\PrettyExceptions->call()
#12 C:\wamp64\www\index.php(48): Yee\Yee->execute()
#13 {main}
ERROR - 2016-07-13 08:03:49 - exception 'ErrorException' with message 'Undefined variable: email' in C:\wamp64\www\App\Controllers\SignUp\SignupController.php:78
Stack trace:
#0 C:\wamp64\www\App\Controllers\SignUp\SignupController.php(78): Yee\Yee::handleErrors(8, 'Undefined varia...', 'C:\\wamp64\\www\\A...', 78, Array)
#1 [internal function]: SignupController->postAction()
#2 C:\wamp64\www\Yee\Managers\Controller\Controller.php(22): call_user_func_array(Array, Array)
#3 [internal function]: Yee\Managers\Controller\Controller::__callStatic('___postAction', Array)
#4 [internal function]: SignupController::___postAction()
#5 C:\wamp64\www\Yee\Route.php(462): call_user_func_array('SignupControlle...', Array)
#6 C:\wamp64\www\Yee\Yee.php(1334): Yee\Route->dispatch()
#7 C:\wamp64\www\Yee\Middleware\Flash.php(85): Yee\Yee->call()
#8 C:\wamp64\www\Yee\Middleware\MethodOverride.php(92): Yee\Middleware\Flash->call()
#9 C:\wamp64\www\Yee\Middleware\PrettyExceptions.php(67): Yee\Middleware\MethodOverride->call()
#10 C:\wamp64\www\Yee\Yee.php(1279): Yee\Middleware\PrettyExceptions->call()
#11 C:\wamp64\www\index.php(48): Yee\Yee->execute()
#12 {main}
ERROR - 2016-07-13 08:20:25 - exception 'ErrorException' with message 'Undefined variable: app' in C:\wamp64\www\App\Models\SignUp\SignUpModel.php:13
Stack trace:
#0 C:\wamp64\www\App\Models\SignUp\SignUpModel.php(13): Yee\Yee::handleErrors(8, 'Undefined varia...', 'C:\\wamp64\\www\\A...', 13, Array)
#1 C:\wamp64\www\App\Controllers\SignUp\SignupController.php(56): App\Models\SignUp\signUpModel->__construct('asd@gmail.com', 'asdAsd6')
#2 [internal function]: SignupController->postAction()
#3 C:\wamp64\www\Yee\Managers\Controller\Controller.php(22): call_user_func_array(Array, Array)
#4 [internal function]: Yee\Managers\Controller\Controller::__callStatic('___postAction', Array)
#5 [internal function]: SignupController::___postAction()
#6 C:\wamp64\www\Yee\Route.php(462): call_user_func_array('SignupControlle...', Array)
#7 C:\wamp64\www\Yee\Yee.php(1334): Yee\Route->dispatch()
#8 C:\wamp64\www\Yee\Middleware\Flash.php(85): Yee\Yee->call()
#9 C:\wamp64\www\Yee\Middleware\MethodOverride.php(92): Yee\Middleware\Flash->call()
#10 C:\wamp64\www\Yee\Middleware\PrettyExceptions.php(67): Yee\Middleware\MethodOverride->call()
#11 C:\wamp64\www\Yee\Yee.php(1279): Yee\Middleware\PrettyExceptions->call()
#12 C:\wamp64\www\index.php(48): Yee\Yee->execute()
#13 {main}
ERROR - 2016-07-13 08:43:48 - exception 'ErrorException' with message 'Undefined variable: app' in C:\wamp64\www\App\Models\SignUp\SignUpModel.php:12
Stack trace:
#0 C:\wamp64\www\App\Models\SignUp\SignUpModel.php(12): Yee\Yee::handleErrors(8, 'Undefined varia...', 'C:\\wamp64\\www\\A...', 12, Array)
#1 C:\wamp64\www\App\Controllers\SignUp\SignupController.php(56): App\Models\SignUp\signUpModel->__construct('asd@gmail.com', 'asdAsd6')
#2 [internal function]: SignupController->postAction()
#3 C:\wamp64\www\Yee\Managers\Controller\Controller.php(22): call_user_func_array(Array, Array)
#4 [internal function]: Yee\Managers\Controller\Controller::__callStatic('___postAction', Array)
#5 [internal function]: SignupController::___postAction()
#6 C:\wamp64\www\Yee\Route.php(462): call_user_func_array('SignupControlle...', Array)
#7 C:\wamp64\www\Yee\Yee.php(1334): Yee\Route->dispatch()
#8 C:\wamp64\www\Yee\Middleware\Flash.php(85): Yee\Yee->call()
#9 C:\wamp64\www\Yee\Middleware\MethodOverride.php(92): Yee\Middleware\Flash->call()
#10 C:\wamp64\www\Yee\Middleware\PrettyExceptions.php(67): Yee\Middleware\MethodOverride->call()
#11 C:\wamp64\www\Yee\Yee.php(1279): Yee\Middleware\PrettyExceptions->call()
#12 C:\wamp64\www\index.php(48): Yee\Yee->execute()
#13 {main}
ERROR - 2016-07-13 08:47:20 - exception 'ErrorException' with message 'Undefined variable: signupModel' in C:\wamp64\www\App\Controllers\SignUp\SignupController.php:64
Stack trace:
#0 C:\wamp64\www\App\Controllers\SignUp\SignupController.php(64): Yee\Yee::handleErrors(8, 'Undefined varia...', 'C:\\wamp64\\www\\A...', 64, Array)
#1 [internal function]: SignupController->postAction()
#2 C:\wamp64\www\Yee\Managers\Controller\Controller.php(22): call_user_func_array(Array, Array)
#3 [internal function]: Yee\Managers\Controller\Controller::__callStatic('___postAction', Array)
#4 [internal function]: SignupController::___postAction()
#5 C:\wamp64\www\Yee\Route.php(462): call_user_func_array('SignupControlle...', Array)
#6 C:\wamp64\www\Yee\Yee.php(1334): Yee\Route->dispatch()
#7 C:\wamp64\www\Yee\Middleware\Flash.php(85): Yee\Yee->call()
#8 C:\wamp64\www\Yee\Middleware\MethodOverride.php(92): Yee\Middleware\Flash->call()
#9 C:\wamp64\www\Yee\Middleware\PrettyExceptions.php(67): Yee\Middleware\MethodOverride->call()
#10 C:\wamp64\www\Yee\Yee.php(1279): Yee\Middleware\PrettyExceptions->call()
#11 C:\wamp64\www\index.php(48): Yee\Yee->execute()
#12 {main}
ERROR - 2016-07-13 08:47:30 - exception 'ErrorException' with message 'Undefined variable: signupModel' in C:\wamp64\www\App\Controllers\SignUp\SignupController.php:71
Stack trace:
#0 C:\wamp64\www\App\Controllers\SignUp\SignupController.php(71): Yee\Yee::handleErrors(8, 'Undefined varia...', 'C:\\wamp64\\www\\A...', 71, Array)
#1 [internal function]: SignupController->postAction()
#2 C:\wamp64\www\Yee\Managers\Controller\Controller.php(22): call_user_func_array(Array, Array)
#3 [internal function]: Yee\Managers\Controller\Controller::__callStatic('___postAction', Array)
#4 [internal function]: SignupController::___postAction()
#5 C:\wamp64\www\Yee\Route.php(462): call_user_func_array('SignupControlle...', Array)
#6 C:\wamp64\www\Yee\Yee.php(1334): Yee\Route->dispatch()
#7 C:\wamp64\www\Yee\Middleware\Flash.php(85): Yee\Yee->call()
#8 C:\wamp64\www\Yee\Middleware\MethodOverride.php(92): Yee\Middleware\Flash->call()
#9 C:\wamp64\www\Yee\Middleware\PrettyExceptions.php(67): Yee\Middleware\MethodOverride->call()
#10 C:\wamp64\www\Yee\Yee.php(1279): Yee\Middleware\PrettyExceptions->call()
#11 C:\wamp64\www\index.php(48): Yee\Yee->execute()
#12 {main}
ERROR - 2016-07-13 08:47:37 - exception 'ErrorException' with message 'Undefined variable: signipModel' in C:\wamp64\www\App\Controllers\SignUp\SignupController.php:71
Stack trace:
#0 C:\wamp64\www\App\Controllers\SignUp\SignupController.php(71): Yee\Yee::handleErrors(8, 'Undefined varia...', 'C:\\wamp64\\www\\A...', 71, Array)
#1 [internal function]: SignupController->postAction()
#2 C:\wamp64\www\Yee\Managers\Controller\Controller.php(22): call_user_func_array(Array, Array)
#3 [internal function]: Yee\Managers\Controller\Controller::__callStatic('___postAction', Array)
#4 [internal function]: SignupController::___postAction()
#5 C:\wamp64\www\Yee\Route.php(462): call_user_func_array('SignupControlle...', Array)
#6 C:\wamp64\www\Yee\Yee.php(1334): Yee\Route->dispatch()
#7 C:\wamp64\www\Yee\Middleware\Flash.php(85): Yee\Yee->call()
#8 C:\wamp64\www\Yee\Middleware\MethodOverride.php(92): Yee\Middleware\Flash->call()
#9 C:\wamp64\www\Yee\Middleware\PrettyExceptions.php(67): Yee\Middleware\MethodOverride->call()
#10 C:\wamp64\www\Yee\Yee.php(1279): Yee\Middleware\PrettyExceptions->call()
#11 C:\wamp64\www\index.php(48): Yee\Yee->execute()
#12 {main}
ERROR - 2016-07-13 08:47:40 - exception 'ErrorException' with message 'Undefined variable: signipModel' in C:\wamp64\www\App\Controllers\SignUp\SignupController.php:71
Stack trace:
#0 C:\wamp64\www\App\Controllers\SignUp\SignupController.php(71): Yee\Yee::handleErrors(8, 'Undefined varia...', 'C:\\wamp64\\www\\A...', 71, Array)
#1 [internal function]: SignupController->postAction()
#2 C:\wamp64\www\Yee\Managers\Controller\Controller.php(22): call_user_func_array(Array, Array)
#3 [internal function]: Yee\Managers\Controller\Controller::__callStatic('___postAction', Array)
#4 [internal function]: SignupController::___postAction()
#5 C:\wamp64\www\Yee\Route.php(462): call_user_func_array('SignupControlle...', Array)
#6 C:\wamp64\www\Yee\Yee.php(1334): Yee\Route->dispatch()
#7 C:\wamp64\www\Yee\Middleware\Flash.php(85): Yee\Yee->call()
#8 C:\wamp64\www\Yee\Middleware\MethodOverride.php(92): Yee\Middleware\Flash->call()
#9 C:\wamp64\www\Yee\Middleware\PrettyExceptions.php(67): Yee\Middleware\MethodOverride->call()
#10 C:\wamp64\www\Yee\Yee.php(1279): Yee\Middleware\PrettyExceptions->call()
#11 C:\wamp64\www\index.php(48): Yee\Yee->execute()
#12 {main}
ERROR - 2016-07-13 08:47:44 - exception 'ErrorException' with message 'Undefined variable: signupModel' in C:\wamp64\www\App\Controllers\SignUp\SignupController.php:71
Stack trace:
#0 C:\wamp64\www\App\Controllers\SignUp\SignupController.php(71): Yee\Yee::handleErrors(8, 'Undefined varia...', 'C:\\wamp64\\www\\A...', 71, Array)
#1 [internal function]: SignupController->postAction()
#2 C:\wamp64\www\Yee\Managers\Controller\Controller.php(22): call_user_func_array(Array, Array)
#3 [internal function]: Yee\Managers\Controller\Controller::__callStatic('___postAction', Array)
#4 [internal function]: SignupController::___postAction()
#5 C:\wamp64\www\Yee\Route.php(462): call_user_func_array('SignupControlle...', Array)
#6 C:\wamp64\www\Yee\Yee.php(1334): Yee\Route->dispatch()
#7 C:\wamp64\www\Yee\Middleware\Flash.php(85): Yee\Yee->call()
#8 C:\wamp64\www\Yee\Middleware\MethodOverride.php(92): Yee\Middleware\Flash->call()
#9 C:\wamp64\www\Yee\Middleware\PrettyExceptions.php(67): Yee\Middleware\MethodOverride->call()
#10 C:\wamp64\www\Yee\Yee.php(1279): Yee\Middleware\PrettyExceptions->call()
#11 C:\wamp64\www\index.php(48): Yee\Yee->execute()
#12 {main}
ERROR - 2016-07-13 08:47:51 - exception 'ErrorException' with message 'Undefined variable: confPass' in C:\wamp64\www\App\Controllers\SignUp\SignupController.php:71
Stack trace:
#0 C:\wamp64\www\App\Controllers\SignUp\SignupController.php(71): Yee\Yee::handleErrors(8, 'Undefined varia...', 'C:\\wamp64\\www\\A...', 71, Array)
#1 [internal function]: SignupController->postAction()
#2 C:\wamp64\www\Yee\Managers\Controller\Controller.php(22): call_user_func_array(Array, Array)
#3 [internal function]: Yee\Managers\Controller\Controller::__callStatic('___postAction', Array)
#4 [internal function]: SignupController::___postAction()
#5 C:\wamp64\www\Yee\Route.php(462): call_user_func_array('SignupControlle...', Array)
#6 C:\wamp64\www\Yee\Yee.php(1334): Yee\Route->dispatch()
#7 C:\wamp64\www\Yee\Middleware\Flash.php(85): Yee\Yee->call()
#8 C:\wamp64\www\Yee\Middleware\MethodOverride.php(92): Yee\Middleware\Flash->call()
#9 C:\wamp64\www\Yee\Middleware\PrettyExceptions.php(67): Yee\Middleware\MethodOverride->call()
#10 C:\wamp64\www\Yee\Yee.php(1279): Yee\Middleware\PrettyExceptions->call()
#11 C:\wamp64\www\index.php(48): Yee\Yee->execute()
#12 {main}
ERROR - 2016-07-13 08:50:24 - exception 'ErrorException' with message 'Missing argument 3 for App\Models\SignUp\signUpModel::__construct(), called in C:\wamp64\www\App\Controllers\SignUp\SignupController.php on line 60 and defined' in C:\wamp64\www\App\Models\SignUp\SignUpModel.php:10
Stack trace:
#0 C:\wamp64\www\App\Models\SignUp\SignUpModel.php(10): Yee\Yee::handleErrors(2, 'Missing argumen...', 'C:\\wamp64\\www\\A...', 10, Array)
#1 C:\wamp64\www\App\Controllers\SignUp\SignupController.php(60): App\Models\SignUp\signUpModel->__construct('asd@gmail.com', 'asdAsd6')
#2 [internal function]: SignupController->postAction()
#3 C:\wamp64\www\Yee\Managers\Controller\Controller.php(22): call_user_func_array(Array, Array)
#4 [internal function]: Yee\Managers\Controller\Controller::__callStatic('___postAction', Array)
#5 [internal function]: SignupController::___postAction()
#6 C:\wamp64\www\Yee\Route.php(462): call_user_func_array('SignupControlle...', Array)
#7 C:\wamp64\www\Yee\Yee.php(1334): Yee\Route->dispatch()
#8 C:\wamp64\www\Yee\Middleware\Flash.php(85): Yee\Yee->call()
#9 C:\wamp64\www\Yee\Middleware\MethodOverride.php(92): Yee\Middleware\Flash->call()
#10 C:\wamp64\www\Yee\Middleware\PrettyExceptions.php(67): Yee\Middleware\MethodOverride->call()
#11 C:\wamp64\www\Yee\Yee.php(1279): Yee\Middleware\PrettyExceptions->call()
#12 C:\wamp64\www\index.php(48): Yee\Yee->execute()
#13 {main}
ERROR - 2016-07-13 08:54:53 - exception 'ErrorException' with message 'Missing argument 1 for App\Models\SignUp\signUpModel::validatePass(), called in C:\wamp64\www\App\Models\SignUp\SignUpModel.php on line 58 and defined' in C:\wamp64\www\App\Models\SignUp\SignUpModel.php:41
Stack trace:
#0 C:\wamp64\www\App\Models\SignUp\SignUpModel.php(41): Yee\Yee::handleErrors(2, 'Missing argumen...', 'C:\\wamp64\\www\\A...', 41, Array)
#1 C:\wamp64\www\App\Models\SignUp\SignUpModel.php(58): App\Models\SignUp\signUpModel->validatePass()
#2 C:\wamp64\www\App\Controllers\SignUp\SignupController.php(66): App\Models\SignUp\signUpModel->validate('asd@gmail.com')
#3 [internal function]: SignupController->postAction()
#4 C:\wamp64\www\Yee\Managers\Controller\Controller.php(22): call_user_func_array(Array, Array)
#5 [internal function]: Yee\Managers\Controller\Controller::__callStatic('___postAction', Array)
#6 [internal function]: SignupController::___postAction()
#7 C:\wamp64\www\Yee\Route.php(462): call_user_func_array('SignupControlle...', Array)
#8 C:\wamp64\www\Yee\Yee.php(1334): Yee\Route->dispatch()
#9 C:\wamp64\www\Yee\Middleware\Flash.php(85): Yee\Yee->call()
#10 C:\wamp64\www\Yee\Middleware\MethodOverride.php(92): Yee\Middleware\Flash->call()
#11 C:\wamp64\www\Yee\Middleware\PrettyExceptions.php(67): Yee\Middleware\MethodOverride->call()
#12 C:\wamp64\www\Yee\Yee.php(1279): Yee\Middleware\PrettyExceptions->call()
#13 C:\wamp64\www\index.php(48): Yee\Yee->execute()
#14 {main}
ERROR - 2016-07-13 08:55:04 - exception 'ErrorException' with message 'Missing argument 1 for App\Models\SignUp\signUpModel::validatePass(), called in C:\wamp64\www\App\Models\SignUp\SignUpModel.php on line 58 and defined' in C:\wamp64\www\App\Models\SignUp\SignUpModel.php:41
Stack trace:
#0 C:\wamp64\www\App\Models\SignUp\SignUpModel.php(41): Yee\Yee::handleErrors(2, 'Missing argumen...', 'C:\\wamp64\\www\\A...', 41, Array)
#1 C:\wamp64\www\App\Models\SignUp\SignUpModel.php(58): App\Models\SignUp\signUpModel->validatePass()
#2 C:\wamp64\www\App\Controllers\SignUp\SignupController.php(66): App\Models\SignUp\signUpModel->validate()
#3 [internal function]: SignupController->postAction()
#4 C:\wamp64\www\Yee\Managers\Controller\Controller.php(22): call_user_func_array(Array, Array)
#5 [internal function]: Yee\Managers\Controller\Controller::__callStatic('___postAction', Array)
#6 [internal function]: SignupController::___postAction()
#7 C:\wamp64\www\Yee\Route.php(462): call_user_func_array('SignupControlle...', Array)
#8 C:\wamp64\www\Yee\Yee.php(1334): Yee\Route->dispatch()
#9 C:\wamp64\www\Yee\Middleware\Flash.php(85): Yee\Yee->call()
#10 C:\wamp64\www\Yee\Middleware\MethodOverride.php(92): Yee\Middleware\Flash->call()
#11 C:\wamp64\www\Yee\Middleware\PrettyExceptions.php(67): Yee\Middleware\MethodOverride->call()
#12 C:\wamp64\www\Yee\Yee.php(1279): Yee\Middleware\PrettyExceptions->call()
#13 C:\wamp64\www\index.php(48): Yee\Yee->execute()
#14 {main}
ERROR - 2016-07-13 08:55:05 - exception 'ErrorException' with message 'Missing argument 1 for App\Models\SignUp\signUpModel::validatePass(), called in C:\wamp64\www\App\Models\SignUp\SignUpModel.php on line 58 and defined' in C:\wamp64\www\App\Models\SignUp\SignUpModel.php:41
Stack trace:
#0 C:\wamp64\www\App\Models\SignUp\SignUpModel.php(41): Yee\Yee::handleErrors(2, 'Missing argumen...', 'C:\\wamp64\\www\\A...', 41, Array)
#1 C:\wamp64\www\App\Models\SignUp\SignUpModel.php(58): App\Models\SignUp\signUpModel->validatePass()
#2 C:\wamp64\www\App\Controllers\SignUp\SignupController.php(66): App\Models\SignUp\signUpModel->validate()
#3 [internal function]: SignupController->postAction()
#4 C:\wamp64\www\Yee\Managers\Controller\Controller.php(22): call_user_func_array(Array, Array)
#5 [internal function]: Yee\Managers\Controller\Controller::__callStatic('___postAction', Array)
#6 [internal function]: SignupController::___postAction()
#7 C:\wamp64\www\Yee\Route.php(462): call_user_func_array('SignupControlle...', Array)
#8 C:\wamp64\www\Yee\Yee.php(1334): Yee\Route->dispatch()
#9 C:\wamp64\www\Yee\Middleware\Flash.php(85): Yee\Yee->call()
#10 C:\wamp64\www\Yee\Middleware\MethodOverride.php(92): Yee\Middleware\Flash->call()
#11 C:\wamp64\www\Yee\Middleware\PrettyExceptions.php(67): Yee\Middleware\MethodOverride->call()
#12 C:\wamp64\www\Yee\Yee.php(1279): Yee\Middleware\PrettyExceptions->call()
#13 C:\wamp64\www\index.php(48): Yee\Yee->execute()
#14 {main}
ERROR - 2016-07-13 08:55:19 - exception 'ErrorException' with message 'Missing argument 1 for App\Models\SignUp\signUpModel::validatePass(), called in C:\wamp64\www\App\Models\SignUp\SignUpModel.php on line 58 and defined' in C:\wamp64\www\App\Models\SignUp\SignUpModel.php:41
Stack trace:
#0 C:\wamp64\www\App\Models\SignUp\SignUpModel.php(41): Yee\Yee::handleErrors(2, 'Missing argumen...', 'C:\\wamp64\\www\\A...', 41, Array)
#1 C:\wamp64\www\App\Models\SignUp\SignUpModel.php(58): App\Models\SignUp\signUpModel->validatePass()
#2 C:\wamp64\www\App\Controllers\SignUp\SignupController.php(66): App\Models\SignUp\signUpModel->validate()
#3 [internal function]: SignupController->postAction()
#4 C:\wamp64\www\Yee\Managers\Controller\Controller.php(22): call_user_func_array(Array, Array)
#5 [internal function]: Yee\Managers\Controller\Controller::__callStatic('___postAction', Array)
#6 [internal function]: SignupController::___postAction()
#7 C:\wamp64\www\Yee\Route.php(462): call_user_func_array('SignupControlle...', Array)
#8 C:\wamp64\www\Yee\Yee.php(1334): Yee\Route->dispatch()
#9 C:\wamp64\www\Yee\Middleware\Flash.php(85): Yee\Yee->call()
#10 C:\wamp64\www\Yee\Middleware\MethodOverride.php(92): Yee\Middleware\Flash->call()
#11 C:\wamp64\www\Yee\Middleware\PrettyExceptions.php(67): Yee\Middleware\MethodOverride->call()
#12 C:\wamp64\www\Yee\Yee.php(1279): Yee\Middleware\PrettyExceptions->call()
#13 C:\wamp64\www\index.php(48): Yee\Yee->execute()
#14 {main}
ERROR - 2016-07-13 09:50:56 - exception 'ErrorException' with message 'Undefined property: SignupController::$data' in C:\wamp64\www\App\Controllers\SignUp\SignupController.php:71
Stack trace:
#0 C:\wamp64\www\App\Controllers\SignUp\SignupController.php(71): Yee\Yee::handleErrors(8, 'Undefined prope...', 'C:\\wamp64\\www\\A...', 71, Array)
#1 [internal function]: SignupController->postAction()
#2 C:\wamp64\www\Yee\Managers\Controller\Controller.php(22): call_user_func_array(Array, Array)
#3 [internal function]: Yee\Managers\Controller\Controller::__callStatic('___postAction', Array)
#4 [internal function]: SignupController::___postAction()
#5 C:\wamp64\www\Yee\Route.php(462): call_user_func_array('SignupControlle...', Array)
#6 C:\wamp64\www\Yee\Yee.php(1334): Yee\Route->dispatch()
#7 C:\wamp64\www\Yee\Middleware\Flash.php(85): Yee\Yee->call()
#8 C:\wamp64\www\Yee\Middleware\MethodOverride.php(92): Yee\Middleware\Flash->call()
#9 C:\wamp64\www\Yee\Middleware\PrettyExceptions.php(67): Yee\Middleware\MethodOverride->call()
#10 C:\wamp64\www\Yee\Yee.php(1279): Yee\Middleware\PrettyExceptions->call()
#11 C:\wamp64\www\index.php(48): Yee\Yee->execute()
#12 {main}
