ERROR - 2016-07-07 09:36:55 - exception 'Twig_Error_Loader' with message 'Unable to find template "pages/signup.tpl" (looked into: ./templates).' in /var/www/html/Twig/Loader/Filesystem.php:191
Stack trace:
#0 /var/www/html/Twig/Loader/Filesystem.php(138): Twig_Loader_Filesystem->findTemplate('pages/signup.tp...')
#1 /var/www/html/Twig/Environment.php(265): Twig_Loader_Filesystem->getCacheKey('pages/signup.tp...')
#2 /var/www/html/Twig/Environment.php(323): Twig_Environment->getTemplateClass('pages/signup.tp...', NULL)
#3 /var/www/html/Yee/Views/Twig.php(87): Twig_Environment->loadTemplate('pages/signup.tp...')
#4 /var/www/html/Yee/View.php(255): Yee\Views\Twig->render('pages/signup.tp...', NULL)
#5 /var/www/html/Yee/View.php(243): Yee\View->fetch('pages/signup.tp...', NULL)
#6 /var/www/html/Yee/Yee.php(764): Yee\View->display('pages/signup.tp...')
#7 /var/www/html/App/Controllers/Signup/SignupController.php(19): Yee\Yee->render('pages/signup.tp...', Array)
#8 [internal function]: SignupController->indexAction('en')
#9 /var/www/html/Yee/Managers/Controller/Controller.php(22): call_user_func_array(Array, Array)
#10 [internal function]: Yee\Managers\Controller\Controller::__callStatic('___indexAction', Array)
#11 [internal function]: SignupController::___indexAction('en')
#12 /var/www/html/Yee/Route.php(462): call_user_func_array('SignupControlle...', Array)
#13 /var/www/html/Yee/Yee.php(1333): Yee\Route->dispatch()
#14 /var/www/html/Yee/Middleware/Flash.php(85): Yee\Yee->call()
#15 /var/www/html/Yee/Middleware/MethodOverride.php(92): Yee\Middleware\Flash->call()
#16 /var/www/html/Yee/Middleware/PrettyExceptions.php(67): Yee\Middleware\MethodOverride->call()
#17 /var/www/html/Yee/Yee.php(1278): Yee\Middleware\PrettyExceptions->call()
#18 /var/www/html/index.php(48): Yee\Yee->execute()
#19 {main}
ERROR - 2016-07-07 10:44:05 - ErrorException: Array to string conversion in C:\wamp64\www\cache\templates_c\28\dd\9030a9625e9a4f57c3ad8eb7f0d0dd40ebd4693d66ae3d82e1ff9c0fb2e5.php:20
Stack trace:
#0 C:\wamp64\www\cache\templates_c\28\dd\9030a9625e9a4f57c3ad8eb7f0d0dd40ebd4693d66ae3d82e1ff9c0fb2e5.php(20): Yee\Yee::handleErrors(8, 'Array to string...', 'C:\\wamp64\\www\\c...', 20, Array)
#1 C:\wamp64\www\Twig\Template.php(279): __TwigTemplate_28dd9030a9625e9a4f57c3ad8eb7f0d0dd40ebd4693d66ae3d82e1ff9c0fb2e5->doDisplay(Array, Array)
#2 C:\wamp64\www\Twig\Template.php(253): Twig_Template->displayWithErrorHandling(Array, Array)
#3 C:\wamp64\www\cache\templates_c\02\ce\9d6e49282a54f0be5c5ed44424e7ad67d07f6b07dd05d1da18c632f264f7.php(19): Twig_Template->display(Array)
#4 C:\wamp64\www\Twig\Template.php(279): __TwigTemplate_02ce9d6e49282a54f0be5c5ed44424e7ad67d07f6b07dd05d1da18c632f264f7->doDisplay(Array, Array)
#5 C:\wamp64\www\Twig\Template.php(253): Twig_Template->displayWithErrorHandling(Array, Array)
#6 C:\wamp64\www\Twig\Template.php(264): Twig_Template->display(Array)
#7 C:\wamp64\www\Yee\Views\Twig.php(91): Twig_Template->render(Array)
#8 C:\wamp64\www\Yee\View.php(255): Yee\Views\Twig->render('pages/signup.tp...', Array)
#9 C:\wamp64\www\Yee\View.php(243): Yee\View->fetch('pages/signup.tp...', NULL)
#10 C:\wamp64\www\Yee\Yee.php(764): Yee\View->display('pages/signup.tp...')
#11 C:\wamp64\www\App\Controllers\Signup\SignupController.php(19): Yee\Yee->render('pages/signup.tp...', Array)
#12 [internal function]: SignupController->indexAction('en')
#13 C:\wamp64\www\Yee\Managers\Controller\Controller.php(22): call_user_func_array(Array, Array)
#14 [internal function]: Yee\Managers\Controller\Controller::__callStatic('indexAction', Array)
#15 C:\wamp64\www\Yee\Route.php(462): call_user_func_array('SignupControlle...', Array)
#16 C:\wamp64\www\Yee\Yee.php(1333): Yee\Route->dispatch()
#17 C:\wamp64\www\Yee\Middleware\Flash.php(85): Yee\Yee->call()
#18 C:\wamp64\www\Yee\Middleware\MethodOverride.php(92): Yee\Middleware\Flash->call()
#19 C:\wamp64\www\Yee\Middleware\PrettyExceptions.php(67): Yee\Middleware\MethodOverride->call()
#20 C:\wamp64\www\Yee\Yee.php(1278): Yee\Middleware\PrettyExceptions->call()
#21 C:\wamp64\www\index.php(48): Yee\Yee->execute()
#22 {main}

Next Twig_Error_Runtime: An exception has been thrown during the rendering of a template ("Array to string conversion") in "./common/header.tpl" at line 1. in C:\wamp64\www\Twig\Template.php:294
Stack trace:
#0 C:\wamp64\www\Twig\Template.php(253): Twig_Template->displayWithErrorHandling(Array, Array)
#1 C:\wamp64\www\cache\templates_c\02\ce\9d6e49282a54f0be5c5ed44424e7ad67d07f6b07dd05d1da18c632f264f7.php(19): Twig_Template->display(Array)
#2 C:\wamp64\www\Twig\Template.php(279): __TwigTemplate_02ce9d6e49282a54f0be5c5ed44424e7ad67d07f6b07dd05d1da18c632f264f7->doDisplay(Array, Array)
#3 C:\wamp64\www\Twig\Template.php(253): Twig_Template->displayWithErrorHandling(Array, Array)
#4 C:\wamp64\www\Twig\Template.php(264): Twig_Template->display(Array)
#5 C:\wamp64\www\Yee\Views\Twig.php(91): Twig_Template->render(Array)
#6 C:\wamp64\www\Yee\View.php(255): Yee\Views\Twig->render('pages/signup.tp...', Array)
#7 C:\wamp64\www\Yee\View.php(243): Yee\View->fetch('pages/signup.tp...', NULL)
#8 C:\wamp64\www\Yee\Yee.php(764): Yee\View->display('pages/signup.tp...')
#9 C:\wamp64\www\App\Controllers\Signup\SignupController.php(19): Yee\Yee->render('pages/signup.tp...', Array)
#10 [internal function]: SignupController->indexAction('en')
#11 C:\wamp64\www\Yee\Managers\Controller\Controller.php(22): call_user_func_array(Array, Array)
#12 [internal function]: Yee\Managers\Controller\Controller::__callStatic('indexAction', Array)
#13 C:\wamp64\www\Yee\Route.php(462): call_user_func_array('SignupControlle...', Array)
#14 C:\wamp64\www\Yee\Yee.php(1333): Yee\Route->dispatch()
#15 C:\wamp64\www\Yee\Middleware\Flash.php(85): Yee\Yee->call()
#16 C:\wamp64\www\Yee\Middleware\MethodOverride.php(92): Yee\Middleware\Flash->call()
#17 C:\wamp64\www\Yee\Middleware\PrettyExceptions.php(67): Yee\Middleware\MethodOverride->call()
#18 C:\wamp64\www\Yee\Yee.php(1278): Yee\Middleware\PrettyExceptions->call()
#19 C:\wamp64\www\index.php(48): Yee\Yee->execute()
#20 {main}
ERROR - 2016-07-07 10:44:29 - ErrorException: Array to string conversion in C:\wamp64\www\cache\templates_c\28\dd\9030a9625e9a4f57c3ad8eb7f0d0dd40ebd4693d66ae3d82e1ff9c0fb2e5.php:20
Stack trace:
#0 C:\wamp64\www\cache\templates_c\28\dd\9030a9625e9a4f57c3ad8eb7f0d0dd40ebd4693d66ae3d82e1ff9c0fb2e5.php(20): Yee\Yee::handleErrors(8, 'Array to string...', 'C:\\wamp64\\www\\c...', 20, Array)
#1 C:\wamp64\www\Twig\Template.php(279): __TwigTemplate_28dd9030a9625e9a4f57c3ad8eb7f0d0dd40ebd4693d66ae3d82e1ff9c0fb2e5->doDisplay(Array, Array)
#2 C:\wamp64\www\Twig\Template.php(253): Twig_Template->displayWithErrorHandling(Array, Array)
#3 C:\wamp64\www\cache\templates_c\02\ce\9d6e49282a54f0be5c5ed44424e7ad67d07f6b07dd05d1da18c632f264f7.php(19): Twig_Template->display(Array)
#4 C:\wamp64\www\Twig\Template.php(279): __TwigTemplate_02ce9d6e49282a54f0be5c5ed44424e7ad67d07f6b07dd05d1da18c632f264f7->doDisplay(Array, Array)
#5 C:\wamp64\www\Twig\Template.php(253): Twig_Template->displayWithErrorHandling(Array, Array)
#6 C:\wamp64\www\Twig\Template.php(264): Twig_Template->display(Array)
#7 C:\wamp64\www\Yee\Views\Twig.php(91): Twig_Template->render(Array)
#8 C:\wamp64\www\Yee\View.php(255): Yee\Views\Twig->render('pages/signup.tp...', Array)
#9 C:\wamp64\www\Yee\View.php(243): Yee\View->fetch('pages/signup.tp...', NULL)
#10 C:\wamp64\www\Yee\Yee.php(764): Yee\View->display('pages/signup.tp...')
#11 C:\wamp64\www\App\Controllers\Signup\SignupController.php(19): Yee\Yee->render('pages/signup.tp...', Array)
#12 [internal function]: SignupController->indexAction('en')
#13 C:\wamp64\www\Yee\Managers\Controller\Controller.php(22): call_user_func_array(Array, Array)
#14 [internal function]: Yee\Managers\Controller\Controller::__callStatic('indexAction', Array)
#15 C:\wamp64\www\Yee\Route.php(462): call_user_func_array('SignupControlle...', Array)
#16 C:\wamp64\www\Yee\Yee.php(1333): Yee\Route->dispatch()
#17 C:\wamp64\www\Yee\Middleware\Flash.php(85): Yee\Yee->call()
#18 C:\wamp64\www\Yee\Middleware\MethodOverride.php(92): Yee\Middleware\Flash->call()
#19 C:\wamp64\www\Yee\Middleware\PrettyExceptions.php(67): Yee\Middleware\MethodOverride->call()
#20 C:\wamp64\www\Yee\Yee.php(1278): Yee\Middleware\PrettyExceptions->call()
#21 C:\wamp64\www\index.php(48): Yee\Yee->execute()
#22 {main}

Next Twig_Error_Runtime: An exception has been thrown during the rendering of a template ("Array to string conversion") in "./common/header.tpl" at line 1. in C:\wamp64\www\Twig\Template.php:294
Stack trace:
#0 C:\wamp64\www\Twig\Template.php(253): Twig_Template->displayWithErrorHandling(Array, Array)
#1 C:\wamp64\www\cache\templates_c\02\ce\9d6e49282a54f0be5c5ed44424e7ad67d07f6b07dd05d1da18c632f264f7.php(19): Twig_Template->display(Array)
#2 C:\wamp64\www\Twig\Template.php(279): __TwigTemplate_02ce9d6e49282a54f0be5c5ed44424e7ad67d07f6b07dd05d1da18c632f264f7->doDisplay(Array, Array)
#3 C:\wamp64\www\Twig\Template.php(253): Twig_Template->displayWithErrorHandling(Array, Array)
#4 C:\wamp64\www\Twig\Template.php(264): Twig_Template->display(Array)
#5 C:\wamp64\www\Yee\Views\Twig.php(91): Twig_Template->render(Array)
#6 C:\wamp64\www\Yee\View.php(255): Yee\Views\Twig->render('pages/signup.tp...', Array)
#7 C:\wamp64\www\Yee\View.php(243): Yee\View->fetch('pages/signup.tp...', NULL)
#8 C:\wamp64\www\Yee\Yee.php(764): Yee\View->display('pages/signup.tp...')
#9 C:\wamp64\www\App\Controllers\Signup\SignupController.php(19): Yee\Yee->render('pages/signup.tp...', Array)
#10 [internal function]: SignupController->indexAction('en')
#11 C:\wamp64\www\Yee\Managers\Controller\Controller.php(22): call_user_func_array(Array, Array)
#12 [internal function]: Yee\Managers\Controller\Controller::__callStatic('indexAction', Array)
#13 C:\wamp64\www\Yee\Route.php(462): call_user_func_array('SignupControlle...', Array)
#14 C:\wamp64\www\Yee\Yee.php(1333): Yee\Route->dispatch()
#15 C:\wamp64\www\Yee\Middleware\Flash.php(85): Yee\Yee->call()
#16 C:\wamp64\www\Yee\Middleware\MethodOverride.php(92): Yee\Middleware\Flash->call()
#17 C:\wamp64\www\Yee\Middleware\PrettyExceptions.php(67): Yee\Middleware\MethodOverride->call()
#18 C:\wamp64\www\Yee\Yee.php(1278): Yee\Middleware\PrettyExceptions->call()
#19 C:\wamp64\www\index.php(48): Yee\Yee->execute()
#20 {main}
ERROR - 2016-07-07 10:45:14 - Twig_Error_Syntax: Unexpected character "!" in "./common/header.tpl" at line 1 in C:\wamp64\www\Twig\Lexer.php:284
Stack trace:
#0 C:\wamp64\www\Twig\Lexer.php(216): Twig_Lexer->lexExpression()
#1 C:\wamp64\www\Twig\Lexer.php(115): Twig_Lexer->lexVar()
#2 C:\wamp64\www\Twig\Environment.php(469): Twig_Lexer->tokenize('<h1>{{peter.rea...', './common/header...')
#3 C:\wamp64\www\Twig\Environment.php(559): Twig_Environment->tokenize('<h1>{{peter.rea...', './common/header...')
#4 C:\wamp64\www\Twig\Environment.php(334): Twig_Environment->compileSource('<h1>{{peter.rea...', './common/header...')
#5 C:\wamp64\www\cache\templates_c\02\ce\9d6e49282a54f0be5c5ed44424e7ad67d07f6b07dd05d1da18c632f264f7.php(19): Twig_Environment->loadTemplate('./common/header...')
#6 C:\wamp64\www\Twig\Template.php(279): __TwigTemplate_02ce9d6e49282a54f0be5c5ed44424e7ad67d07f6b07dd05d1da18c632f264f7->doDisplay(Array, Array)
#7 C:\wamp64\www\Twig\Template.php(253): Twig_Template->displayWithErrorHandling(Array, Array)
#8 C:\wamp64\www\Twig\Template.php(264): Twig_Template->display(Array)
#9 C:\wamp64\www\Yee\Views\Twig.php(91): Twig_Template->render(Array)
#10 C:\wamp64\www\Yee\View.php(255): Yee\Views\Twig->render('pages/signup.tp...', Array)
#11 C:\wamp64\www\Yee\View.php(243): Yee\View->fetch('pages/signup.tp...', NULL)
#12 C:\wamp64\www\Yee\Yee.php(764): Yee\View->display('pages/signup.tp...')
#13 C:\wamp64\www\App\Controllers\Signup\SignupController.php(19): Yee\Yee->render('pages/signup.tp...', Array)
#14 [internal function]: SignupController->indexAction('en')
#15 C:\wamp64\www\Yee\Managers\Controller\Controller.php(22): call_user_func_array(Array, Array)
#16 [internal function]: Yee\Managers\Controller\Controller::__callStatic('indexAction', Array)
#17 C:\wamp64\www\Yee\Route.php(462): call_user_func_array('SignupControlle...', Array)
#18 C:\wamp64\www\Yee\Yee.php(1333): Yee\Route->dispatch()
#19 C:\wamp64\www\Yee\Middleware\Flash.php(85): Yee\Yee->call()
#20 C:\wamp64\www\Yee\Middleware\MethodOverride.php(92): Yee\Middleware\Flash->call()
#21 C:\wamp64\www\Yee\Middleware\PrettyExceptions.php(67): Yee\Middleware\MethodOverride->call()
#22 C:\wamp64\www\Yee\Yee.php(1278): Yee\Middleware\PrettyExceptions->call()
#23 C:\wamp64\www\index.php(48): Yee\Yee->execute()
#24 {main}
