ERROR - 2016-07-18 09:07:23 - exception 'ErrorException' with message 'Undefined property: SignupController::$data' in C:\wamp64\www\App\Controllers\SignUp\SignupController.php:87
Stack trace:
#0 C:\wamp64\www\App\Controllers\SignUp\SignupController.php(87): Yee\Yee::handleErrors(8, 'Undefined prope...', 'C:\\wamp64\\www\\A...', 87, Array)
#1 [internal function]: SignupController->postAction()
#2 C:\wamp64\www\Yee\Managers\Controller\Controller.php(22): call_user_func_array(Array, Array)
#3 [internal function]: Yee\Managers\Controller\Controller::__callStatic('___postAction', Array)
#4 [internal function]: SignupController::___postAction()
#5 C:\wamp64\www\Yee\Route.php(462): call_user_func_array('SignupControlle...', Array)
#6 C:\wamp64\www\Yee\Yee.php(1334): Yee\Route->dispatch()
#7 C:\wamp64\www\Yee\Middleware\Flash.php(85): Yee\Yee->call()
#8 C:\wamp64\www\Yee\Middleware\MethodOverride.php(92): Yee\Middleware\Flash->call()
#9 C:\wamp64\www\Yee\Middleware\PrettyExceptions.php(67): Yee\Middleware\MethodOverride->call()
#10 C:\wamp64\www\Yee\Yee.php(1279): Yee\Middleware\PrettyExceptions->call()
#11 C:\wamp64\www\index.php(48): Yee\Yee->execute()
#12 {main}
ERROR - 2016-07-18 09:07:27 - exception 'ErrorException' with message 'Undefined property: SignupController::$data' in C:\wamp64\www\App\Controllers\SignUp\SignupController.php:87
Stack trace:
#0 C:\wamp64\www\App\Controllers\SignUp\SignupController.php(87): Yee\Yee::handleErrors(8, 'Undefined prope...', 'C:\\wamp64\\www\\A...', 87, Array)
#1 [internal function]: SignupController->postAction()
#2 C:\wamp64\www\Yee\Managers\Controller\Controller.php(22): call_user_func_array(Array, Array)
#3 [internal function]: Yee\Managers\Controller\Controller::__callStatic('___postAction', Array)
#4 [internal function]: SignupController::___postAction()
#5 C:\wamp64\www\Yee\Route.php(462): call_user_func_array('SignupControlle...', Array)
#6 C:\wamp64\www\Yee\Yee.php(1334): Yee\Route->dispatch()
#7 C:\wamp64\www\Yee\Middleware\Flash.php(85): Yee\Yee->call()
#8 C:\wamp64\www\Yee\Middleware\MethodOverride.php(92): Yee\Middleware\Flash->call()
#9 C:\wamp64\www\Yee\Middleware\PrettyExceptions.php(67): Yee\Middleware\MethodOverride->call()
#10 C:\wamp64\www\Yee\Yee.php(1279): Yee\Middleware\PrettyExceptions->call()
#11 C:\wamp64\www\index.php(48): Yee\Yee->execute()
#12 {main}
ERROR - 2016-07-18 09:07:31 - exception 'ErrorException' with message 'Undefined property: SignupController::$data' in C:\wamp64\www\App\Controllers\SignUp\SignupController.php:88
Stack trace:
#0 C:\wamp64\www\App\Controllers\SignUp\SignupController.php(88): Yee\Yee::handleErrors(8, 'Undefined prope...', 'C:\\wamp64\\www\\A...', 88, Array)
#1 [internal function]: SignupController->postAction()
#2 C:\wamp64\www\Yee\Managers\Controller\Controller.php(22): call_user_func_array(Array, Array)
#3 [internal function]: Yee\Managers\Controller\Controller::__callStatic('___postAction', Array)
#4 [internal function]: SignupController::___postAction()
#5 C:\wamp64\www\Yee\Route.php(462): call_user_func_array('SignupControlle...', Array)
#6 C:\wamp64\www\Yee\Yee.php(1334): Yee\Route->dispatch()
#7 C:\wamp64\www\Yee\Middleware\Flash.php(85): Yee\Yee->call()
#8 C:\wamp64\www\Yee\Middleware\MethodOverride.php(92): Yee\Middleware\Flash->call()
#9 C:\wamp64\www\Yee\Middleware\PrettyExceptions.php(67): Yee\Middleware\MethodOverride->call()
#10 C:\wamp64\www\Yee\Yee.php(1279): Yee\Middleware\PrettyExceptions->call()
#11 C:\wamp64\www\index.php(48): Yee\Yee->execute()
#12 {main}
ERROR - 2016-07-18 09:37:57 - exception 'ErrorException' with message 'Use of undefined constant where - assumed 'where'' in C:\wamp64\www\App\Controllers\Ajax\AjaxController.php:35
Stack trace:
#0 C:\wamp64\www\App\Controllers\Ajax\AjaxController.php(35): Yee\Yee::handleErrors(8, 'Use of undefine...', 'C:\\wamp64\\www\\A...', 35, Array)
#1 [internal function]: AjaxController->postAction()
#2 C:\wamp64\www\Yee\Managers\Controller\Controller.php(22): call_user_func_array(Array, Array)
#3 [internal function]: Yee\Managers\Controller\Controller::__callStatic('___postAction', Array)
#4 [internal function]: AjaxController::___postAction()
#5 C:\wamp64\www\Yee\Route.php(462): call_user_func_array('AjaxController:...', Array)
#6 C:\wamp64\www\Yee\Yee.php(1334): Yee\Route->dispatch()
#7 C:\wamp64\www\Yee\Middleware\Flash.php(85): Yee\Yee->call()
#8 C:\wamp64\www\Yee\Middleware\MethodOverride.php(92): Yee\Middleware\Flash->call()
#9 C:\wamp64\www\Yee\Middleware\PrettyExceptions.php(67): Yee\Middleware\MethodOverride->call()
#10 C:\wamp64\www\Yee\Yee.php(1279): Yee\Middleware\PrettyExceptions->call()
#11 C:\wamp64\www\index.php(48): Yee\Yee->execute()
#12 {main}
ERROR - 2016-07-18 09:38:08 - exception 'ErrorException' with message 'Use of undefined constant where - assumed 'where'' in C:\wamp64\www\App\Controllers\Ajax\AjaxController.php:35
Stack trace:
#0 C:\wamp64\www\App\Controllers\Ajax\AjaxController.php(35): Yee\Yee::handleErrors(8, 'Use of undefine...', 'C:\\wamp64\\www\\A...', 35, Array)
#1 [internal function]: AjaxController->postAction()
#2 C:\wamp64\www\Yee\Managers\Controller\Controller.php(22): call_user_func_array(Array, Array)
#3 [internal function]: Yee\Managers\Controller\Controller::__callStatic('___postAction', Array)
#4 [internal function]: AjaxController::___postAction()
#5 C:\wamp64\www\Yee\Route.php(462): call_user_func_array('AjaxController:...', Array)
#6 C:\wamp64\www\Yee\Yee.php(1334): Yee\Route->dispatch()
#7 C:\wamp64\www\Yee\Middleware\Flash.php(85): Yee\Yee->call()
#8 C:\wamp64\www\Yee\Middleware\MethodOverride.php(92): Yee\Middleware\Flash->call()
#9 C:\wamp64\www\Yee\Middleware\PrettyExceptions.php(67): Yee\Middleware\MethodOverride->call()
#10 C:\wamp64\www\Yee\Yee.php(1279): Yee\Middleware\PrettyExceptions->call()
#11 C:\wamp64\www\index.php(48): Yee\Yee->execute()
#12 {main}
ERROR - 2016-07-18 09:38:46 - exception 'ErrorException' with message 'Use of undefined constant where - assumed 'where'' in C:\wamp64\www\App\Controllers\Ajax\AjaxController.php:35
Stack trace:
#0 C:\wamp64\www\App\Controllers\Ajax\AjaxController.php(35): Yee\Yee::handleErrors(8, 'Use of undefine...', 'C:\\wamp64\\www\\A...', 35, Array)
#1 [internal function]: AjaxController->postAction()
#2 C:\wamp64\www\Yee\Managers\Controller\Controller.php(22): call_user_func_array(Array, Array)
#3 [internal function]: Yee\Managers\Controller\Controller::__callStatic('___postAction', Array)
#4 [internal function]: AjaxController::___postAction()
#5 C:\wamp64\www\Yee\Route.php(462): call_user_func_array('AjaxController:...', Array)
#6 C:\wamp64\www\Yee\Yee.php(1334): Yee\Route->dispatch()
#7 C:\wamp64\www\Yee\Middleware\Flash.php(85): Yee\Yee->call()
#8 C:\wamp64\www\Yee\Middleware\MethodOverride.php(92): Yee\Middleware\Flash->call()
#9 C:\wamp64\www\Yee\Middleware\PrettyExceptions.php(67): Yee\Middleware\MethodOverride->call()
#10 C:\wamp64\www\Yee\Yee.php(1279): Yee\Middleware\PrettyExceptions->call()
#11 C:\wamp64\www\index.php(48): Yee\Yee->execute()
#12 {main}
ERROR - 2016-07-18 09:48:34 - exception 'ErrorException' with message 'Wrong parameter count for var_dump()' in C:\wamp64\www\App\Controllers\Ajax\AjaxController.php:35
Stack trace:
#0 [internal function]: Yee\Yee::handleErrors(2, 'Wrong parameter...', 'C:\\wamp64\\www\\A...', 35, Array)
#1 C:\wamp64\www\App\Controllers\Ajax\AjaxController.php(35): var_dump()
#2 [internal function]: AjaxController->postAction()
#3 C:\wamp64\www\Yee\Managers\Controller\Controller.php(22): call_user_func_array(Array, Array)
#4 [internal function]: Yee\Managers\Controller\Controller::__callStatic('___postAction', Array)
#5 [internal function]: AjaxController::___postAction()
#6 C:\wamp64\www\Yee\Route.php(462): call_user_func_array('AjaxController:...', Array)
#7 C:\wamp64\www\Yee\Yee.php(1334): Yee\Route->dispatch()
#8 C:\wamp64\www\Yee\Middleware\Flash.php(85): Yee\Yee->call()
#9 C:\wamp64\www\Yee\Middleware\MethodOverride.php(92): Yee\Middleware\Flash->call()
#10 C:\wamp64\www\Yee\Middleware\PrettyExceptions.php(67): Yee\Middleware\MethodOverride->call()
#11 C:\wamp64\www\Yee\Yee.php(1279): Yee\Middleware\PrettyExceptions->call()
#12 C:\wamp64\www\index.php(48): Yee\Yee->execute()
#13 {main}
ERROR - 2016-07-18 10:31:18 - exception 'ErrorException' with message 'Undefined index: email' in C:\wamp64\www\App\Controllers\Login\LoginController.php:32
Stack trace:
#0 C:\wamp64\www\App\Controllers\Login\LoginController.php(32): Yee\Yee::handleErrors(8, 'Undefined index...', 'C:\\wamp64\\www\\A...', 32, Array)
#1 [internal function]: LoginController->postAction()
#2 C:\wamp64\www\Yee\Managers\Controller\Controller.php(22): call_user_func_array(Array, Array)
#3 [internal function]: Yee\Managers\Controller\Controller::__callStatic('___postAction', Array)
#4 [internal function]: LoginController::___postAction()
#5 C:\wamp64\www\Yee\Route.php(462): call_user_func_array('LoginController...', Array)
#6 C:\wamp64\www\Yee\Yee.php(1334): Yee\Route->dispatch()
#7 C:\wamp64\www\Yee\Middleware\Flash.php(85): Yee\Yee->call()
#8 C:\wamp64\www\Yee\Middleware\MethodOverride.php(92): Yee\Middleware\Flash->call()
#9 C:\wamp64\www\Yee\Middleware\PrettyExceptions.php(67): Yee\Middleware\MethodOverride->call()
#10 C:\wamp64\www\Yee\Yee.php(1279): Yee\Middleware\PrettyExceptions->call()
#11 C:\wamp64\www\index.php(48): Yee\Yee->execute()
#12 {main}
ERROR - 2016-07-18 10:31:22 - exception 'ErrorException' with message 'Undefined index: email' in C:\wamp64\www\App\Controllers\Login\LoginController.php:32
Stack trace:
#0 C:\wamp64\www\App\Controllers\Login\LoginController.php(32): Yee\Yee::handleErrors(8, 'Undefined index...', 'C:\\wamp64\\www\\A...', 32, Array)
#1 [internal function]: LoginController->postAction()
#2 C:\wamp64\www\Yee\Managers\Controller\Controller.php(22): call_user_func_array(Array, Array)
#3 [internal function]: Yee\Managers\Controller\Controller::__callStatic('___postAction', Array)
#4 [internal function]: LoginController::___postAction()
#5 C:\wamp64\www\Yee\Route.php(462): call_user_func_array('LoginController...', Array)
#6 C:\wamp64\www\Yee\Yee.php(1334): Yee\Route->dispatch()
#7 C:\wamp64\www\Yee\Middleware\Flash.php(85): Yee\Yee->call()
#8 C:\wamp64\www\Yee\Middleware\MethodOverride.php(92): Yee\Middleware\Flash->call()
#9 C:\wamp64\www\Yee\Middleware\PrettyExceptions.php(67): Yee\Middleware\MethodOverride->call()
#10 C:\wamp64\www\Yee\Yee.php(1279): Yee\Middleware\PrettyExceptions->call()
#11 C:\wamp64\www\index.php(48): Yee\Yee->execute()
#12 {main}
ERROR - 2016-07-18 10:31:36 - exception 'ErrorException' with message 'Undefined variable: app' in C:\wamp64\www\App\Controllers\Login\LoginController.php:33
Stack trace:
#0 C:\wamp64\www\App\Controllers\Login\LoginController.php(33): Yee\Yee::handleErrors(8, 'Undefined varia...', 'C:\\wamp64\\www\\A...', 33, Array)
#1 [internal function]: LoginController->postAction()
#2 C:\wamp64\www\Yee\Managers\Controller\Controller.php(22): call_user_func_array(Array, Array)
#3 [internal function]: Yee\Managers\Controller\Controller::__callStatic('___postAction', Array)
#4 [internal function]: LoginController::___postAction()
#5 C:\wamp64\www\Yee\Route.php(462): call_user_func_array('LoginController...', Array)
#6 C:\wamp64\www\Yee\Yee.php(1334): Yee\Route->dispatch()
#7 C:\wamp64\www\Yee\Middleware\Flash.php(85): Yee\Yee->call()
#8 C:\wamp64\www\Yee\Middleware\MethodOverride.php(92): Yee\Middleware\Flash->call()
#9 C:\wamp64\www\Yee\Middleware\PrettyExceptions.php(67): Yee\Middleware\MethodOverride->call()
#10 C:\wamp64\www\Yee\Yee.php(1279): Yee\Middleware\PrettyExceptions->call()
#11 C:\wamp64\www\index.php(48): Yee\Yee->execute()
#12 {main}
ERROR - 2016-07-18 10:31:58 - exception 'ErrorException' with message 'Undefined index: email' in C:\wamp64\www\App\Controllers\Login\LoginController.php:38
Stack trace:
#0 C:\wamp64\www\App\Controllers\Login\LoginController.php(38): Yee\Yee::handleErrors(8, 'Undefined index...', 'C:\\wamp64\\www\\A...', 38, Array)
#1 [internal function]: LoginController->postAction()
#2 C:\wamp64\www\Yee\Managers\Controller\Controller.php(22): call_user_func_array(Array, Array)
#3 [internal function]: Yee\Managers\Controller\Controller::__callStatic('___postAction', Array)
#4 [internal function]: LoginController::___postAction()
#5 C:\wamp64\www\Yee\Route.php(462): call_user_func_array('LoginController...', Array)
#6 C:\wamp64\www\Yee\Yee.php(1334): Yee\Route->dispatch()
#7 C:\wamp64\www\Yee\Middleware\Flash.php(85): Yee\Yee->call()
#8 C:\wamp64\www\Yee\Middleware\MethodOverride.php(92): Yee\Middleware\Flash->call()
#9 C:\wamp64\www\Yee\Middleware\PrettyExceptions.php(67): Yee\Middleware\MethodOverride->call()
#10 C:\wamp64\www\Yee\Yee.php(1279): Yee\Middleware\PrettyExceptions->call()
#11 C:\wamp64\www\index.php(48): Yee\Yee->execute()
#12 {main}
ERROR - 2016-07-18 10:32:12 - exception 'ErrorException' with message 'Undefined index: email' in C:\wamp64\www\App\Controllers\Login\LoginController.php:38
Stack trace:
#0 C:\wamp64\www\App\Controllers\Login\LoginController.php(38): Yee\Yee::handleErrors(8, 'Undefined index...', 'C:\\wamp64\\www\\A...', 38, Array)
#1 [internal function]: LoginController->postAction()
#2 C:\wamp64\www\Yee\Managers\Controller\Controller.php(22): call_user_func_array(Array, Array)
#3 [internal function]: Yee\Managers\Controller\Controller::__callStatic('___postAction', Array)
#4 [internal function]: LoginController::___postAction()
#5 C:\wamp64\www\Yee\Route.php(462): call_user_func_array('LoginController...', Array)
#6 C:\wamp64\www\Yee\Yee.php(1334): Yee\Route->dispatch()
#7 C:\wamp64\www\Yee\Middleware\Flash.php(85): Yee\Yee->call()
#8 C:\wamp64\www\Yee\Middleware\MethodOverride.php(92): Yee\Middleware\Flash->call()
#9 C:\wamp64\www\Yee\Middleware\PrettyExceptions.php(67): Yee\Middleware\MethodOverride->call()
#10 C:\wamp64\www\Yee\Yee.php(1279): Yee\Middleware\PrettyExceptions->call()
#11 C:\wamp64\www\index.php(48): Yee\Yee->execute()
#12 {main}
ERROR - 2016-07-18 11:22:48 - exception 'ErrorException' with message 'Undefined property: AjaxController::$error' in C:\wamp64\www\App\Controllers\Ajax\AjaxController.php:63
Stack trace:
#0 C:\wamp64\www\App\Controllers\Ajax\AjaxController.php(63): Yee\Yee::handleErrors(8, 'Undefined prope...', 'C:\\wamp64\\www\\A...', 63, Array)
#1 [internal function]: AjaxController->postAction()
#2 C:\wamp64\www\Yee\Managers\Controller\Controller.php(22): call_user_func_array(Array, Array)
#3 [internal function]: Yee\Managers\Controller\Controller::__callStatic('___postAction', Array)
#4 [internal function]: AjaxController::___postAction()
#5 C:\wamp64\www\Yee\Route.php(462): call_user_func_array('AjaxController:...', Array)
#6 C:\wamp64\www\Yee\Yee.php(1334): Yee\Route->dispatch()
#7 C:\wamp64\www\Yee\Middleware\Flash.php(85): Yee\Yee->call()
#8 C:\wamp64\www\Yee\Middleware\MethodOverride.php(92): Yee\Middleware\Flash->call()
#9 C:\wamp64\www\Yee\Middleware\PrettyExceptions.php(67): Yee\Middleware\MethodOverride->call()
#10 C:\wamp64\www\Yee\Yee.php(1279): Yee\Middleware\PrettyExceptions->call()
#11 C:\wamp64\www\index.php(48): Yee\Yee->execute()
#12 {main}
ERROR - 2016-07-18 11:24:57 - exception 'ErrorException' with message 'json_encode() expects parameter 2 to be long, string given' in C:\wamp64\www\App\Controllers\Ajax\AjaxController.php:60
Stack trace:
#0 [internal function]: Yee\Yee::handleErrors(2, 'json_encode() e...', 'C:\\wamp64\\www\\A...', 60, Array)
#1 C:\wamp64\www\App\Controllers\Ajax\AjaxController.php(60): json_encode(Array, 'login')
#2 [internal function]: AjaxController->postAction()
#3 C:\wamp64\www\Yee\Managers\Controller\Controller.php(22): call_user_func_array(Array, Array)
#4 [internal function]: Yee\Managers\Controller\Controller::__callStatic('___postAction', Array)
#5 [internal function]: AjaxController::___postAction()
#6 C:\wamp64\www\Yee\Route.php(462): call_user_func_array('AjaxController:...', Array)
#7 C:\wamp64\www\Yee\Yee.php(1334): Yee\Route->dispatch()
#8 C:\wamp64\www\Yee\Middleware\Flash.php(85): Yee\Yee->call()
#9 C:\wamp64\www\Yee\Middleware\MethodOverride.php(92): Yee\Middleware\Flash->call()
#10 C:\wamp64\www\Yee\Middleware\PrettyExceptions.php(67): Yee\Middleware\MethodOverride->call()
#11 C:\wamp64\www\Yee\Yee.php(1279): Yee\Middleware\PrettyExceptions->call()
#12 C:\wamp64\www\index.php(48): Yee\Yee->execute()
#13 {main}
ERROR - 2016-07-18 11:27:29 - exception 'ErrorException' with message 'json_encode() expects parameter 2 to be long, string given' in C:\wamp64\www\App\Controllers\Ajax\AjaxController.php:64
Stack trace:
#0 [internal function]: Yee\Yee::handleErrors(2, 'json_encode() e...', 'C:\\wamp64\\www\\A...', 64, Array)
#1 C:\wamp64\www\App\Controllers\Ajax\AjaxController.php(64): json_encode(Array, 'login')
#2 [internal function]: AjaxController->postAction()
#3 C:\wamp64\www\Yee\Managers\Controller\Controller.php(22): call_user_func_array(Array, Array)
#4 [internal function]: Yee\Managers\Controller\Controller::__callStatic('___postAction', Array)
#5 [internal function]: AjaxController::___postAction()
#6 C:\wamp64\www\Yee\Route.php(462): call_user_func_array('AjaxController:...', Array)
#7 C:\wamp64\www\Yee\Yee.php(1334): Yee\Route->dispatch()
#8 C:\wamp64\www\Yee\Middleware\Flash.php(85): Yee\Yee->call()
#9 C:\wamp64\www\Yee\Middleware\MethodOverride.php(92): Yee\Middleware\Flash->call()
#10 C:\wamp64\www\Yee\Middleware\PrettyExceptions.php(67): Yee\Middleware\MethodOverride->call()
#11 C:\wamp64\www\Yee\Yee.php(1279): Yee\Middleware\PrettyExceptions->call()
#12 C:\wamp64\www\index.php(48): Yee\Yee->execute()
#13 {main}
ERROR - 2016-07-18 11:37:28 - exception 'Twig_Error_Syntax' with message 'Unknown tag name "foreach" in "./common/footer.tpl" at line 91' in C:\wamp64\www\Twig\Parser.php:182
Stack trace:
#0 C:\wamp64\www\Twig\Parser.php(95): Twig_Parser->subparse(NULL, false)
#1 C:\wamp64\www\Twig\Environment.php(507): Twig_Parser->parse(Object(Twig_TokenStream))
#2 C:\wamp64\www\Twig\Environment.php(559): Twig_Environment->parse(Object(Twig_TokenStream))
#3 C:\wamp64\www\Twig\Environment.php(334): Twig_Environment->compileSource('<div class="foo...', './common/footer...')
#4 C:\wamp64\www\cache\templates_c\f0\22\27d5213c618684c21fe32255d1233ef04336fc58de14a9bf26a630fdc112.php(55): Twig_Environment->loadTemplate('./common/footer...')
#5 C:\wamp64\www\Twig\Template.php(279): __TwigTemplate_f02227d5213c618684c21fe32255d1233ef04336fc58de14a9bf26a630fdc112->doDisplay(Array, Array)
#6 C:\wamp64\www\Twig\Template.php(253): Twig_Template->displayWithErrorHandling(Array, Array)
#7 C:\wamp64\www\Twig\Template.php(264): Twig_Template->display(Array)
#8 C:\wamp64\www\Yee\Views\Twig.php(91): Twig_Template->render(Array)
#9 C:\wamp64\www\Yee\View.php(254): Yee\Views\Twig->render('pages/login.tpl', NULL)
#10 C:\wamp64\www\Yee\View.php(242): Yee\View->fetch('pages/login.tpl', NULL)
#11 C:\wamp64\www\Yee\Yee.php(765): Yee\View->display('pages/login.tpl')
#12 C:\wamp64\www\App\Controllers\Ajax\AjaxController.php(21): Yee\Yee->render('pages/login.tpl', Array)
#13 [internal function]: AjaxController->indexAction()
#14 C:\wamp64\www\Yee\Managers\Controller\Controller.php(22): call_user_func_array(Array, Array)
#15 [internal function]: Yee\Managers\Controller\Controller::__callStatic('___indexAction', Array)
#16 [internal function]: AjaxController::___indexAction()
#17 C:\wamp64\www\Yee\Route.php(462): call_user_func_array('AjaxController:...', Array)
#18 C:\wamp64\www\Yee\Yee.php(1334): Yee\Route->dispatch()
#19 C:\wamp64\www\Yee\Middleware\Flash.php(85): Yee\Yee->call()
#20 C:\wamp64\www\Yee\Middleware\MethodOverride.php(92): Yee\Middleware\Flash->call()
#21 C:\wamp64\www\Yee\Middleware\PrettyExceptions.php(67): Yee\Middleware\MethodOverride->call()
#22 C:\wamp64\www\Yee\Yee.php(1279): Yee\Middleware\PrettyExceptions->call()
#23 C:\wamp64\www\index.php(48): Yee\Yee->execute()
#24 {main}
ERROR - 2016-07-18 11:55:29 - exception 'ErrorException' with message 'Array to string conversion' in C:\wamp64\www\cache\templates_c\a2\3f\b666cb4056783560813466a8bdfc54e7e4ed41dd77c31826d1a3d93f4429.php:110
Stack trace:
#0 C:\wamp64\www\cache\templates_c\a2\3f\b666cb4056783560813466a8bdfc54e7e4ed41dd77c31826d1a3d93f4429.php(110): Yee\Yee::handleErrors(8, 'Array to string...', 'C:\\wamp64\\www\\c...', 110, Array)
#1 C:\wamp64\www\Twig\Template.php(279): __TwigTemplate_a23fb666cb4056783560813466a8bdfc54e7e4ed41dd77c31826d1a3d93f4429->doDisplay(Array, Array)
#2 C:\wamp64\www\Twig\Template.php(253): Twig_Template->displayWithErrorHandling(Array, Array)
#3 C:\wamp64\www\cache\templates_c\f0\22\27d5213c618684c21fe32255d1233ef04336fc58de14a9bf26a630fdc112.php(55): Twig_Template->display(Array)
#4 C:\wamp64\www\Twig\Template.php(279): __TwigTemplate_f02227d5213c618684c21fe32255d1233ef04336fc58de14a9bf26a630fdc112->doDisplay(Array, Array)
#5 C:\wamp64\www\Twig\Template.php(253): Twig_Template->displayWithErrorHandling(Array, Array)
#6 C:\wamp64\www\Twig\Template.php(264): Twig_Template->display(Array)
#7 C:\wamp64\www\Yee\Views\Twig.php(91): Twig_Template->render(Array)
#8 C:\wamp64\www\Yee\View.php(254): Yee\Views\Twig->render('pages/login.tpl', NULL)
#9 C:\wamp64\www\Yee\View.php(242): Yee\View->fetch('pages/login.tpl', NULL)
#10 C:\wamp64\www\Yee\Yee.php(765): Yee\View->display('pages/login.tpl')
#11 C:\wamp64\www\App\Controllers\Ajax\AjaxController.php(28): Yee\Yee->render('pages/login.tpl', Array)
#12 [internal function]: AjaxController->indexAction()
#13 C:\wamp64\www\Yee\Managers\Controller\Controller.php(22): call_user_func_array(Array, Array)
#14 [internal function]: Yee\Managers\Controller\Controller::__callStatic('___indexAction', Array)
#15 [internal function]: AjaxController::___indexAction()
#16 C:\wamp64\www\Yee\Route.php(462): call_user_func_array('AjaxController:...', Array)
#17 C:\wamp64\www\Yee\Yee.php(1334): Yee\Route->dispatch()
#18 C:\wamp64\www\Yee\Middleware\Flash.php(85): Yee\Yee->call()
#19 C:\wamp64\www\Yee\Middleware\MethodOverride.php(92): Yee\Middleware\Flash->call()
#20 C:\wamp64\www\Yee\Middleware\PrettyExceptions.php(67): Yee\Middleware\MethodOverride->call()
#21 C:\wamp64\www\Yee\Yee.php(1279): Yee\Middleware\PrettyExceptions->call()
#22 C:\wamp64\www\index.php(48): Yee\Yee->execute()
#23 {main}

Next exception 'Twig_Error_Runtime' with message 'An exception has been thrown during the rendering of a template ("Array to string conversion") in "./common/footer.tpl" at line 90.' in C:\wamp64\www\Twig\Template.php:294
Stack trace:
#0 C:\wamp64\www\Twig\Template.php(253): Twig_Template->displayWithErrorHandling(Array, Array)
#1 C:\wamp64\www\cache\templates_c\f0\22\27d5213c618684c21fe32255d1233ef04336fc58de14a9bf26a630fdc112.php(55): Twig_Template->display(Array)
#2 C:\wamp64\www\Twig\Template.php(279): __TwigTemplate_f02227d5213c618684c21fe32255d1233ef04336fc58de14a9bf26a630fdc112->doDisplay(Array, Array)
#3 C:\wamp64\www\Twig\Template.php(253): Twig_Template->displayWithErrorHandling(Array, Array)
#4 C:\wamp64\www\Twig\Template.php(264): Twig_Template->display(Array)
#5 C:\wamp64\www\Yee\Views\Twig.php(91): Twig_Template->render(Array)
#6 C:\wamp64\www\Yee\View.php(254): Yee\Views\Twig->render('pages/login.tpl', NULL)
#7 C:\wamp64\www\Yee\View.php(242): Yee\View->fetch('pages/login.tpl', NULL)
#8 C:\wamp64\www\Yee\Yee.php(765): Yee\View->display('pages/login.tpl')
#9 C:\wamp64\www\App\Controllers\Ajax\AjaxController.php(28): Yee\Yee->render('pages/login.tpl', Array)
#10 [internal function]: AjaxController->indexAction()
#11 C:\wamp64\www\Yee\Managers\Controller\Controller.php(22): call_user_func_array(Array, Array)
#12 [internal function]: Yee\Managers\Controller\Controller::__callStatic('___indexAction', Array)
#13 [internal function]: AjaxController::___indexAction()
#14 C:\wamp64\www\Yee\Route.php(462): call_user_func_array('AjaxController:...', Array)
#15 C:\wamp64\www\Yee\Yee.php(1334): Yee\Route->dispatch()
#16 C:\wamp64\www\Yee\Middleware\Flash.php(85): Yee\Yee->call()
#17 C:\wamp64\www\Yee\Middleware\MethodOverride.php(92): Yee\Middleware\Flash->call()
#18 C:\wamp64\www\Yee\Middleware\PrettyExceptions.php(67): Yee\Middleware\MethodOverride->call()
#19 C:\wamp64\www\Yee\Yee.php(1279): Yee\Middleware\PrettyExceptions->call()
#20 C:\wamp64\www\index.php(48): Yee\Yee->execute()
#21 {main}
ERROR - 2016-07-18 11:55:35 - exception 'ErrorException' with message 'Array to string conversion' in C:\wamp64\www\cache\templates_c\a2\3f\b666cb4056783560813466a8bdfc54e7e4ed41dd77c31826d1a3d93f4429.php:110
Stack trace:
#0 C:\wamp64\www\cache\templates_c\a2\3f\b666cb4056783560813466a8bdfc54e7e4ed41dd77c31826d1a3d93f4429.php(110): Yee\Yee::handleErrors(8, 'Array to string...', 'C:\\wamp64\\www\\c...', 110, Array)
#1 C:\wamp64\www\Twig\Template.php(279): __TwigTemplate_a23fb666cb4056783560813466a8bdfc54e7e4ed41dd77c31826d1a3d93f4429->doDisplay(Array, Array)
#2 C:\wamp64\www\Twig\Template.php(253): Twig_Template->displayWithErrorHandling(Array, Array)
#3 C:\wamp64\www\cache\templates_c\f0\22\27d5213c618684c21fe32255d1233ef04336fc58de14a9bf26a630fdc112.php(55): Twig_Template->display(Array)
#4 C:\wamp64\www\Twig\Template.php(279): __TwigTemplate_f02227d5213c618684c21fe32255d1233ef04336fc58de14a9bf26a630fdc112->doDisplay(Array, Array)
#5 C:\wamp64\www\Twig\Template.php(253): Twig_Template->displayWithErrorHandling(Array, Array)
#6 C:\wamp64\www\Twig\Template.php(264): Twig_Template->display(Array)
#7 C:\wamp64\www\Yee\Views\Twig.php(91): Twig_Template->render(Array)
#8 C:\wamp64\www\Yee\View.php(254): Yee\Views\Twig->render('pages/login.tpl', NULL)
#9 C:\wamp64\www\Yee\View.php(242): Yee\View->fetch('pages/login.tpl', NULL)
#10 C:\wamp64\www\Yee\Yee.php(765): Yee\View->display('pages/login.tpl')
#11 C:\wamp64\www\App\Controllers\Ajax\AjaxController.php(28): Yee\Yee->render('pages/login.tpl', Array)
#12 [internal function]: AjaxController->indexAction()
#13 C:\wamp64\www\Yee\Managers\Controller\Controller.php(22): call_user_func_array(Array, Array)
#14 [internal function]: Yee\Managers\Controller\Controller::__callStatic('___indexAction', Array)
#15 [internal function]: AjaxController::___indexAction()
#16 C:\wamp64\www\Yee\Route.php(462): call_user_func_array('AjaxController:...', Array)
#17 C:\wamp64\www\Yee\Yee.php(1334): Yee\Route->dispatch()
#18 C:\wamp64\www\Yee\Middleware\Flash.php(85): Yee\Yee->call()
#19 C:\wamp64\www\Yee\Middleware\MethodOverride.php(92): Yee\Middleware\Flash->call()
#20 C:\wamp64\www\Yee\Middleware\PrettyExceptions.php(67): Yee\Middleware\MethodOverride->call()
#21 C:\wamp64\www\Yee\Yee.php(1279): Yee\Middleware\PrettyExceptions->call()
#22 C:\wamp64\www\index.php(48): Yee\Yee->execute()
#23 {main}

Next exception 'Twig_Error_Runtime' with message 'An exception has been thrown during the rendering of a template ("Array to string conversion") in "./common/footer.tpl" at line 90.' in C:\wamp64\www\Twig\Template.php:294
Stack trace:
#0 C:\wamp64\www\Twig\Template.php(253): Twig_Template->displayWithErrorHandling(Array, Array)
#1 C:\wamp64\www\cache\templates_c\f0\22\27d5213c618684c21fe32255d1233ef04336fc58de14a9bf26a630fdc112.php(55): Twig_Template->display(Array)
#2 C:\wamp64\www\Twig\Template.php(279): __TwigTemplate_f02227d5213c618684c21fe32255d1233ef04336fc58de14a9bf26a630fdc112->doDisplay(Array, Array)
#3 C:\wamp64\www\Twig\Template.php(253): Twig_Template->displayWithErrorHandling(Array, Array)
#4 C:\wamp64\www\Twig\Template.php(264): Twig_Template->display(Array)
#5 C:\wamp64\www\Yee\Views\Twig.php(91): Twig_Template->render(Array)
#6 C:\wamp64\www\Yee\View.php(254): Yee\Views\Twig->render('pages/login.tpl', NULL)
#7 C:\wamp64\www\Yee\View.php(242): Yee\View->fetch('pages/login.tpl', NULL)
#8 C:\wamp64\www\Yee\Yee.php(765): Yee\View->display('pages/login.tpl')
#9 C:\wamp64\www\App\Controllers\Ajax\AjaxController.php(28): Yee\Yee->render('pages/login.tpl', Array)
#10 [internal function]: AjaxController->indexAction()
#11 C:\wamp64\www\Yee\Managers\Controller\Controller.php(22): call_user_func_array(Array, Array)
#12 [internal function]: Yee\Managers\Controller\Controller::__callStatic('___indexAction', Array)
#13 [internal function]: AjaxController::___indexAction()
#14 C:\wamp64\www\Yee\Route.php(462): call_user_func_array('AjaxController:...', Array)
#15 C:\wamp64\www\Yee\Yee.php(1334): Yee\Route->dispatch()
#16 C:\wamp64\www\Yee\Middleware\Flash.php(85): Yee\Yee->call()
#17 C:\wamp64\www\Yee\Middleware\MethodOverride.php(92): Yee\Middleware\Flash->call()
#18 C:\wamp64\www\Yee\Middleware\PrettyExceptions.php(67): Yee\Middleware\MethodOverride->call()
#19 C:\wamp64\www\Yee\Yee.php(1279): Yee\Middleware\PrettyExceptions->call()
#20 C:\wamp64\www\index.php(48): Yee\Yee->execute()
#21 {main}
ERROR - 2016-07-18 11:55:47 - exception 'ErrorException' with message 'Array to string conversion' in C:\wamp64\www\cache\templates_c\a2\3f\b666cb4056783560813466a8bdfc54e7e4ed41dd77c31826d1a3d93f4429.php:110
Stack trace:
#0 C:\wamp64\www\cache\templates_c\a2\3f\b666cb4056783560813466a8bdfc54e7e4ed41dd77c31826d1a3d93f4429.php(110): Yee\Yee::handleErrors(8, 'Array to string...', 'C:\\wamp64\\www\\c...', 110, Array)
#1 C:\wamp64\www\Twig\Template.php(279): __TwigTemplate_a23fb666cb4056783560813466a8bdfc54e7e4ed41dd77c31826d1a3d93f4429->doDisplay(Array, Array)
#2 C:\wamp64\www\Twig\Template.php(253): Twig_Template->displayWithErrorHandling(Array, Array)
#3 C:\wamp64\www\cache\templates_c\f0\22\27d5213c618684c21fe32255d1233ef04336fc58de14a9bf26a630fdc112.php(55): Twig_Template->display(Array)
#4 C:\wamp64\www\Twig\Template.php(279): __TwigTemplate_f02227d5213c618684c21fe32255d1233ef04336fc58de14a9bf26a630fdc112->doDisplay(Array, Array)
#5 C:\wamp64\www\Twig\Template.php(253): Twig_Template->displayWithErrorHandling(Array, Array)
#6 C:\wamp64\www\Twig\Template.php(264): Twig_Template->display(Array)
#7 C:\wamp64\www\Yee\Views\Twig.php(91): Twig_Template->render(Array)
#8 C:\wamp64\www\Yee\View.php(254): Yee\Views\Twig->render('pages/login.tpl', NULL)
#9 C:\wamp64\www\Yee\View.php(242): Yee\View->fetch('pages/login.tpl', NULL)
#10 C:\wamp64\www\Yee\Yee.php(765): Yee\View->display('pages/login.tpl')
#11 C:\wamp64\www\App\Controllers\Ajax\AjaxController.php(28): Yee\Yee->render('pages/login.tpl', Array)
#12 [internal function]: AjaxController->indexAction()
#13 C:\wamp64\www\Yee\Managers\Controller\Controller.php(22): call_user_func_array(Array, Array)
#14 [internal function]: Yee\Managers\Controller\Controller::__callStatic('___indexAction', Array)
#15 [internal function]: AjaxController::___indexAction()
#16 C:\wamp64\www\Yee\Route.php(462): call_user_func_array('AjaxController:...', Array)
#17 C:\wamp64\www\Yee\Yee.php(1334): Yee\Route->dispatch()
#18 C:\wamp64\www\Yee\Middleware\Flash.php(85): Yee\Yee->call()
#19 C:\wamp64\www\Yee\Middleware\MethodOverride.php(92): Yee\Middleware\Flash->call()
#20 C:\wamp64\www\Yee\Middleware\PrettyExceptions.php(67): Yee\Middleware\MethodOverride->call()
#21 C:\wamp64\www\Yee\Yee.php(1279): Yee\Middleware\PrettyExceptions->call()
#22 C:\wamp64\www\index.php(48): Yee\Yee->execute()
#23 {main}

Next exception 'Twig_Error_Runtime' with message 'An exception has been thrown during the rendering of a template ("Array to string conversion") in "./common/footer.tpl" at line 90.' in C:\wamp64\www\Twig\Template.php:294
Stack trace:
#0 C:\wamp64\www\Twig\Template.php(253): Twig_Template->displayWithErrorHandling(Array, Array)
#1 C:\wamp64\www\cache\templates_c\f0\22\27d5213c618684c21fe32255d1233ef04336fc58de14a9bf26a630fdc112.php(55): Twig_Template->display(Array)
#2 C:\wamp64\www\Twig\Template.php(279): __TwigTemplate_f02227d5213c618684c21fe32255d1233ef04336fc58de14a9bf26a630fdc112->doDisplay(Array, Array)
#3 C:\wamp64\www\Twig\Template.php(253): Twig_Template->displayWithErrorHandling(Array, Array)
#4 C:\wamp64\www\Twig\Template.php(264): Twig_Template->display(Array)
#5 C:\wamp64\www\Yee\Views\Twig.php(91): Twig_Template->render(Array)
#6 C:\wamp64\www\Yee\View.php(254): Yee\Views\Twig->render('pages/login.tpl', NULL)
#7 C:\wamp64\www\Yee\View.php(242): Yee\View->fetch('pages/login.tpl', NULL)
#8 C:\wamp64\www\Yee\Yee.php(765): Yee\View->display('pages/login.tpl')
#9 C:\wamp64\www\App\Controllers\Ajax\AjaxController.php(28): Yee\Yee->render('pages/login.tpl', Array)
#10 [internal function]: AjaxController->indexAction()
#11 C:\wamp64\www\Yee\Managers\Controller\Controller.php(22): call_user_func_array(Array, Array)
#12 [internal function]: Yee\Managers\Controller\Controller::__callStatic('___indexAction', Array)
#13 [internal function]: AjaxController::___indexAction()
#14 C:\wamp64\www\Yee\Route.php(462): call_user_func_array('AjaxController:...', Array)
#15 C:\wamp64\www\Yee\Yee.php(1334): Yee\Route->dispatch()
#16 C:\wamp64\www\Yee\Middleware\Flash.php(85): Yee\Yee->call()
#17 C:\wamp64\www\Yee\Middleware\MethodOverride.php(92): Yee\Middleware\Flash->call()
#18 C:\wamp64\www\Yee\Middleware\PrettyExceptions.php(67): Yee\Middleware\MethodOverride->call()
#19 C:\wamp64\www\Yee\Yee.php(1279): Yee\Middleware\PrettyExceptions->call()
#20 C:\wamp64\www\index.php(48): Yee\Yee->execute()
#21 {main}
ERROR - 2016-07-18 11:56:43 - exception 'ErrorException' with message 'Array to string conversion' in C:\wamp64\www\cache\templates_c\f0\22\27d5213c618684c21fe32255d1233ef04336fc58de14a9bf26a630fdc112.php:51
Stack trace:
#0 C:\wamp64\www\cache\templates_c\f0\22\27d5213c618684c21fe32255d1233ef04336fc58de14a9bf26a630fdc112.php(51): Yee\Yee::handleErrors(8, 'Array to string...', 'C:\\wamp64\\www\\c...', 51, Array)
#1 C:\wamp64\www\Twig\Template.php(279): __TwigTemplate_f02227d5213c618684c21fe32255d1233ef04336fc58de14a9bf26a630fdc112->doDisplay(Array, Array)
#2 C:\wamp64\www\Twig\Template.php(253): Twig_Template->displayWithErrorHandling(Array, Array)
#3 C:\wamp64\www\Twig\Template.php(264): Twig_Template->display(Array)
#4 C:\wamp64\www\Yee\Views\Twig.php(91): Twig_Template->render(Array)
#5 C:\wamp64\www\Yee\View.php(254): Yee\Views\Twig->render('pages/login.tpl', NULL)
#6 C:\wamp64\www\Yee\View.php(242): Yee\View->fetch('pages/login.tpl', NULL)
#7 C:\wamp64\www\Yee\Yee.php(765): Yee\View->display('pages/login.tpl')
#8 C:\wamp64\www\App\Controllers\Ajax\AjaxController.php(28): Yee\Yee->render('pages/login.tpl', Array)
#9 [internal function]: AjaxController->indexAction()
#10 C:\wamp64\www\Yee\Managers\Controller\Controller.php(22): call_user_func_array(Array, Array)
#11 [internal function]: Yee\Managers\Controller\Controller::__callStatic('___indexAction', Array)
#12 [internal function]: AjaxController::___indexAction()
#13 C:\wamp64\www\Yee\Route.php(462): call_user_func_array('AjaxController:...', Array)
#14 C:\wamp64\www\Yee\Yee.php(1334): Yee\Route->dispatch()
#15 C:\wamp64\www\Yee\Middleware\Flash.php(85): Yee\Yee->call()
#16 C:\wamp64\www\Yee\Middleware\MethodOverride.php(92): Yee\Middleware\Flash->call()
#17 C:\wamp64\www\Yee\Middleware\PrettyExceptions.php(67): Yee\Middleware\MethodOverride->call()
#18 C:\wamp64\www\Yee\Yee.php(1279): Yee\Middleware\PrettyExceptions->call()
#19 C:\wamp64\www\index.php(48): Yee\Yee->execute()
#20 {main}

Next exception 'Twig_Error_Runtime' with message 'An exception has been thrown during the rendering of a template ("Array to string conversion") in "pages/login.tpl" at line 30.' in C:\wamp64\www\Twig\Template.php:294
Stack trace:
#0 C:\wamp64\www\Twig\Template.php(253): Twig_Template->displayWithErrorHandling(Array, Array)
#1 C:\wamp64\www\Twig\Template.php(264): Twig_Template->display(Array)
#2 C:\wamp64\www\Yee\Views\Twig.php(91): Twig_Template->render(Array)
#3 C:\wamp64\www\Yee\View.php(254): Yee\Views\Twig->render('pages/login.tpl', NULL)
#4 C:\wamp64\www\Yee\View.php(242): Yee\View->fetch('pages/login.tpl', NULL)
#5 C:\wamp64\www\Yee\Yee.php(765): Yee\View->display('pages/login.tpl')
#6 C:\wamp64\www\App\Controllers\Ajax\AjaxController.php(28): Yee\Yee->render('pages/login.tpl', Array)
#7 [internal function]: AjaxController->indexAction()
#8 C:\wamp64\www\Yee\Managers\Controller\Controller.php(22): call_user_func_array(Array, Array)
#9 [internal function]: Yee\Managers\Controller\Controller::__callStatic('___indexAction', Array)
#10 [internal function]: AjaxController::___indexAction()
#11 C:\wamp64\www\Yee\Route.php(462): call_user_func_array('AjaxController:...', Array)
#12 C:\wamp64\www\Yee\Yee.php(1334): Yee\Route->dispatch()
#13 C:\wamp64\www\Yee\Middleware\Flash.php(85): Yee\Yee->call()
#14 C:\wamp64\www\Yee\Middleware\MethodOverride.php(92): Yee\Middleware\Flash->call()
#15 C:\wamp64\www\Yee\Middleware\PrettyExceptions.php(67): Yee\Middleware\MethodOverride->call()
#16 C:\wamp64\www\Yee\Yee.php(1279): Yee\Middleware\PrettyExceptions->call()
#17 C:\wamp64\www\index.php(48): Yee\Yee->execute()
#18 {main}
ERROR - 2016-07-18 11:56:53 - exception 'ErrorException' with message 'Array to string conversion' in C:\wamp64\www\cache\templates_c\f0\22\27d5213c618684c21fe32255d1233ef04336fc58de14a9bf26a630fdc112.php:51
Stack trace:
#0 C:\wamp64\www\cache\templates_c\f0\22\27d5213c618684c21fe32255d1233ef04336fc58de14a9bf26a630fdc112.php(51): Yee\Yee::handleErrors(8, 'Array to string...', 'C:\\wamp64\\www\\c...', 51, Array)
#1 C:\wamp64\www\Twig\Template.php(279): __TwigTemplate_f02227d5213c618684c21fe32255d1233ef04336fc58de14a9bf26a630fdc112->doDisplay(Array, Array)
#2 C:\wamp64\www\Twig\Template.php(253): Twig_Template->displayWithErrorHandling(Array, Array)
#3 C:\wamp64\www\Twig\Template.php(264): Twig_Template->display(Array)
#4 C:\wamp64\www\Yee\Views\Twig.php(91): Twig_Template->render(Array)
#5 C:\wamp64\www\Yee\View.php(254): Yee\Views\Twig->render('pages/login.tpl', NULL)
#6 C:\wamp64\www\Yee\View.php(242): Yee\View->fetch('pages/login.tpl', NULL)
#7 C:\wamp64\www\Yee\Yee.php(765): Yee\View->display('pages/login.tpl')
#8 C:\wamp64\www\App\Controllers\Ajax\AjaxController.php(28): Yee\Yee->render('pages/login.tpl', Array)
#9 [internal function]: AjaxController->indexAction()
#10 C:\wamp64\www\Yee\Managers\Controller\Controller.php(22): call_user_func_array(Array, Array)
#11 [internal function]: Yee\Managers\Controller\Controller::__callStatic('___indexAction', Array)
#12 [internal function]: AjaxController::___indexAction()
#13 C:\wamp64\www\Yee\Route.php(462): call_user_func_array('AjaxController:...', Array)
#14 C:\wamp64\www\Yee\Yee.php(1334): Yee\Route->dispatch()
#15 C:\wamp64\www\Yee\Middleware\Flash.php(85): Yee\Yee->call()
#16 C:\wamp64\www\Yee\Middleware\MethodOverride.php(92): Yee\Middleware\Flash->call()
#17 C:\wamp64\www\Yee\Middleware\PrettyExceptions.php(67): Yee\Middleware\MethodOverride->call()
#18 C:\wamp64\www\Yee\Yee.php(1279): Yee\Middleware\PrettyExceptions->call()
#19 C:\wamp64\www\index.php(48): Yee\Yee->execute()
#20 {main}

Next exception 'Twig_Error_Runtime' with message 'An exception has been thrown during the rendering of a template ("Array to string conversion") in "pages/login.tpl" at line 30.' in C:\wamp64\www\Twig\Template.php:294
Stack trace:
#0 C:\wamp64\www\Twig\Template.php(253): Twig_Template->displayWithErrorHandling(Array, Array)
#1 C:\wamp64\www\Twig\Template.php(264): Twig_Template->display(Array)
#2 C:\wamp64\www\Yee\Views\Twig.php(91): Twig_Template->render(Array)
#3 C:\wamp64\www\Yee\View.php(254): Yee\Views\Twig->render('pages/login.tpl', NULL)
#4 C:\wamp64\www\Yee\View.php(242): Yee\View->fetch('pages/login.tpl', NULL)
#5 C:\wamp64\www\Yee\Yee.php(765): Yee\View->display('pages/login.tpl')
#6 C:\wamp64\www\App\Controllers\Ajax\AjaxController.php(28): Yee\Yee->render('pages/login.tpl', Array)
#7 [internal function]: AjaxController->indexAction()
#8 C:\wamp64\www\Yee\Managers\Controller\Controller.php(22): call_user_func_array(Array, Array)
#9 [internal function]: Yee\Managers\Controller\Controller::__callStatic('___indexAction', Array)
#10 [internal function]: AjaxController::___indexAction()
#11 C:\wamp64\www\Yee\Route.php(462): call_user_func_array('AjaxController:...', Array)
#12 C:\wamp64\www\Yee\Yee.php(1334): Yee\Route->dispatch()
#13 C:\wamp64\www\Yee\Middleware\Flash.php(85): Yee\Yee->call()
#14 C:\wamp64\www\Yee\Middleware\MethodOverride.php(92): Yee\Middleware\Flash->call()
#15 C:\wamp64\www\Yee\Middleware\PrettyExceptions.php(67): Yee\Middleware\MethodOverride->call()
#16 C:\wamp64\www\Yee\Yee.php(1279): Yee\Middleware\PrettyExceptions->call()
#17 C:\wamp64\www\index.php(48): Yee\Yee->execute()
#18 {main}
ERROR - 2016-07-18 11:57:19 - exception 'ErrorException' with message 'Array to string conversion' in C:\wamp64\www\cache\templates_c\f0\22\27d5213c618684c21fe32255d1233ef04336fc58de14a9bf26a630fdc112.php:51
Stack trace:
#0 C:\wamp64\www\cache\templates_c\f0\22\27d5213c618684c21fe32255d1233ef04336fc58de14a9bf26a630fdc112.php(51): Yee\Yee::handleErrors(8, 'Array to string...', 'C:\\wamp64\\www\\c...', 51, Array)
#1 C:\wamp64\www\Twig\Template.php(279): __TwigTemplate_f02227d5213c618684c21fe32255d1233ef04336fc58de14a9bf26a630fdc112->doDisplay(Array, Array)
#2 C:\wamp64\www\Twig\Template.php(253): Twig_Template->displayWithErrorHandling(Array, Array)
#3 C:\wamp64\www\Twig\Template.php(264): Twig_Template->display(Array)
#4 C:\wamp64\www\Yee\Views\Twig.php(91): Twig_Template->render(Array)
#5 C:\wamp64\www\Yee\View.php(254): Yee\Views\Twig->render('pages/login.tpl', NULL)
#6 C:\wamp64\www\Yee\View.php(242): Yee\View->fetch('pages/login.tpl', NULL)
#7 C:\wamp64\www\Yee\Yee.php(765): Yee\View->display('pages/login.tpl')
#8 C:\wamp64\www\App\Controllers\Ajax\AjaxController.php(28): Yee\Yee->render('pages/login.tpl', Array)
#9 [internal function]: AjaxController->indexAction()
#10 C:\wamp64\www\Yee\Managers\Controller\Controller.php(22): call_user_func_array(Array, Array)
#11 [internal function]: Yee\Managers\Controller\Controller::__callStatic('___indexAction', Array)
#12 [internal function]: AjaxController::___indexAction()
#13 C:\wamp64\www\Yee\Route.php(462): call_user_func_array('AjaxController:...', Array)
#14 C:\wamp64\www\Yee\Yee.php(1334): Yee\Route->dispatch()
#15 C:\wamp64\www\Yee\Middleware\Flash.php(85): Yee\Yee->call()
#16 C:\wamp64\www\Yee\Middleware\MethodOverride.php(92): Yee\Middleware\Flash->call()
#17 C:\wamp64\www\Yee\Middleware\PrettyExceptions.php(67): Yee\Middleware\MethodOverride->call()
#18 C:\wamp64\www\Yee\Yee.php(1279): Yee\Middleware\PrettyExceptions->call()
#19 C:\wamp64\www\index.php(48): Yee\Yee->execute()
#20 {main}

Next exception 'Twig_Error_Runtime' with message 'An exception has been thrown during the rendering of a template ("Array to string conversion") in "pages/login.tpl" at line 30.' in C:\wamp64\www\Twig\Template.php:294
Stack trace:
#0 C:\wamp64\www\Twig\Template.php(253): Twig_Template->displayWithErrorHandling(Array, Array)
#1 C:\wamp64\www\Twig\Template.php(264): Twig_Template->display(Array)
#2 C:\wamp64\www\Yee\Views\Twig.php(91): Twig_Template->render(Array)
#3 C:\wamp64\www\Yee\View.php(254): Yee\Views\Twig->render('pages/login.tpl', NULL)
#4 C:\wamp64\www\Yee\View.php(242): Yee\View->fetch('pages/login.tpl', NULL)
#5 C:\wamp64\www\Yee\Yee.php(765): Yee\View->display('pages/login.tpl')
#6 C:\wamp64\www\App\Controllers\Ajax\AjaxController.php(28): Yee\Yee->render('pages/login.tpl', Array)
#7 [internal function]: AjaxController->indexAction()
#8 C:\wamp64\www\Yee\Managers\Controller\Controller.php(22): call_user_func_array(Array, Array)
#9 [internal function]: Yee\Managers\Controller\Controller::__callStatic('___indexAction', Array)
#10 [internal function]: AjaxController::___indexAction()
#11 C:\wamp64\www\Yee\Route.php(462): call_user_func_array('AjaxController:...', Array)
#12 C:\wamp64\www\Yee\Yee.php(1334): Yee\Route->dispatch()
#13 C:\wamp64\www\Yee\Middleware\Flash.php(85): Yee\Yee->call()
#14 C:\wamp64\www\Yee\Middleware\MethodOverride.php(92): Yee\Middleware\Flash->call()
#15 C:\wamp64\www\Yee\Middleware\PrettyExceptions.php(67): Yee\Middleware\MethodOverride->call()
#16 C:\wamp64\www\Yee\Yee.php(1279): Yee\Middleware\PrettyExceptions->call()
#17 C:\wamp64\www\index.php(48): Yee\Yee->execute()
#18 {main}
ERROR - 2016-07-18 11:57:21 - exception 'ErrorException' with message 'Array to string conversion' in C:\wamp64\www\cache\templates_c\f0\22\27d5213c618684c21fe32255d1233ef04336fc58de14a9bf26a630fdc112.php:51
Stack trace:
#0 C:\wamp64\www\cache\templates_c\f0\22\27d5213c618684c21fe32255d1233ef04336fc58de14a9bf26a630fdc112.php(51): Yee\Yee::handleErrors(8, 'Array to string...', 'C:\\wamp64\\www\\c...', 51, Array)
#1 C:\wamp64\www\Twig\Template.php(279): __TwigTemplate_f02227d5213c618684c21fe32255d1233ef04336fc58de14a9bf26a630fdc112->doDisplay(Array, Array)
#2 C:\wamp64\www\Twig\Template.php(253): Twig_Template->displayWithErrorHandling(Array, Array)
#3 C:\wamp64\www\Twig\Template.php(264): Twig_Template->display(Array)
#4 C:\wamp64\www\Yee\Views\Twig.php(91): Twig_Template->render(Array)
#5 C:\wamp64\www\Yee\View.php(254): Yee\Views\Twig->render('pages/login.tpl', NULL)
#6 C:\wamp64\www\Yee\View.php(242): Yee\View->fetch('pages/login.tpl', NULL)
#7 C:\wamp64\www\Yee\Yee.php(765): Yee\View->display('pages/login.tpl')
#8 C:\wamp64\www\App\Controllers\Ajax\AjaxController.php(28): Yee\Yee->render('pages/login.tpl', Array)
#9 [internal function]: AjaxController->indexAction()
#10 C:\wamp64\www\Yee\Managers\Controller\Controller.php(22): call_user_func_array(Array, Array)
#11 [internal function]: Yee\Managers\Controller\Controller::__callStatic('___indexAction', Array)
#12 [internal function]: AjaxController::___indexAction()
#13 C:\wamp64\www\Yee\Route.php(462): call_user_func_array('AjaxController:...', Array)
#14 C:\wamp64\www\Yee\Yee.php(1334): Yee\Route->dispatch()
#15 C:\wamp64\www\Yee\Middleware\Flash.php(85): Yee\Yee->call()
#16 C:\wamp64\www\Yee\Middleware\MethodOverride.php(92): Yee\Middleware\Flash->call()
#17 C:\wamp64\www\Yee\Middleware\PrettyExceptions.php(67): Yee\Middleware\MethodOverride->call()
#18 C:\wamp64\www\Yee\Yee.php(1279): Yee\Middleware\PrettyExceptions->call()
#19 C:\wamp64\www\index.php(48): Yee\Yee->execute()
#20 {main}

Next exception 'Twig_Error_Runtime' with message 'An exception has been thrown during the rendering of a template ("Array to string conversion") in "pages/login.tpl" at line 30.' in C:\wamp64\www\Twig\Template.php:294
Stack trace:
#0 C:\wamp64\www\Twig\Template.php(253): Twig_Template->displayWithErrorHandling(Array, Array)
#1 C:\wamp64\www\Twig\Template.php(264): Twig_Template->display(Array)
#2 C:\wamp64\www\Yee\Views\Twig.php(91): Twig_Template->render(Array)
#3 C:\wamp64\www\Yee\View.php(254): Yee\Views\Twig->render('pages/login.tpl', NULL)
#4 C:\wamp64\www\Yee\View.php(242): Yee\View->fetch('pages/login.tpl', NULL)
#5 C:\wamp64\www\Yee\Yee.php(765): Yee\View->display('pages/login.tpl')
#6 C:\wamp64\www\App\Controllers\Ajax\AjaxController.php(28): Yee\Yee->render('pages/login.tpl', Array)
#7 [internal function]: AjaxController->indexAction()
#8 C:\wamp64\www\Yee\Managers\Controller\Controller.php(22): call_user_func_array(Array, Array)
#9 [internal function]: Yee\Managers\Controller\Controller::__callStatic('___indexAction', Array)
#10 [internal function]: AjaxController::___indexAction()
#11 C:\wamp64\www\Yee\Route.php(462): call_user_func_array('AjaxController:...', Array)
#12 C:\wamp64\www\Yee\Yee.php(1334): Yee\Route->dispatch()
#13 C:\wamp64\www\Yee\Middleware\Flash.php(85): Yee\Yee->call()
#14 C:\wamp64\www\Yee\Middleware\MethodOverride.php(92): Yee\Middleware\Flash->call()
#15 C:\wamp64\www\Yee\Middleware\PrettyExceptions.php(67): Yee\Middleware\MethodOverride->call()
#16 C:\wamp64\www\Yee\Yee.php(1279): Yee\Middleware\PrettyExceptions->call()
#17 C:\wamp64\www\index.php(48): Yee\Yee->execute()
#18 {main}
ERROR - 2016-07-18 11:57:27 - exception 'ErrorException' with message 'Array to string conversion' in C:\wamp64\www\cache\templates_c\f0\22\27d5213c618684c21fe32255d1233ef04336fc58de14a9bf26a630fdc112.php:51
Stack trace:
#0 C:\wamp64\www\cache\templates_c\f0\22\27d5213c618684c21fe32255d1233ef04336fc58de14a9bf26a630fdc112.php(51): Yee\Yee::handleErrors(8, 'Array to string...', 'C:\\wamp64\\www\\c...', 51, Array)
#1 C:\wamp64\www\Twig\Template.php(279): __TwigTemplate_f02227d5213c618684c21fe32255d1233ef04336fc58de14a9bf26a630fdc112->doDisplay(Array, Array)
#2 C:\wamp64\www\Twig\Template.php(253): Twig_Template->displayWithErrorHandling(Array, Array)
#3 C:\wamp64\www\Twig\Template.php(264): Twig_Template->display(Array)
#4 C:\wamp64\www\Yee\Views\Twig.php(91): Twig_Template->render(Array)
#5 C:\wamp64\www\Yee\View.php(254): Yee\Views\Twig->render('pages/login.tpl', NULL)
#6 C:\wamp64\www\Yee\View.php(242): Yee\View->fetch('pages/login.tpl', NULL)
#7 C:\wamp64\www\Yee\Yee.php(765): Yee\View->display('pages/login.tpl')
#8 C:\wamp64\www\App\Controllers\Ajax\AjaxController.php(28): Yee\Yee->render('pages/login.tpl', Array)
#9 [internal function]: AjaxController->indexAction()
#10 C:\wamp64\www\Yee\Managers\Controller\Controller.php(22): call_user_func_array(Array, Array)
#11 [internal function]: Yee\Managers\Controller\Controller::__callStatic('___indexAction', Array)
#12 [internal function]: AjaxController::___indexAction()
#13 C:\wamp64\www\Yee\Route.php(462): call_user_func_array('AjaxController:...', Array)
#14 C:\wamp64\www\Yee\Yee.php(1334): Yee\Route->dispatch()
#15 C:\wamp64\www\Yee\Middleware\Flash.php(85): Yee\Yee->call()
#16 C:\wamp64\www\Yee\Middleware\MethodOverride.php(92): Yee\Middleware\Flash->call()
#17 C:\wamp64\www\Yee\Middleware\PrettyExceptions.php(67): Yee\Middleware\MethodOverride->call()
#18 C:\wamp64\www\Yee\Yee.php(1279): Yee\Middleware\PrettyExceptions->call()
#19 C:\wamp64\www\index.php(48): Yee\Yee->execute()
#20 {main}

Next exception 'Twig_Error_Runtime' with message 'An exception has been thrown during the rendering of a template ("Array to string conversion") in "pages/login.tpl" at line 30.' in C:\wamp64\www\Twig\Template.php:294
Stack trace:
#0 C:\wamp64\www\Twig\Template.php(253): Twig_Template->displayWithErrorHandling(Array, Array)
#1 C:\wamp64\www\Twig\Template.php(264): Twig_Template->display(Array)
#2 C:\wamp64\www\Yee\Views\Twig.php(91): Twig_Template->render(Array)
#3 C:\wamp64\www\Yee\View.php(254): Yee\Views\Twig->render('pages/login.tpl', NULL)
#4 C:\wamp64\www\Yee\View.php(242): Yee\View->fetch('pages/login.tpl', NULL)
#5 C:\wamp64\www\Yee\Yee.php(765): Yee\View->display('pages/login.tpl')
#6 C:\wamp64\www\App\Controllers\Ajax\AjaxController.php(28): Yee\Yee->render('pages/login.tpl', Array)
#7 [internal function]: AjaxController->indexAction()
#8 C:\wamp64\www\Yee\Managers\Controller\Controller.php(22): call_user_func_array(Array, Array)
#9 [internal function]: Yee\Managers\Controller\Controller::__callStatic('___indexAction', Array)
#10 [internal function]: AjaxController::___indexAction()
#11 C:\wamp64\www\Yee\Route.php(462): call_user_func_array('AjaxController:...', Array)
#12 C:\wamp64\www\Yee\Yee.php(1334): Yee\Route->dispatch()
#13 C:\wamp64\www\Yee\Middleware\Flash.php(85): Yee\Yee->call()
#14 C:\wamp64\www\Yee\Middleware\MethodOverride.php(92): Yee\Middleware\Flash->call()
#15 C:\wamp64\www\Yee\Middleware\PrettyExceptions.php(67): Yee\Middleware\MethodOverride->call()
#16 C:\wamp64\www\Yee\Yee.php(1279): Yee\Middleware\PrettyExceptions->call()
#17 C:\wamp64\www\index.php(48): Yee\Yee->execute()
#18 {main}
ERROR - 2016-07-18 22:28:07 - exception 'ErrorException' with message 'Undefined index: loginEmail' in C:\wamp64\www\App\Controllers\Ajax\AjaxController.php:25
Stack trace:
#0 C:\wamp64\www\App\Controllers\Ajax\AjaxController.php(25): Yee\Yee::handleErrors(8, 'Undefined index...', 'C:\\wamp64\\www\\A...', 25, Array)
#1 [internal function]: AjaxController->indexAction()
#2 C:\wamp64\www\Yee\Managers\Controller\Controller.php(22): call_user_func_array(Array, Array)
#3 [internal function]: Yee\Managers\Controller\Controller::__callStatic('___indexAction', Array)
#4 [internal function]: AjaxController::___indexAction()
#5 C:\wamp64\www\Yee\Route.php(462): call_user_func_array('AjaxController:...', Array)
#6 C:\wamp64\www\Yee\Yee.php(1334): Yee\Route->dispatch()
#7 C:\wamp64\www\Yee\Middleware\Flash.php(85): Yee\Yee->call()
#8 C:\wamp64\www\Yee\Middleware\MethodOverride.php(92): Yee\Middleware\Flash->call()
#9 C:\wamp64\www\Yee\Middleware\PrettyExceptions.php(67): Yee\Middleware\MethodOverride->call()
#10 C:\wamp64\www\Yee\Yee.php(1279): Yee\Middleware\PrettyExceptions->call()
#11 C:\wamp64\www\index.php(48): Yee\Yee->execute()
#12 {main}
ERROR - 2016-07-18 22:28:23 - exception 'ErrorException' with message 'Undefined index: loginEmail' in C:\wamp64\www\App\Controllers\Ajax\AjaxController.php:25
Stack trace:
#0 C:\wamp64\www\App\Controllers\Ajax\AjaxController.php(25): Yee\Yee::handleErrors(8, 'Undefined index...', 'C:\\wamp64\\www\\A...', 25, Array)
#1 [internal function]: AjaxController->indexAction()
#2 C:\wamp64\www\Yee\Managers\Controller\Controller.php(22): call_user_func_array(Array, Array)
#3 [internal function]: Yee\Managers\Controller\Controller::__callStatic('___indexAction', Array)
#4 [internal function]: AjaxController::___indexAction()
#5 C:\wamp64\www\Yee\Route.php(462): call_user_func_array('AjaxController:...', Array)
#6 C:\wamp64\www\Yee\Yee.php(1334): Yee\Route->dispatch()
#7 C:\wamp64\www\Yee\Middleware\Flash.php(85): Yee\Yee->call()
#8 C:\wamp64\www\Yee\Middleware\MethodOverride.php(92): Yee\Middleware\Flash->call()
#9 C:\wamp64\www\Yee\Middleware\PrettyExceptions.php(67): Yee\Middleware\MethodOverride->call()
#10 C:\wamp64\www\Yee\Yee.php(1279): Yee\Middleware\PrettyExceptions->call()
#11 C:\wamp64\www\index.php(48): Yee\Yee->execute()
#12 {main}
