ERROR - 2016-07-19 07:23:40 - exception 'ErrorException' with message 'Undefined variable: error' in C:\wamp64\www\App\Controllers\Ajax\AjaxController.php:57
Stack trace:
#0 C:\wamp64\www\App\Controllers\Ajax\AjaxController.php(57): Yee\Yee::handleErrors(8, 'Undefined varia...', 'C:\\wamp64\\www\\A...', 57, Array)
#1 [internal function]: AjaxController->indexAction()
#2 C:\wamp64\www\Yee\Managers\Controller\Controller.php(22): call_user_func_array(Array, Array)
#3 [internal function]: Yee\Managers\Controller\Controller::__callStatic('___indexAction', Array)
#4 [internal function]: AjaxController::___indexAction()
#5 C:\wamp64\www\Yee\Route.php(462): call_user_func_array('AjaxController:...', Array)
#6 C:\wamp64\www\Yee\Yee.php(1334): Yee\Route->dispatch()
#7 C:\wamp64\www\Yee\Middleware\Flash.php(85): Yee\Yee->call()
#8 C:\wamp64\www\Yee\Middleware\MethodOverride.php(92): Yee\Middleware\Flash->call()
#9 C:\wamp64\www\Yee\Middleware\PrettyExceptions.php(67): Yee\Middleware\MethodOverride->call()
#10 C:\wamp64\www\Yee\Yee.php(1279): Yee\Middleware\PrettyExceptions->call()
#11 C:\wamp64\www\index.php(48): Yee\Yee->execute()
#12 {main}
ERROR - 2016-07-19 07:23:42 - exception 'ErrorException' with message 'Undefined variable: error' in C:\wamp64\www\App\Controllers\Ajax\AjaxController.php:57
Stack trace:
#0 C:\wamp64\www\App\Controllers\Ajax\AjaxController.php(57): Yee\Yee::handleErrors(8, 'Undefined varia...', 'C:\\wamp64\\www\\A...', 57, Array)
#1 [internal function]: AjaxController->indexAction()
#2 C:\wamp64\www\Yee\Managers\Controller\Controller.php(22): call_user_func_array(Array, Array)
#3 [internal function]: Yee\Managers\Controller\Controller::__callStatic('___indexAction', Array)
#4 [internal function]: AjaxController::___indexAction()
#5 C:\wamp64\www\Yee\Route.php(462): call_user_func_array('AjaxController:...', Array)
#6 C:\wamp64\www\Yee\Yee.php(1334): Yee\Route->dispatch()
#7 C:\wamp64\www\Yee\Middleware\Flash.php(85): Yee\Yee->call()
#8 C:\wamp64\www\Yee\Middleware\MethodOverride.php(92): Yee\Middleware\Flash->call()
#9 C:\wamp64\www\Yee\Middleware\PrettyExceptions.php(67): Yee\Middleware\MethodOverride->call()
#10 C:\wamp64\www\Yee\Yee.php(1279): Yee\Middleware\PrettyExceptions->call()
#11 C:\wamp64\www\index.php(48): Yee\Yee->execute()
#12 {main}
ERROR - 2016-07-19 07:23:43 - exception 'ErrorException' with message 'Undefined variable: error' in C:\wamp64\www\App\Controllers\Ajax\AjaxController.php:57
Stack trace:
#0 C:\wamp64\www\App\Controllers\Ajax\AjaxController.php(57): Yee\Yee::handleErrors(8, 'Undefined varia...', 'C:\\wamp64\\www\\A...', 57, Array)
#1 [internal function]: AjaxController->indexAction()
#2 C:\wamp64\www\Yee\Managers\Controller\Controller.php(22): call_user_func_array(Array, Array)
#3 [internal function]: Yee\Managers\Controller\Controller::__callStatic('___indexAction', Array)
#4 [internal function]: AjaxController::___indexAction()
#5 C:\wamp64\www\Yee\Route.php(462): call_user_func_array('AjaxController:...', Array)
#6 C:\wamp64\www\Yee\Yee.php(1334): Yee\Route->dispatch()
#7 C:\wamp64\www\Yee\Middleware\Flash.php(85): Yee\Yee->call()
#8 C:\wamp64\www\Yee\Middleware\MethodOverride.php(92): Yee\Middleware\Flash->call()
#9 C:\wamp64\www\Yee\Middleware\PrettyExceptions.php(67): Yee\Middleware\MethodOverride->call()
#10 C:\wamp64\www\Yee\Yee.php(1279): Yee\Middleware\PrettyExceptions->call()
#11 C:\wamp64\www\index.php(48): Yee\Yee->execute()
#12 {main}
ERROR - 2016-07-19 07:27:36 - exception 'ErrorException' with message 'Undefined index: loginEmail' in C:\wamp64\www\App\Controllers\Ajax\AjaxController.php:30
Stack trace:
#0 C:\wamp64\www\App\Controllers\Ajax\AjaxController.php(30): Yee\Yee::handleErrors(8, 'Undefined index...', 'C:\\wamp64\\www\\A...', 30, Array)
#1 [internal function]: AjaxController->indexAction()
#2 C:\wamp64\www\Yee\Managers\Controller\Controller.php(22): call_user_func_array(Array, Array)
#3 [internal function]: Yee\Managers\Controller\Controller::__callStatic('___indexAction', Array)
#4 [internal function]: AjaxController::___indexAction()
#5 C:\wamp64\www\Yee\Route.php(462): call_user_func_array('AjaxController:...', Array)
#6 C:\wamp64\www\Yee\Yee.php(1334): Yee\Route->dispatch()
#7 C:\wamp64\www\Yee\Middleware\Flash.php(85): Yee\Yee->call()
#8 C:\wamp64\www\Yee\Middleware\MethodOverride.php(92): Yee\Middleware\Flash->call()
#9 C:\wamp64\www\Yee\Middleware\PrettyExceptions.php(67): Yee\Middleware\MethodOverride->call()
#10 C:\wamp64\www\Yee\Yee.php(1279): Yee\Middleware\PrettyExceptions->call()
#11 C:\wamp64\www\index.php(48): Yee\Yee->execute()
#12 {main}
ERROR - 2016-07-19 07:29:00 - exception 'ErrorException' with message 'Undefined variable: email' in C:\wamp64\www\App\Controllers\Ajax\AjaxController.php:35
Stack trace:
#0 C:\wamp64\www\App\Controllers\Ajax\AjaxController.php(35): Yee\Yee::handleErrors(8, 'Undefined varia...', 'C:\\wamp64\\www\\A...', 35, Array)
#1 [internal function]: AjaxController->loginAction()
#2 C:\wamp64\www\Yee\Managers\Controller\Controller.php(22): call_user_func_array(Array, Array)
#3 [internal function]: Yee\Managers\Controller\Controller::__callStatic('___loginAction', Array)
#4 [internal function]: AjaxController::___loginAction()
#5 C:\wamp64\www\Yee\Route.php(462): call_user_func_array('AjaxController:...', Array)
#6 C:\wamp64\www\Yee\Yee.php(1334): Yee\Route->dispatch()
#7 C:\wamp64\www\Yee\Middleware\Flash.php(85): Yee\Yee->call()
#8 C:\wamp64\www\Yee\Middleware\MethodOverride.php(92): Yee\Middleware\Flash->call()
#9 C:\wamp64\www\Yee\Middleware\PrettyExceptions.php(67): Yee\Middleware\MethodOverride->call()
#10 C:\wamp64\www\Yee\Yee.php(1279): Yee\Middleware\PrettyExceptions->call()
#11 C:\wamp64\www\index.php(48): Yee\Yee->execute()
#12 {main}
ERROR - 2016-07-19 07:30:07 - exception 'ErrorException' with message 'Undefined variable: email' in C:\wamp64\www\App\Controllers\Ajax\AjaxController.php:35
Stack trace:
#0 C:\wamp64\www\App\Controllers\Ajax\AjaxController.php(35): Yee\Yee::handleErrors(8, 'Undefined varia...', 'C:\\wamp64\\www\\A...', 35, Array)
#1 [internal function]: AjaxController->loginAction()
#2 C:\wamp64\www\Yee\Managers\Controller\Controller.php(22): call_user_func_array(Array, Array)
#3 [internal function]: Yee\Managers\Controller\Controller::__callStatic('___loginAction', Array)
#4 [internal function]: AjaxController::___loginAction()
#5 C:\wamp64\www\Yee\Route.php(462): call_user_func_array('AjaxController:...', Array)
#6 C:\wamp64\www\Yee\Yee.php(1334): Yee\Route->dispatch()
#7 C:\wamp64\www\Yee\Middleware\Flash.php(85): Yee\Yee->call()
#8 C:\wamp64\www\Yee\Middleware\MethodOverride.php(92): Yee\Middleware\Flash->call()
#9 C:\wamp64\www\Yee\Middleware\PrettyExceptions.php(67): Yee\Middleware\MethodOverride->call()
#10 C:\wamp64\www\Yee\Yee.php(1279): Yee\Middleware\PrettyExceptions->call()
#11 C:\wamp64\www\index.php(48): Yee\Yee->execute()
#12 {main}
ERROR - 2016-07-19 07:30:28 - exception 'ErrorException' with message 'Undefined variable: email' in C:\wamp64\www\App\Controllers\Ajax\AjaxController.php:35
Stack trace:
#0 C:\wamp64\www\App\Controllers\Ajax\AjaxController.php(35): Yee\Yee::handleErrors(8, 'Undefined varia...', 'C:\\wamp64\\www\\A...', 35, Array)
#1 [internal function]: AjaxController->loginAction()
#2 C:\wamp64\www\Yee\Managers\Controller\Controller.php(22): call_user_func_array(Array, Array)
#3 [internal function]: Yee\Managers\Controller\Controller::__callStatic('___loginAction', Array)
#4 [internal function]: AjaxController::___loginAction()
#5 C:\wamp64\www\Yee\Route.php(462): call_user_func_array('AjaxController:...', Array)
#6 C:\wamp64\www\Yee\Yee.php(1334): Yee\Route->dispatch()
#7 C:\wamp64\www\Yee\Middleware\Flash.php(85): Yee\Yee->call()
#8 C:\wamp64\www\Yee\Middleware\MethodOverride.php(92): Yee\Middleware\Flash->call()
#9 C:\wamp64\www\Yee\Middleware\PrettyExceptions.php(67): Yee\Middleware\MethodOverride->call()
#10 C:\wamp64\www\Yee\Yee.php(1279): Yee\Middleware\PrettyExceptions->call()
#11 C:\wamp64\www\index.php(48): Yee\Yee->execute()
#12 {main}
ERROR - 2016-07-19 07:31:22 - exception 'ErrorException' with message 'Undefined variable: email' in C:\wamp64\www\App\Controllers\Ajax\AjaxController.php:35
Stack trace:
#0 C:\wamp64\www\App\Controllers\Ajax\AjaxController.php(35): Yee\Yee::handleErrors(8, 'Undefined varia...', 'C:\\wamp64\\www\\A...', 35, Array)
#1 [internal function]: AjaxController->loginAction()
#2 C:\wamp64\www\Yee\Managers\Controller\Controller.php(22): call_user_func_array(Array, Array)
#3 [internal function]: Yee\Managers\Controller\Controller::__callStatic('___loginAction', Array)
#4 [internal function]: AjaxController::___loginAction()
#5 C:\wamp64\www\Yee\Route.php(462): call_user_func_array('AjaxController:...', Array)
#6 C:\wamp64\www\Yee\Yee.php(1334): Yee\Route->dispatch()
#7 C:\wamp64\www\Yee\Middleware\Flash.php(85): Yee\Yee->call()
#8 C:\wamp64\www\Yee\Middleware\MethodOverride.php(92): Yee\Middleware\Flash->call()
#9 C:\wamp64\www\Yee\Middleware\PrettyExceptions.php(67): Yee\Middleware\MethodOverride->call()
#10 C:\wamp64\www\Yee\Yee.php(1279): Yee\Middleware\PrettyExceptions->call()
#11 C:\wamp64\www\index.php(48): Yee\Yee->execute()
#12 {main}
ERROR - 2016-07-19 07:35:35 - exception 'ErrorException' with message 'Undefined variable: email' in C:\wamp64\www\App\Controllers\Ajax\AjaxController.php:35
Stack trace:
#0 C:\wamp64\www\App\Controllers\Ajax\AjaxController.php(35): Yee\Yee::handleErrors(8, 'Undefined varia...', 'C:\\wamp64\\www\\A...', 35, Array)
#1 [internal function]: AjaxController->loginAction()
#2 C:\wamp64\www\Yee\Managers\Controller\Controller.php(22): call_user_func_array(Array, Array)
#3 [internal function]: Yee\Managers\Controller\Controller::__callStatic('___loginAction', Array)
#4 [internal function]: AjaxController::___loginAction()
#5 C:\wamp64\www\Yee\Route.php(462): call_user_func_array('AjaxController:...', Array)
#6 C:\wamp64\www\Yee\Yee.php(1334): Yee\Route->dispatch()
#7 C:\wamp64\www\Yee\Middleware\Flash.php(85): Yee\Yee->call()
#8 C:\wamp64\www\Yee\Middleware\MethodOverride.php(92): Yee\Middleware\Flash->call()
#9 C:\wamp64\www\Yee\Middleware\PrettyExceptions.php(67): Yee\Middleware\MethodOverride->call()
#10 C:\wamp64\www\Yee\Yee.php(1279): Yee\Middleware\PrettyExceptions->call()
#11 C:\wamp64\www\index.php(48): Yee\Yee->execute()
#12 {main}
