ERROR - 2016-07-08 08:24:51 - Twig_Error_Loader: Unable to find template "pages/login.tpl" (looked into: ./templates). in C:\wamp64\www\Twig\Loader\Filesystem.php:191
Stack trace:
#0 C:\wamp64\www\Twig\Loader\Filesystem.php(138): Twig_Loader_Filesystem->findTemplate('pages/login.tpl')
#1 C:\wamp64\www\Twig\Environment.php(265): Twig_Loader_Filesystem->getCacheKey('pages/login.tpl')
#2 C:\wamp64\www\Twig\Environment.php(323): Twig_Environment->getTemplateClass('pages/login.tpl', NULL)
#3 C:\wamp64\www\Yee\Views\Twig.php(87): Twig_Environment->loadTemplate('pages/login.tpl')
#4 C:\wamp64\www\Yee\View.php(255): Yee\Views\Twig->render('pages/login.tpl', NULL)
#5 C:\wamp64\www\Yee\View.php(243): Yee\View->fetch('pages/login.tpl', NULL)
#6 C:\wamp64\www\Yee\Yee.php(764): Yee\View->display('pages/login.tpl')
#7 C:\wamp64\www\App\Controllers\Login\LoginController.php(20): Yee\Yee->render('pages/login.tpl', Array)
#8 [internal function]: LoginController->indexAction('en')
#9 C:\wamp64\www\Yee\Managers\Controller\Controller.php(22): call_user_func_array(Array, Array)
#10 [internal function]: Yee\Managers\Controller\Controller::__callStatic('indexAction', Array)
#11 C:\wamp64\www\Yee\Route.php(462): call_user_func_array('LoginController...', Array)
#12 C:\wamp64\www\Yee\Yee.php(1333): Yee\Route->dispatch()
#13 C:\wamp64\www\Yee\Middleware\Flash.php(85): Yee\Yee->call()
#14 C:\wamp64\www\Yee\Middleware\MethodOverride.php(92): Yee\Middleware\Flash->call()
#15 C:\wamp64\www\Yee\Middleware\PrettyExceptions.php(67): Yee\Middleware\MethodOverride->call()
#16 C:\wamp64\www\Yee\Yee.php(1278): Yee\Middleware\PrettyExceptions->call()
#17 C:\wamp64\www\index.php(48): Yee\Yee->execute()
#18 {main}
ERROR - 2016-07-08 08:24:51 - Twig_Error_Loader: Unable to find template "pages/login.tpl" (looked into: ./templates). in C:\wamp64\www\Twig\Loader\Filesystem.php:191
Stack trace:
#0 C:\wamp64\www\Twig\Loader\Filesystem.php(138): Twig_Loader_Filesystem->findTemplate('pages/login.tpl')
#1 C:\wamp64\www\Twig\Environment.php(265): Twig_Loader_Filesystem->getCacheKey('pages/login.tpl')
#2 C:\wamp64\www\Twig\Environment.php(323): Twig_Environment->getTemplateClass('pages/login.tpl', NULL)
#3 C:\wamp64\www\Yee\Views\Twig.php(87): Twig_Environment->loadTemplate('pages/login.tpl')
#4 C:\wamp64\www\Yee\View.php(255): Yee\Views\Twig->render('pages/login.tpl', NULL)
#5 C:\wamp64\www\Yee\View.php(243): Yee\View->fetch('pages/login.tpl', NULL)
#6 C:\wamp64\www\Yee\Yee.php(764): Yee\View->display('pages/login.tpl')
#7 C:\wamp64\www\App\Controllers\Login\LoginController.php(20): Yee\Yee->render('pages/login.tpl', Array)
#8 [internal function]: LoginController->indexAction('favicon.ico')
#9 C:\wamp64\www\Yee\Managers\Controller\Controller.php(22): call_user_func_array(Array, Array)
#10 [internal function]: Yee\Managers\Controller\Controller::__callStatic('indexAction', Array)
#11 C:\wamp64\www\Yee\Route.php(462): call_user_func_array('LoginController...', Array)
#12 C:\wamp64\www\Yee\Yee.php(1333): Yee\Route->dispatch()
#13 C:\wamp64\www\Yee\Middleware\Flash.php(85): Yee\Yee->call()
#14 C:\wamp64\www\Yee\Middleware\MethodOverride.php(92): Yee\Middleware\Flash->call()
#15 C:\wamp64\www\Yee\Middleware\PrettyExceptions.php(67): Yee\Middleware\MethodOverride->call()
#16 C:\wamp64\www\Yee\Yee.php(1278): Yee\Middleware\PrettyExceptions->call()
#17 C:\wamp64\www\index.php(48): Yee\Yee->execute()
#18 {main}
ERROR - 2016-07-08 08:26:03 - Twig_Error_Loader: Unable to find template "pages/login.tpl" (looked into: ./templates). in C:\wamp64\www\Twig\Loader\Filesystem.php:191
Stack trace:
#0 C:\wamp64\www\Twig\Loader\Filesystem.php(138): Twig_Loader_Filesystem->findTemplate('pages/login.tpl')
#1 C:\wamp64\www\Twig\Environment.php(265): Twig_Loader_Filesystem->getCacheKey('pages/login.tpl')
#2 C:\wamp64\www\Twig\Environment.php(323): Twig_Environment->getTemplateClass('pages/login.tpl', NULL)
#3 C:\wamp64\www\Yee\Views\Twig.php(87): Twig_Environment->loadTemplate('pages/login.tpl')
#4 C:\wamp64\www\Yee\View.php(255): Yee\Views\Twig->render('pages/login.tpl', NULL)
#5 C:\wamp64\www\Yee\View.php(243): Yee\View->fetch('pages/login.tpl', NULL)
#6 C:\wamp64\www\Yee\Yee.php(764): Yee\View->display('pages/login.tpl')
#7 C:\wamp64\www\App\Controllers\Login\LoginController.php(20): Yee\Yee->render('pages/login.tpl', Array)
#8 [internal function]: LoginController->indexAction('favicon.ico')
#9 C:\wamp64\www\Yee\Managers\Controller\Controller.php(22): call_user_func_array(Array, Array)
#10 [internal function]: Yee\Managers\Controller\Controller::__callStatic('indexAction', Array)
#11 C:\wamp64\www\Yee\Route.php(462): call_user_func_array('LoginController...', Array)
#12 C:\wamp64\www\Yee\Yee.php(1333): Yee\Route->dispatch()
#13 C:\wamp64\www\Yee\Middleware\Flash.php(85): Yee\Yee->call()
#14 C:\wamp64\www\Yee\Middleware\MethodOverride.php(92): Yee\Middleware\Flash->call()
#15 C:\wamp64\www\Yee\Middleware\PrettyExceptions.php(67): Yee\Middleware\MethodOverride->call()
#16 C:\wamp64\www\Yee\Yee.php(1278): Yee\Middleware\PrettyExceptions->call()
#17 C:\wamp64\www\index.php(48): Yee\Yee->execute()
#18 {main}
ERROR - 2016-07-08 08:26:08 - Twig_Error_Loader: Unable to find template "pages/login.tpl" (looked into: ./templates). in C:\wamp64\www\Twig\Loader\Filesystem.php:191
Stack trace:
#0 C:\wamp64\www\Twig\Loader\Filesystem.php(138): Twig_Loader_Filesystem->findTemplate('pages/login.tpl')
#1 C:\wamp64\www\Twig\Environment.php(265): Twig_Loader_Filesystem->getCacheKey('pages/login.tpl')
#2 C:\wamp64\www\Twig\Environment.php(323): Twig_Environment->getTemplateClass('pages/login.tpl', NULL)
#3 C:\wamp64\www\Yee\Views\Twig.php(87): Twig_Environment->loadTemplate('pages/login.tpl')
#4 C:\wamp64\www\Yee\View.php(255): Yee\Views\Twig->render('pages/login.tpl', NULL)
#5 C:\wamp64\www\Yee\View.php(243): Yee\View->fetch('pages/login.tpl', NULL)
#6 C:\wamp64\www\Yee\Yee.php(764): Yee\View->display('pages/login.tpl')
#7 C:\wamp64\www\App\Controllers\Login\LoginController.php(20): Yee\Yee->render('pages/login.tpl', Array)
#8 [internal function]: LoginController->indexAction('favicon.ico')
#9 C:\wamp64\www\Yee\Managers\Controller\Controller.php(22): call_user_func_array(Array, Array)
#10 [internal function]: Yee\Managers\Controller\Controller::__callStatic('indexAction', Array)
#11 C:\wamp64\www\Yee\Route.php(462): call_user_func_array('LoginController...', Array)
#12 C:\wamp64\www\Yee\Yee.php(1333): Yee\Route->dispatch()
#13 C:\wamp64\www\Yee\Middleware\Flash.php(85): Yee\Yee->call()
#14 C:\wamp64\www\Yee\Middleware\MethodOverride.php(92): Yee\Middleware\Flash->call()
#15 C:\wamp64\www\Yee\Middleware\PrettyExceptions.php(67): Yee\Middleware\MethodOverride->call()
#16 C:\wamp64\www\Yee\Yee.php(1278): Yee\Middleware\PrettyExceptions->call()
#17 C:\wamp64\www\index.php(48): Yee\Yee->execute()
#18 {main}
ERROR - 2016-07-08 08:27:08 - Twig_Error_Loader: Unable to find template "pages/login.tpl" (looked into: ./templates). in C:\wamp64\www\Twig\Loader\Filesystem.php:191
Stack trace:
#0 C:\wamp64\www\Twig\Loader\Filesystem.php(138): Twig_Loader_Filesystem->findTemplate('pages/login.tpl')
#1 C:\wamp64\www\Twig\Environment.php(265): Twig_Loader_Filesystem->getCacheKey('pages/login.tpl')
#2 C:\wamp64\www\Twig\Environment.php(323): Twig_Environment->getTemplateClass('pages/login.tpl', NULL)
#3 C:\wamp64\www\Yee\Views\Twig.php(87): Twig_Environment->loadTemplate('pages/login.tpl')
#4 C:\wamp64\www\Yee\View.php(255): Yee\Views\Twig->render('pages/login.tpl', NULL)
#5 C:\wamp64\www\Yee\View.php(243): Yee\View->fetch('pages/login.tpl', NULL)
#6 C:\wamp64\www\Yee\Yee.php(764): Yee\View->display('pages/login.tpl')
#7 C:\wamp64\www\App\Controllers\Login\LoginController.php(20): Yee\Yee->render('pages/login.tpl', Array)
#8 [internal function]: LoginController->indexAction('en')
#9 C:\wamp64\www\Yee\Managers\Controller\Controller.php(22): call_user_func_array(Array, Array)
#10 [internal function]: Yee\Managers\Controller\Controller::__callStatic('indexAction', Array)
#11 C:\wamp64\www\Yee\Route.php(462): call_user_func_array('LoginController...', Array)
#12 C:\wamp64\www\Yee\Yee.php(1333): Yee\Route->dispatch()
#13 C:\wamp64\www\Yee\Middleware\Flash.php(85): Yee\Yee->call()
#14 C:\wamp64\www\Yee\Middleware\MethodOverride.php(92): Yee\Middleware\Flash->call()
#15 C:\wamp64\www\Yee\Middleware\PrettyExceptions.php(67): Yee\Middleware\MethodOverride->call()
#16 C:\wamp64\www\Yee\Yee.php(1278): Yee\Middleware\PrettyExceptions->call()
#17 C:\wamp64\www\index.php(48): Yee\Yee->execute()
#18 {main}
ERROR - 2016-07-08 08:27:08 - Twig_Error_Loader: Unable to find template "pages/login.tpl" (looked into: ./templates). in C:\wamp64\www\Twig\Loader\Filesystem.php:191
Stack trace:
#0 C:\wamp64\www\Twig\Loader\Filesystem.php(138): Twig_Loader_Filesystem->findTemplate('pages/login.tpl')
#1 C:\wamp64\www\Twig\Environment.php(265): Twig_Loader_Filesystem->getCacheKey('pages/login.tpl')
#2 C:\wamp64\www\Twig\Environment.php(323): Twig_Environment->getTemplateClass('pages/login.tpl', NULL)
#3 C:\wamp64\www\Yee\Views\Twig.php(87): Twig_Environment->loadTemplate('pages/login.tpl')
#4 C:\wamp64\www\Yee\View.php(255): Yee\Views\Twig->render('pages/login.tpl', NULL)
#5 C:\wamp64\www\Yee\View.php(243): Yee\View->fetch('pages/login.tpl', NULL)
#6 C:\wamp64\www\Yee\Yee.php(764): Yee\View->display('pages/login.tpl')
#7 C:\wamp64\www\App\Controllers\Login\LoginController.php(20): Yee\Yee->render('pages/login.tpl', Array)
#8 [internal function]: LoginController->indexAction('favicon.ico')
#9 C:\wamp64\www\Yee\Managers\Controller\Controller.php(22): call_user_func_array(Array, Array)
#10 [internal function]: Yee\Managers\Controller\Controller::__callStatic('indexAction', Array)
#11 C:\wamp64\www\Yee\Route.php(462): call_user_func_array('LoginController...', Array)
#12 C:\wamp64\www\Yee\Yee.php(1333): Yee\Route->dispatch()
#13 C:\wamp64\www\Yee\Middleware\Flash.php(85): Yee\Yee->call()
#14 C:\wamp64\www\Yee\Middleware\MethodOverride.php(92): Yee\Middleware\Flash->call()
#15 C:\wamp64\www\Yee\Middleware\PrettyExceptions.php(67): Yee\Middleware\MethodOverride->call()
#16 C:\wamp64\www\Yee\Yee.php(1278): Yee\Middleware\PrettyExceptions->call()
#17 C:\wamp64\www\index.php(48): Yee\Yee->execute()
#18 {main}
ERROR - 2016-07-08 08:42:02 - Twig_Error_Loader: Unable to find template "pages/home.tpl" (looked into: ./templates). in C:\wamp64\www\Twig\Loader\Filesystem.php:191
Stack trace:
#0 C:\wamp64\www\Twig\Loader\Filesystem.php(138): Twig_Loader_Filesystem->findTemplate('pages/home.tpl')
#1 C:\wamp64\www\Twig\Environment.php(265): Twig_Loader_Filesystem->getCacheKey('pages/home.tpl')
#2 C:\wamp64\www\Twig\Environment.php(323): Twig_Environment->getTemplateClass('pages/home.tpl', NULL)
#3 C:\wamp64\www\Yee\Views\Twig.php(87): Twig_Environment->loadTemplate('pages/home.tpl')
#4 C:\wamp64\www\Yee\View.php(255): Yee\Views\Twig->render('pages/home.tpl', NULL)
#5 C:\wamp64\www\Yee\View.php(243): Yee\View->fetch('pages/home.tpl', NULL)
#6 C:\wamp64\www\Yee\Yee.php(764): Yee\View->display('pages/home.tpl')
#7 C:\wamp64\www\App\Controllers\Home\HomeController.php(20): Yee\Yee->render('pages/home.tpl', Array)
#8 [internal function]: HomeController->indexAction('login')
#9 C:\wamp64\www\Yee\Managers\Controller\Controller.php(22): call_user_func_array(Array, Array)
#10 [internal function]: Yee\Managers\Controller\Controller::__callStatic('indexAction', Array)
#11 C:\wamp64\www\Yee\Route.php(462): call_user_func_array('HomeController:...', Array)
#12 C:\wamp64\www\Yee\Yee.php(1333): Yee\Route->dispatch()
#13 C:\wamp64\www\Yee\Middleware\Flash.php(85): Yee\Yee->call()
#14 C:\wamp64\www\Yee\Middleware\MethodOverride.php(92): Yee\Middleware\Flash->call()
#15 C:\wamp64\www\Yee\Middleware\PrettyExceptions.php(67): Yee\Middleware\MethodOverride->call()
#16 C:\wamp64\www\Yee\Yee.php(1278): Yee\Middleware\PrettyExceptions->call()
#17 C:\wamp64\www\index.php(48): Yee\Yee->execute()
#18 {main}
ERROR - 2016-07-08 08:42:02 - Twig_Error_Loader: Unable to find template "pages/home.tpl" (looked into: ./templates). in C:\wamp64\www\Twig\Loader\Filesystem.php:191
Stack trace:
#0 C:\wamp64\www\Twig\Loader\Filesystem.php(138): Twig_Loader_Filesystem->findTemplate('pages/home.tpl')
#1 C:\wamp64\www\Twig\Environment.php(265): Twig_Loader_Filesystem->getCacheKey('pages/home.tpl')
#2 C:\wamp64\www\Twig\Environment.php(323): Twig_Environment->getTemplateClass('pages/home.tpl', NULL)
#3 C:\wamp64\www\Yee\Views\Twig.php(87): Twig_Environment->loadTemplate('pages/home.tpl')
#4 C:\wamp64\www\Yee\View.php(255): Yee\Views\Twig->render('pages/home.tpl', NULL)
#5 C:\wamp64\www\Yee\View.php(243): Yee\View->fetch('pages/home.tpl', NULL)
#6 C:\wamp64\www\Yee\Yee.php(764): Yee\View->display('pages/home.tpl')
#7 C:\wamp64\www\App\Controllers\Home\HomeController.php(20): Yee\Yee->render('pages/home.tpl', Array)
#8 [internal function]: HomeController->indexAction('favicon.ico')
#9 C:\wamp64\www\Yee\Managers\Controller\Controller.php(22): call_user_func_array(Array, Array)
#10 [internal function]: Yee\Managers\Controller\Controller::__callStatic('indexAction', Array)
#11 C:\wamp64\www\Yee\Route.php(462): call_user_func_array('HomeController:...', Array)
#12 C:\wamp64\www\Yee\Yee.php(1333): Yee\Route->dispatch()
#13 C:\wamp64\www\Yee\Middleware\Flash.php(85): Yee\Yee->call()
#14 C:\wamp64\www\Yee\Middleware\MethodOverride.php(92): Yee\Middleware\Flash->call()
#15 C:\wamp64\www\Yee\Middleware\PrettyExceptions.php(67): Yee\Middleware\MethodOverride->call()
#16 C:\wamp64\www\Yee\Yee.php(1278): Yee\Middleware\PrettyExceptions->call()
#17 C:\wamp64\www\index.php(48): Yee\Yee->execute()
#18 {main}
ERROR - 2016-07-08 08:42:09 - Twig_Error_Loader: Unable to find template "pages/home.tpl" (looked into: ./templates). in C:\wamp64\www\Twig\Loader\Filesystem.php:191
Stack trace:
#0 C:\wamp64\www\Twig\Loader\Filesystem.php(138): Twig_Loader_Filesystem->findTemplate('pages/home.tpl')
#1 C:\wamp64\www\Twig\Environment.php(265): Twig_Loader_Filesystem->getCacheKey('pages/home.tpl')
#2 C:\wamp64\www\Twig\Environment.php(323): Twig_Environment->getTemplateClass('pages/home.tpl', NULL)
#3 C:\wamp64\www\Yee\Views\Twig.php(87): Twig_Environment->loadTemplate('pages/home.tpl')
#4 C:\wamp64\www\Yee\View.php(255): Yee\Views\Twig->render('pages/home.tpl', NULL)
#5 C:\wamp64\www\Yee\View.php(243): Yee\View->fetch('pages/home.tpl', NULL)
#6 C:\wamp64\www\Yee\Yee.php(764): Yee\View->display('pages/home.tpl')
#7 C:\wamp64\www\App\Controllers\Home\HomeController.php(20): Yee\Yee->render('pages/home.tpl', Array)
#8 [internal function]: HomeController->indexAction('home')
#9 C:\wamp64\www\Yee\Managers\Controller\Controller.php(22): call_user_func_array(Array, Array)
#10 [internal function]: Yee\Managers\Controller\Controller::__callStatic('indexAction', Array)
#11 C:\wamp64\www\Yee\Route.php(462): call_user_func_array('HomeController:...', Array)
#12 C:\wamp64\www\Yee\Yee.php(1333): Yee\Route->dispatch()
#13 C:\wamp64\www\Yee\Middleware\Flash.php(85): Yee\Yee->call()
#14 C:\wamp64\www\Yee\Middleware\MethodOverride.php(92): Yee\Middleware\Flash->call()
#15 C:\wamp64\www\Yee\Middleware\PrettyExceptions.php(67): Yee\Middleware\MethodOverride->call()
#16 C:\wamp64\www\Yee\Yee.php(1278): Yee\Middleware\PrettyExceptions->call()
#17 C:\wamp64\www\index.php(48): Yee\Yee->execute()
#18 {main}
ERROR - 2016-07-08 08:42:09 - Twig_Error_Loader: Unable to find template "pages/home.tpl" (looked into: ./templates). in C:\wamp64\www\Twig\Loader\Filesystem.php:191
Stack trace:
#0 C:\wamp64\www\Twig\Loader\Filesystem.php(138): Twig_Loader_Filesystem->findTemplate('pages/home.tpl')
#1 C:\wamp64\www\Twig\Environment.php(265): Twig_Loader_Filesystem->getCacheKey('pages/home.tpl')
#2 C:\wamp64\www\Twig\Environment.php(323): Twig_Environment->getTemplateClass('pages/home.tpl', NULL)
#3 C:\wamp64\www\Yee\Views\Twig.php(87): Twig_Environment->loadTemplate('pages/home.tpl')
#4 C:\wamp64\www\Yee\View.php(255): Yee\Views\Twig->render('pages/home.tpl', NULL)
#5 C:\wamp64\www\Yee\View.php(243): Yee\View->fetch('pages/home.tpl', NULL)
#6 C:\wamp64\www\Yee\Yee.php(764): Yee\View->display('pages/home.tpl')
#7 C:\wamp64\www\App\Controllers\Home\HomeController.php(20): Yee\Yee->render('pages/home.tpl', Array)
#8 [internal function]: HomeController->indexAction('favicon.ico')
#9 C:\wamp64\www\Yee\Managers\Controller\Controller.php(22): call_user_func_array(Array, Array)
#10 [internal function]: Yee\Managers\Controller\Controller::__callStatic('indexAction', Array)
#11 C:\wamp64\www\Yee\Route.php(462): call_user_func_array('HomeController:...', Array)
#12 C:\wamp64\www\Yee\Yee.php(1333): Yee\Route->dispatch()
#13 C:\wamp64\www\Yee\Middleware\Flash.php(85): Yee\Yee->call()
#14 C:\wamp64\www\Yee\Middleware\MethodOverride.php(92): Yee\Middleware\Flash->call()
#15 C:\wamp64\www\Yee\Middleware\PrettyExceptions.php(67): Yee\Middleware\MethodOverride->call()
#16 C:\wamp64\www\Yee\Yee.php(1278): Yee\Middleware\PrettyExceptions->call()
#17 C:\wamp64\www\index.php(48): Yee\Yee->execute()
#18 {main}
