ERROR - 2016-07-21 08:16:58 - exception 'ErrorException' with message 'Undefined variable: _SESSION' in C:\wamp64\www\App\Controllers\MyAccount\MyAccountController.php:15
Stack trace:
#0 C:\wamp64\www\App\Controllers\MyAccount\MyAccountController.php(15): Yee\Yee::handleErrors(8, 'Undefined varia...', 'C:\\wamp64\\www\\A...', 15, Array)
#1 [internal function]: MyAccountController->indexAction()
#2 C:\wamp64\www\Yee\Managers\Controller\Controller.php(22): call_user_func_array(Array, Array)
#3 [internal function]: Yee\Managers\Controller\Controller::__callStatic('___indexAction', Array)
#4 [internal function]: MyAccountController::___indexAction()
#5 C:\wamp64\www\Yee\Route.php(462): call_user_func_array('MyAccountContro...', Array)
#6 C:\wamp64\www\Yee\Yee.php(1334): Yee\Route->dispatch()
#7 C:\wamp64\www\Yee\Middleware\Flash.php(85): Yee\Yee->call()
#8 C:\wamp64\www\Yee\Middleware\MethodOverride.php(92): Yee\Middleware\Flash->call()
#9 C:\wamp64\www\Yee\Middleware\PrettyExceptions.php(67): Yee\Middleware\MethodOverride->call()
#10 C:\wamp64\www\Yee\Yee.php(1279): Yee\Middleware\PrettyExceptions->call()
#11 C:\wamp64\www\index.php(48): Yee\Yee->execute()
#12 {main}
ERROR - 2016-07-21 08:17:35 - exception 'ErrorException' with message 'Undefined variable: _SESSION' in C:\wamp64\www\App\Controllers\MyAccount\MyAccountController.php:15
Stack trace:
#0 C:\wamp64\www\App\Controllers\MyAccount\MyAccountController.php(15): Yee\Yee::handleErrors(8, 'Undefined varia...', 'C:\\wamp64\\www\\A...', 15, Array)
#1 [internal function]: MyAccountController->indexAction()
#2 C:\wamp64\www\Yee\Managers\Controller\Controller.php(22): call_user_func_array(Array, Array)
#3 [internal function]: Yee\Managers\Controller\Controller::__callStatic('___indexAction', Array)
#4 [internal function]: MyAccountController::___indexAction()
#5 C:\wamp64\www\Yee\Route.php(462): call_user_func_array('MyAccountContro...', Array)
#6 C:\wamp64\www\Yee\Yee.php(1334): Yee\Route->dispatch()
#7 C:\wamp64\www\Yee\Middleware\Flash.php(85): Yee\Yee->call()
#8 C:\wamp64\www\Yee\Middleware\MethodOverride.php(92): Yee\Middleware\Flash->call()
#9 C:\wamp64\www\Yee\Middleware\PrettyExceptions.php(67): Yee\Middleware\MethodOverride->call()
#10 C:\wamp64\www\Yee\Yee.php(1279): Yee\Middleware\PrettyExceptions->call()
#11 C:\wamp64\www\index.php(48): Yee\Yee->execute()
#12 {main}
ERROR - 2016-07-21 08:17:37 - exception 'ErrorException' with message 'Undefined variable: _SESSION' in C:\wamp64\www\App\Controllers\MyAccount\MyAccountController.php:15
Stack trace:
#0 C:\wamp64\www\App\Controllers\MyAccount\MyAccountController.php(15): Yee\Yee::handleErrors(8, 'Undefined varia...', 'C:\\wamp64\\www\\A...', 15, Array)
#1 [internal function]: MyAccountController->indexAction()
#2 C:\wamp64\www\Yee\Managers\Controller\Controller.php(22): call_user_func_array(Array, Array)
#3 [internal function]: Yee\Managers\Controller\Controller::__callStatic('___indexAction', Array)
#4 [internal function]: MyAccountController::___indexAction()
#5 C:\wamp64\www\Yee\Route.php(462): call_user_func_array('MyAccountContro...', Array)
#6 C:\wamp64\www\Yee\Yee.php(1334): Yee\Route->dispatch()
#7 C:\wamp64\www\Yee\Middleware\Flash.php(85): Yee\Yee->call()
#8 C:\wamp64\www\Yee\Middleware\MethodOverride.php(92): Yee\Middleware\Flash->call()
#9 C:\wamp64\www\Yee\Middleware\PrettyExceptions.php(67): Yee\Middleware\MethodOverride->call()
#10 C:\wamp64\www\Yee\Yee.php(1279): Yee\Middleware\PrettyExceptions->call()
#11 C:\wamp64\www\index.php(48): Yee\Yee->execute()
#12 {main}
ERROR - 2016-07-21 08:17:39 - exception 'ErrorException' with message 'Undefined variable: _SESSION' in C:\wamp64\www\App\Controllers\MyAccount\MyAccountController.php:15
Stack trace:
#0 C:\wamp64\www\App\Controllers\MyAccount\MyAccountController.php(15): Yee\Yee::handleErrors(8, 'Undefined varia...', 'C:\\wamp64\\www\\A...', 15, Array)
#1 [internal function]: MyAccountController->indexAction()
#2 C:\wamp64\www\Yee\Managers\Controller\Controller.php(22): call_user_func_array(Array, Array)
#3 [internal function]: Yee\Managers\Controller\Controller::__callStatic('___indexAction', Array)
#4 [internal function]: MyAccountController::___indexAction()
#5 C:\wamp64\www\Yee\Route.php(462): call_user_func_array('MyAccountContro...', Array)
#6 C:\wamp64\www\Yee\Yee.php(1334): Yee\Route->dispatch()
#7 C:\wamp64\www\Yee\Middleware\Flash.php(85): Yee\Yee->call()
#8 C:\wamp64\www\Yee\Middleware\MethodOverride.php(92): Yee\Middleware\Flash->call()
#9 C:\wamp64\www\Yee\Middleware\PrettyExceptions.php(67): Yee\Middleware\MethodOverride->call()
#10 C:\wamp64\www\Yee\Yee.php(1279): Yee\Middleware\PrettyExceptions->call()
#11 C:\wamp64\www\index.php(48): Yee\Yee->execute()
#12 {main}
ERROR - 2016-07-21 08:17:51 - exception 'ErrorException' with message 'Undefined variable: _SESSION' in C:\wamp64\www\App\Controllers\MyAccount\MyAccountController.php:15
Stack trace:
#0 C:\wamp64\www\App\Controllers\MyAccount\MyAccountController.php(15): Yee\Yee::handleErrors(8, 'Undefined varia...', 'C:\\wamp64\\www\\A...', 15, Array)
#1 [internal function]: MyAccountController->indexAction()
#2 C:\wamp64\www\Yee\Managers\Controller\Controller.php(22): call_user_func_array(Array, Array)
#3 [internal function]: Yee\Managers\Controller\Controller::__callStatic('___indexAction', Array)
#4 [internal function]: MyAccountController::___indexAction()
#5 C:\wamp64\www\Yee\Route.php(462): call_user_func_array('MyAccountContro...', Array)
#6 C:\wamp64\www\Yee\Yee.php(1334): Yee\Route->dispatch()
#7 C:\wamp64\www\Yee\Middleware\Flash.php(85): Yee\Yee->call()
#8 C:\wamp64\www\Yee\Middleware\MethodOverride.php(92): Yee\Middleware\Flash->call()
#9 C:\wamp64\www\Yee\Middleware\PrettyExceptions.php(67): Yee\Middleware\MethodOverride->call()
#10 C:\wamp64\www\Yee\Yee.php(1279): Yee\Middleware\PrettyExceptions->call()
#11 C:\wamp64\www\index.php(48): Yee\Yee->execute()
#12 {main}
ERROR - 2016-07-21 08:17:55 - exception 'ErrorException' with message 'Undefined variable: _SESSION' in C:\wamp64\www\App\Controllers\MyAccount\MyAccountController.php:15
Stack trace:
#0 C:\wamp64\www\App\Controllers\MyAccount\MyAccountController.php(15): Yee\Yee::handleErrors(8, 'Undefined varia...', 'C:\\wamp64\\www\\A...', 15, Array)
#1 [internal function]: MyAccountController->indexAction()
#2 C:\wamp64\www\Yee\Managers\Controller\Controller.php(22): call_user_func_array(Array, Array)
#3 [internal function]: Yee\Managers\Controller\Controller::__callStatic('___indexAction', Array)
#4 [internal function]: MyAccountController::___indexAction()
#5 C:\wamp64\www\Yee\Route.php(462): call_user_func_array('MyAccountContro...', Array)
#6 C:\wamp64\www\Yee\Yee.php(1334): Yee\Route->dispatch()
#7 C:\wamp64\www\Yee\Middleware\Flash.php(85): Yee\Yee->call()
#8 C:\wamp64\www\Yee\Middleware\MethodOverride.php(92): Yee\Middleware\Flash->call()
#9 C:\wamp64\www\Yee\Middleware\PrettyExceptions.php(67): Yee\Middleware\MethodOverride->call()
#10 C:\wamp64\www\Yee\Yee.php(1279): Yee\Middleware\PrettyExceptions->call()
#11 C:\wamp64\www\index.php(48): Yee\Yee->execute()
#12 {main}
ERROR - 2016-07-21 08:18:44 - exception 'ErrorException' with message 'Undefined variable: _SESSION' in C:\wamp64\www\App\Controllers\MyAccount\MyAccountController.php:15
Stack trace:
#0 C:\wamp64\www\App\Controllers\MyAccount\MyAccountController.php(15): Yee\Yee::handleErrors(8, 'Undefined varia...', 'C:\\wamp64\\www\\A...', 15, Array)
#1 [internal function]: MyAccountController->indexAction()
#2 C:\wamp64\www\Yee\Managers\Controller\Controller.php(22): call_user_func_array(Array, Array)
#3 [internal function]: Yee\Managers\Controller\Controller::__callStatic('___indexAction', Array)
#4 [internal function]: MyAccountController::___indexAction()
#5 C:\wamp64\www\Yee\Route.php(462): call_user_func_array('MyAccountContro...', Array)
#6 C:\wamp64\www\Yee\Yee.php(1334): Yee\Route->dispatch()
#7 C:\wamp64\www\Yee\Middleware\Flash.php(85): Yee\Yee->call()
#8 C:\wamp64\www\Yee\Middleware\MethodOverride.php(92): Yee\Middleware\Flash->call()
#9 C:\wamp64\www\Yee\Middleware\PrettyExceptions.php(67): Yee\Middleware\MethodOverride->call()
#10 C:\wamp64\www\Yee\Yee.php(1279): Yee\Middleware\PrettyExceptions->call()
#11 C:\wamp64\www\index.php(48): Yee\Yee->execute()
#12 {main}
ERROR - 2016-07-21 08:18:48 - exception 'ErrorException' with message 'Undefined variable: _SESSION' in C:\wamp64\www\App\Controllers\MyAccount\MyAccountController.php:15
Stack trace:
#0 C:\wamp64\www\App\Controllers\MyAccount\MyAccountController.php(15): Yee\Yee::handleErrors(8, 'Undefined varia...', 'C:\\wamp64\\www\\A...', 15, Array)
#1 [internal function]: MyAccountController->indexAction()
#2 C:\wamp64\www\Yee\Managers\Controller\Controller.php(22): call_user_func_array(Array, Array)
#3 [internal function]: Yee\Managers\Controller\Controller::__callStatic('___indexAction', Array)
#4 [internal function]: MyAccountController::___indexAction()
#5 C:\wamp64\www\Yee\Route.php(462): call_user_func_array('MyAccountContro...', Array)
#6 C:\wamp64\www\Yee\Yee.php(1334): Yee\Route->dispatch()
#7 C:\wamp64\www\Yee\Middleware\Flash.php(85): Yee\Yee->call()
#8 C:\wamp64\www\Yee\Middleware\MethodOverride.php(92): Yee\Middleware\Flash->call()
#9 C:\wamp64\www\Yee\Middleware\PrettyExceptions.php(67): Yee\Middleware\MethodOverride->call()
#10 C:\wamp64\www\Yee\Yee.php(1279): Yee\Middleware\PrettyExceptions->call()
#11 C:\wamp64\www\index.php(48): Yee\Yee->execute()
#12 {main}
ERROR - 2016-07-21 08:19:02 - exception 'ErrorException' with message 'Undefined variable: _SESSION' in C:\wamp64\www\App\Controllers\MyAccount\MyAccountController.php:15
Stack trace:
#0 C:\wamp64\www\App\Controllers\MyAccount\MyAccountController.php(15): Yee\Yee::handleErrors(8, 'Undefined varia...', 'C:\\wamp64\\www\\A...', 15, Array)
#1 [internal function]: MyAccountController->indexAction()
#2 C:\wamp64\www\Yee\Managers\Controller\Controller.php(22): call_user_func_array(Array, Array)
#3 [internal function]: Yee\Managers\Controller\Controller::__callStatic('___indexAction', Array)
#4 [internal function]: MyAccountController::___indexAction()
#5 C:\wamp64\www\Yee\Route.php(462): call_user_func_array('MyAccountContro...', Array)
#6 C:\wamp64\www\Yee\Yee.php(1334): Yee\Route->dispatch()
#7 C:\wamp64\www\Yee\Middleware\Flash.php(85): Yee\Yee->call()
#8 C:\wamp64\www\Yee\Middleware\MethodOverride.php(92): Yee\Middleware\Flash->call()
#9 C:\wamp64\www\Yee\Middleware\PrettyExceptions.php(67): Yee\Middleware\MethodOverride->call()
#10 C:\wamp64\www\Yee\Yee.php(1279): Yee\Middleware\PrettyExceptions->call()
#11 C:\wamp64\www\index.php(48): Yee\Yee->execute()
#12 {main}
ERROR - 2016-07-21 08:19:05 - exception 'ErrorException' with message 'Undefined variable: _SESSION' in C:\wamp64\www\App\Controllers\MyAccount\MyAccountController.php:15
Stack trace:
#0 C:\wamp64\www\App\Controllers\MyAccount\MyAccountController.php(15): Yee\Yee::handleErrors(8, 'Undefined varia...', 'C:\\wamp64\\www\\A...', 15, Array)
#1 [internal function]: MyAccountController->indexAction()
#2 C:\wamp64\www\Yee\Managers\Controller\Controller.php(22): call_user_func_array(Array, Array)
#3 [internal function]: Yee\Managers\Controller\Controller::__callStatic('___indexAction', Array)
#4 [internal function]: MyAccountController::___indexAction()
#5 C:\wamp64\www\Yee\Route.php(462): call_user_func_array('MyAccountContro...', Array)
#6 C:\wamp64\www\Yee\Yee.php(1334): Yee\Route->dispatch()
#7 C:\wamp64\www\Yee\Middleware\Flash.php(85): Yee\Yee->call()
#8 C:\wamp64\www\Yee\Middleware\MethodOverride.php(92): Yee\Middleware\Flash->call()
#9 C:\wamp64\www\Yee\Middleware\PrettyExceptions.php(67): Yee\Middleware\MethodOverride->call()
#10 C:\wamp64\www\Yee\Yee.php(1279): Yee\Middleware\PrettyExceptions->call()
#11 C:\wamp64\www\index.php(48): Yee\Yee->execute()
#12 {main}
ERROR - 2016-07-21 08:36:54 - exception 'ErrorException' with message 'session_destroy(): Trying to destroy uninitialized session' in C:\wamp64\www\App\Controllers\Logout\LogoutController.php:17
Stack trace:
#0 [internal function]: Yee\Yee::handleErrors(2, 'session_destroy...', 'C:\\wamp64\\www\\A...', 17, Array)
#1 C:\wamp64\www\App\Controllers\Logout\LogoutController.php(17): session_destroy()
#2 [internal function]: LogoutController->indexAction()
#3 C:\wamp64\www\Yee\Managers\Controller\Controller.php(22): call_user_func_array(Array, Array)
#4 [internal function]: Yee\Managers\Controller\Controller::__callStatic('___indexAction', Array)
#5 [internal function]: LogoutController::___indexAction()
#6 C:\wamp64\www\Yee\Route.php(462): call_user_func_array('LogoutControlle...', Array)
#7 C:\wamp64\www\Yee\Yee.php(1334): Yee\Route->dispatch()
#8 C:\wamp64\www\Yee\Middleware\Flash.php(85): Yee\Yee->call()
#9 C:\wamp64\www\Yee\Middleware\MethodOverride.php(92): Yee\Middleware\Flash->call()
#10 C:\wamp64\www\Yee\Middleware\PrettyExceptions.php(67): Yee\Middleware\MethodOverride->call()
#11 C:\wamp64\www\Yee\Yee.php(1279): Yee\Middleware\PrettyExceptions->call()
#12 C:\wamp64\www\index.php(48): Yee\Yee->execute()
#13 {main}
ERROR - 2016-07-21 08:37:01 - exception 'ErrorException' with message 'session_destroy(): Trying to destroy uninitialized session' in C:\wamp64\www\App\Controllers\Logout\LogoutController.php:17
Stack trace:
#0 [internal function]: Yee\Yee::handleErrors(2, 'session_destroy...', 'C:\\wamp64\\www\\A...', 17, Array)
#1 C:\wamp64\www\App\Controllers\Logout\LogoutController.php(17): session_destroy()
#2 [internal function]: LogoutController->indexAction()
#3 C:\wamp64\www\Yee\Managers\Controller\Controller.php(22): call_user_func_array(Array, Array)
#4 [internal function]: Yee\Managers\Controller\Controller::__callStatic('___indexAction', Array)
#5 [internal function]: LogoutController::___indexAction()
#6 C:\wamp64\www\Yee\Route.php(462): call_user_func_array('LogoutControlle...', Array)
#7 C:\wamp64\www\Yee\Yee.php(1334): Yee\Route->dispatch()
#8 C:\wamp64\www\Yee\Middleware\Flash.php(85): Yee\Yee->call()
#9 C:\wamp64\www\Yee\Middleware\MethodOverride.php(92): Yee\Middleware\Flash->call()
#10 C:\wamp64\www\Yee\Middleware\PrettyExceptions.php(67): Yee\Middleware\MethodOverride->call()
#11 C:\wamp64\www\Yee\Yee.php(1279): Yee\Middleware\PrettyExceptions->call()
#12 C:\wamp64\www\index.php(48): Yee\Yee->execute()
#13 {main}
ERROR - 2016-07-21 08:37:05 - exception 'ErrorException' with message 'session_destroy(): Trying to destroy uninitialized session' in C:\wamp64\www\App\Controllers\Logout\LogoutController.php:17
Stack trace:
#0 [internal function]: Yee\Yee::handleErrors(2, 'session_destroy...', 'C:\\wamp64\\www\\A...', 17, Array)
#1 C:\wamp64\www\App\Controllers\Logout\LogoutController.php(17): session_destroy()
#2 [internal function]: LogoutController->indexAction()
#3 C:\wamp64\www\Yee\Managers\Controller\Controller.php(22): call_user_func_array(Array, Array)
#4 [internal function]: Yee\Managers\Controller\Controller::__callStatic('___indexAction', Array)
#5 [internal function]: LogoutController::___indexAction()
#6 C:\wamp64\www\Yee\Route.php(462): call_user_func_array('LogoutControlle...', Array)
#7 C:\wamp64\www\Yee\Yee.php(1334): Yee\Route->dispatch()
#8 C:\wamp64\www\Yee\Middleware\Flash.php(85): Yee\Yee->call()
#9 C:\wamp64\www\Yee\Middleware\MethodOverride.php(92): Yee\Middleware\Flash->call()
#10 C:\wamp64\www\Yee\Middleware\PrettyExceptions.php(67): Yee\Middleware\MethodOverride->call()
#11 C:\wamp64\www\Yee\Yee.php(1279): Yee\Middleware\PrettyExceptions->call()
#12 C:\wamp64\www\index.php(48): Yee\Yee->execute()
#13 {main}
ERROR - 2016-07-21 08:37:57 - exception 'ErrorException' with message 'session_destroy(): Trying to destroy uninitialized session' in C:\wamp64\www\App\Controllers\Logout\LogoutController.php:17
Stack trace:
#0 [internal function]: Yee\Yee::handleErrors(2, 'session_destroy...', 'C:\\wamp64\\www\\A...', 17, Array)
#1 C:\wamp64\www\App\Controllers\Logout\LogoutController.php(17): session_destroy()
#2 [internal function]: LogoutController->indexAction()
#3 C:\wamp64\www\Yee\Managers\Controller\Controller.php(22): call_user_func_array(Array, Array)
#4 [internal function]: Yee\Managers\Controller\Controller::__callStatic('___indexAction', Array)
#5 [internal function]: LogoutController::___indexAction()
#6 C:\wamp64\www\Yee\Route.php(462): call_user_func_array('LogoutControlle...', Array)
#7 C:\wamp64\www\Yee\Yee.php(1334): Yee\Route->dispatch()
#8 C:\wamp64\www\Yee\Middleware\Flash.php(85): Yee\Yee->call()
#9 C:\wamp64\www\Yee\Middleware\MethodOverride.php(92): Yee\Middleware\Flash->call()
#10 C:\wamp64\www\Yee\Middleware\PrettyExceptions.php(67): Yee\Middleware\MethodOverride->call()
#11 C:\wamp64\www\Yee\Yee.php(1279): Yee\Middleware\PrettyExceptions->call()
#12 C:\wamp64\www\index.php(48): Yee\Yee->execute()
#13 {main}
ERROR - 2016-07-21 08:38:48 - exception 'ErrorException' with message 'session_destroy(): Trying to destroy uninitialized session' in C:\wamp64\www\App\Controllers\Logout\LogoutController.php:17
Stack trace:
#0 [internal function]: Yee\Yee::handleErrors(2, 'session_destroy...', 'C:\\wamp64\\www\\A...', 17, Array)
#1 C:\wamp64\www\App\Controllers\Logout\LogoutController.php(17): session_destroy()
#2 [internal function]: LogoutController->indexAction()
#3 C:\wamp64\www\Yee\Managers\Controller\Controller.php(22): call_user_func_array(Array, Array)
#4 [internal function]: Yee\Managers\Controller\Controller::__callStatic('___indexAction', Array)
#5 [internal function]: LogoutController::___indexAction()
#6 C:\wamp64\www\Yee\Route.php(462): call_user_func_array('LogoutControlle...', Array)
#7 C:\wamp64\www\Yee\Yee.php(1334): Yee\Route->dispatch()
#8 C:\wamp64\www\Yee\Middleware\Flash.php(85): Yee\Yee->call()
#9 C:\wamp64\www\Yee\Middleware\MethodOverride.php(92): Yee\Middleware\Flash->call()
#10 C:\wamp64\www\Yee\Middleware\PrettyExceptions.php(67): Yee\Middleware\MethodOverride->call()
#11 C:\wamp64\www\Yee\Yee.php(1279): Yee\Middleware\PrettyExceptions->call()
#12 C:\wamp64\www\index.php(48): Yee\Yee->execute()
#13 {main}
ERROR - 2016-07-21 08:40:36 - exception 'ErrorException' with message 'session_destroy(): Trying to destroy uninitialized session' in C:\wamp64\www\App\Controllers\Logout\LogoutController.php:17
Stack trace:
#0 [internal function]: Yee\Yee::handleErrors(2, 'session_destroy...', 'C:\\wamp64\\www\\A...', 17, Array)
#1 C:\wamp64\www\App\Controllers\Logout\LogoutController.php(17): session_destroy()
#2 [internal function]: LogoutController->indexAction()
#3 C:\wamp64\www\Yee\Managers\Controller\Controller.php(22): call_user_func_array(Array, Array)
#4 [internal function]: Yee\Managers\Controller\Controller::__callStatic('___indexAction', Array)
#5 [internal function]: LogoutController::___indexAction()
#6 C:\wamp64\www\Yee\Route.php(462): call_user_func_array('LogoutControlle...', Array)
#7 C:\wamp64\www\Yee\Yee.php(1334): Yee\Route->dispatch()
#8 C:\wamp64\www\Yee\Middleware\Flash.php(85): Yee\Yee->call()
#9 C:\wamp64\www\Yee\Middleware\MethodOverride.php(92): Yee\Middleware\Flash->call()
#10 C:\wamp64\www\Yee\Middleware\PrettyExceptions.php(67): Yee\Middleware\MethodOverride->call()
#11 C:\wamp64\www\Yee\Yee.php(1279): Yee\Middleware\PrettyExceptions->call()
#12 C:\wamp64\www\index.php(48): Yee\Yee->execute()
#13 {main}
ERROR - 2016-07-21 08:43:12 - exception 'Twig_Error_Syntax' with message 'Unexpected token "operator" of value "=" in "./common/header.tpl" at line 49' in C:\wamp64\www\Twig\ExpressionParser.php:175
Stack trace:
#0 C:\wamp64\www\Twig\ExpressionParser.php(84): Twig_ExpressionParser->parsePrimaryExpression()
#1 C:\wamp64\www\Twig\ExpressionParser.php(41): Twig_ExpressionParser->getPrimary()
#2 C:\wamp64\www\Twig\ExpressionParser.php(50): Twig_ExpressionParser->parseExpression(21)
#3 C:\wamp64\www\Twig\TokenParser\If.php(38): Twig_ExpressionParser->parseExpression()
#4 C:\wamp64\www\Twig\Parser.php(187): Twig_TokenParser_If->parse(Object(Twig_Token))
#5 C:\wamp64\www\Twig\Parser.php(95): Twig_Parser->subparse(NULL, false)
#6 C:\wamp64\www\Twig\Environment.php(507): Twig_Parser->parse(Object(Twig_TokenStream))
#7 C:\wamp64\www\Twig\Environment.php(559): Twig_Environment->parse(Object(Twig_TokenStream))
#8 C:\wamp64\www\Twig\Environment.php(334): Twig_Environment->compileSource('<!DOCTYPE html>...', './common/header...')
#9 C:\wamp64\www\cache\templates_c\2b\e3\429d67837cc3ea62cb1bb39bf23deb86ad519a2724f0be671df506c85ab5.php(22): Twig_Environment->loadTemplate('./common/header...')
#10 C:\wamp64\www\Twig\Template.php(279): __TwigTemplate_2be3429d67837cc3ea62cb1bb39bf23deb86ad519a2724f0be671df506c85ab5->doDisplay(Array, Array)
#11 C:\wamp64\www\Twig\Template.php(253): Twig_Template->displayWithErrorHandling(Array, Array)
#12 C:\wamp64\www\Twig\Template.php(264): Twig_Template->display(Array)
#13 C:\wamp64\www\Yee\Views\Twig.php(91): Twig_Template->render(Array)
#14 C:\wamp64\www\Yee\View.php(254): Yee\Views\Twig->render('pages/home.tpl', NULL)
#15 C:\wamp64\www\Yee\View.php(242): Yee\View->fetch('pages/home.tpl', NULL)
#16 C:\wamp64\www\Yee\Yee.php(765): Yee\View->display('pages/home.tpl')
#17 C:\wamp64\www\App\Controllers\Home\HomeController.php(31): Yee\Yee->render('pages/home.tpl', Array)
#18 [internal function]: HomeController->indexAction()
#19 C:\wamp64\www\Yee\Managers\Controller\Controller.php(22): call_user_func_array(Array, Array)
#20 [internal function]: Yee\Managers\Controller\Controller::__callStatic('___indexAction', Array)
#21 [internal function]: HomeController::___indexAction()
#22 C:\wamp64\www\Yee\Route.php(462): call_user_func_array('HomeController:...', Array)
#23 C:\wamp64\www\Yee\Yee.php(1334): Yee\Route->dispatch()
#24 C:\wamp64\www\Yee\Middleware\Flash.php(85): Yee\Yee->call()
#25 C:\wamp64\www\Yee\Middleware\MethodOverride.php(92): Yee\Middleware\Flash->call()
#26 C:\wamp64\www\Yee\Middleware\PrettyExceptions.php(67): Yee\Middleware\MethodOverride->call()
#27 C:\wamp64\www\Yee\Yee.php(1279): Yee\Middleware\PrettyExceptions->call()
#28 C:\wamp64\www\index.php(48): Yee\Yee->execute()
#29 {main}
ERROR - 2016-07-21 08:51:17 - exception 'ErrorException' with message 'Undefined variable: _SESSION' in C:\wamp64\www\App\Controllers\Home\HomeController.php:27
Stack trace:
#0 C:\wamp64\www\App\Controllers\Home\HomeController.php(27): Yee\Yee::handleErrors(8, 'Undefined varia...', 'C:\\wamp64\\www\\A...', 27, Array)
#1 [internal function]: HomeController->indexAction()
#2 C:\wamp64\www\Yee\Managers\Controller\Controller.php(22): call_user_func_array(Array, Array)
#3 [internal function]: Yee\Managers\Controller\Controller::__callStatic('___indexAction', Array)
#4 [internal function]: HomeController::___indexAction()
#5 C:\wamp64\www\Yee\Route.php(462): call_user_func_array('HomeController:...', Array)
#6 C:\wamp64\www\Yee\Yee.php(1334): Yee\Route->dispatch()
#7 C:\wamp64\www\Yee\Middleware\Flash.php(85): Yee\Yee->call()
#8 C:\wamp64\www\Yee\Middleware\MethodOverride.php(92): Yee\Middleware\Flash->call()
#9 C:\wamp64\www\Yee\Middleware\PrettyExceptions.php(67): Yee\Middleware\MethodOverride->call()
#10 C:\wamp64\www\Yee\Yee.php(1279): Yee\Middleware\PrettyExceptions->call()
#11 C:\wamp64\www\index.php(48): Yee\Yee->execute()
#12 {main}
ERROR - 2016-07-21 08:51:25 - exception 'ErrorException' with message 'Array to string conversion' in C:\wamp64\www\App\Controllers\Home\HomeController.php:28
Stack trace:
#0 C:\wamp64\www\App\Controllers\Home\HomeController.php(28): Yee\Yee::handleErrors(8, 'Array to string...', 'C:\\wamp64\\www\\A...', 28, Array)
#1 [internal function]: HomeController->indexAction()
#2 C:\wamp64\www\Yee\Managers\Controller\Controller.php(22): call_user_func_array(Array, Array)
#3 [internal function]: Yee\Managers\Controller\Controller::__callStatic('___indexAction', Array)
#4 [internal function]: HomeController::___indexAction()
#5 C:\wamp64\www\Yee\Route.php(462): call_user_func_array('HomeController:...', Array)
#6 C:\wamp64\www\Yee\Yee.php(1334): Yee\Route->dispatch()
#7 C:\wamp64\www\Yee\Middleware\Flash.php(85): Yee\Yee->call()
#8 C:\wamp64\www\Yee\Middleware\MethodOverride.php(92): Yee\Middleware\Flash->call()
#9 C:\wamp64\www\Yee\Middleware\PrettyExceptions.php(67): Yee\Middleware\MethodOverride->call()
#10 C:\wamp64\www\Yee\Yee.php(1279): Yee\Middleware\PrettyExceptions->call()
#11 C:\wamp64\www\index.php(48): Yee\Yee->execute()
#12 {main}
ERROR - 2016-07-21 08:51:39 - exception 'ErrorException' with message 'Array to string conversion' in C:\wamp64\www\App\Controllers\Home\HomeController.php:28
Stack trace:
#0 C:\wamp64\www\App\Controllers\Home\HomeController.php(28): Yee\Yee::handleErrors(8, 'Array to string...', 'C:\\wamp64\\www\\A...', 28, Array)
#1 [internal function]: HomeController->indexAction()
#2 C:\wamp64\www\Yee\Managers\Controller\Controller.php(22): call_user_func_array(Array, Array)
#3 [internal function]: Yee\Managers\Controller\Controller::__callStatic('___indexAction', Array)
#4 [internal function]: HomeController::___indexAction()
#5 C:\wamp64\www\Yee\Route.php(462): call_user_func_array('HomeController:...', Array)
#6 C:\wamp64\www\Yee\Yee.php(1334): Yee\Route->dispatch()
#7 C:\wamp64\www\Yee\Middleware\Flash.php(85): Yee\Yee->call()
#8 C:\wamp64\www\Yee\Middleware\MethodOverride.php(92): Yee\Middleware\Flash->call()
#9 C:\wamp64\www\Yee\Middleware\PrettyExceptions.php(67): Yee\Middleware\MethodOverride->call()
#10 C:\wamp64\www\Yee\Yee.php(1279): Yee\Middleware\PrettyExceptions->call()
#11 C:\wamp64\www\index.php(48): Yee\Yee->execute()
#12 {main}
ERROR - 2016-07-21 08:52:08 - exception 'ErrorException' with message 'Array to string conversion' in C:\wamp64\www\App\Controllers\Home\HomeController.php:29
Stack trace:
#0 C:\wamp64\www\App\Controllers\Home\HomeController.php(29): Yee\Yee::handleErrors(8, 'Array to string...', 'C:\\wamp64\\www\\A...', 29, Array)
#1 [internal function]: HomeController->indexAction()
#2 C:\wamp64\www\Yee\Managers\Controller\Controller.php(22): call_user_func_array(Array, Array)
#3 [internal function]: Yee\Managers\Controller\Controller::__callStatic('___indexAction', Array)
#4 [internal function]: HomeController::___indexAction()
#5 C:\wamp64\www\Yee\Route.php(462): call_user_func_array('HomeController:...', Array)
#6 C:\wamp64\www\Yee\Yee.php(1334): Yee\Route->dispatch()
#7 C:\wamp64\www\Yee\Middleware\Flash.php(85): Yee\Yee->call()
#8 C:\wamp64\www\Yee\Middleware\MethodOverride.php(92): Yee\Middleware\Flash->call()
#9 C:\wamp64\www\Yee\Middleware\PrettyExceptions.php(67): Yee\Middleware\MethodOverride->call()
#10 C:\wamp64\www\Yee\Yee.php(1279): Yee\Middleware\PrettyExceptions->call()
#11 C:\wamp64\www\index.php(48): Yee\Yee->execute()
#12 {main}
ERROR - 2016-07-21 08:52:10 - exception 'ErrorException' with message 'Array to string conversion' in C:\wamp64\www\App\Controllers\Home\HomeController.php:29
Stack trace:
#0 C:\wamp64\www\App\Controllers\Home\HomeController.php(29): Yee\Yee::handleErrors(8, 'Array to string...', 'C:\\wamp64\\www\\A...', 29, Array)
#1 [internal function]: HomeController->indexAction()
#2 C:\wamp64\www\Yee\Managers\Controller\Controller.php(22): call_user_func_array(Array, Array)
#3 [internal function]: Yee\Managers\Controller\Controller::__callStatic('___indexAction', Array)
#4 [internal function]: HomeController::___indexAction()
#5 C:\wamp64\www\Yee\Route.php(462): call_user_func_array('HomeController:...', Array)
#6 C:\wamp64\www\Yee\Yee.php(1334): Yee\Route->dispatch()
#7 C:\wamp64\www\Yee\Middleware\Flash.php(85): Yee\Yee->call()
#8 C:\wamp64\www\Yee\Middleware\MethodOverride.php(92): Yee\Middleware\Flash->call()
#9 C:\wamp64\www\Yee\Middleware\PrettyExceptions.php(67): Yee\Middleware\MethodOverride->call()
#10 C:\wamp64\www\Yee\Yee.php(1279): Yee\Middleware\PrettyExceptions->call()
#11 C:\wamp64\www\index.php(48): Yee\Yee->execute()
#12 {main}
ERROR - 2016-07-21 08:52:14 - exception 'ErrorException' with message 'Array to string conversion' in C:\wamp64\www\App\Controllers\Home\HomeController.php:29
Stack trace:
#0 C:\wamp64\www\App\Controllers\Home\HomeController.php(29): Yee\Yee::handleErrors(8, 'Array to string...', 'C:\\wamp64\\www\\A...', 29, Array)
#1 [internal function]: HomeController->indexAction()
#2 C:\wamp64\www\Yee\Managers\Controller\Controller.php(22): call_user_func_array(Array, Array)
#3 [internal function]: Yee\Managers\Controller\Controller::__callStatic('___indexAction', Array)
#4 [internal function]: HomeController::___indexAction()
#5 C:\wamp64\www\Yee\Route.php(462): call_user_func_array('HomeController:...', Array)
#6 C:\wamp64\www\Yee\Yee.php(1334): Yee\Route->dispatch()
#7 C:\wamp64\www\Yee\Middleware\Flash.php(85): Yee\Yee->call()
#8 C:\wamp64\www\Yee\Middleware\MethodOverride.php(92): Yee\Middleware\Flash->call()
#9 C:\wamp64\www\Yee\Middleware\PrettyExceptions.php(67): Yee\Middleware\MethodOverride->call()
#10 C:\wamp64\www\Yee\Yee.php(1279): Yee\Middleware\PrettyExceptions->call()
#11 C:\wamp64\www\index.php(48): Yee\Yee->execute()
#12 {main}
ERROR - 2016-07-21 08:52:18 - exception 'ErrorException' with message 'Array to string conversion' in C:\wamp64\www\App\Controllers\Home\HomeController.php:29
Stack trace:
#0 C:\wamp64\www\App\Controllers\Home\HomeController.php(29): Yee\Yee::handleErrors(8, 'Array to string...', 'C:\\wamp64\\www\\A...', 29, Array)
#1 [internal function]: HomeController->indexAction()
#2 C:\wamp64\www\Yee\Managers\Controller\Controller.php(22): call_user_func_array(Array, Array)
#3 [internal function]: Yee\Managers\Controller\Controller::__callStatic('___indexAction', Array)
#4 [internal function]: HomeController::___indexAction()
#5 C:\wamp64\www\Yee\Route.php(462): call_user_func_array('HomeController:...', Array)
#6 C:\wamp64\www\Yee\Yee.php(1334): Yee\Route->dispatch()
#7 C:\wamp64\www\Yee\Middleware\Flash.php(85): Yee\Yee->call()
#8 C:\wamp64\www\Yee\Middleware\MethodOverride.php(92): Yee\Middleware\Flash->call()
#9 C:\wamp64\www\Yee\Middleware\PrettyExceptions.php(67): Yee\Middleware\MethodOverride->call()
#10 C:\wamp64\www\Yee\Yee.php(1279): Yee\Middleware\PrettyExceptions->call()
#11 C:\wamp64\www\index.php(48): Yee\Yee->execute()
#12 {main}
ERROR - 2016-07-21 08:52:25 - exception 'ErrorException' with message 'Array to string conversion' in C:\wamp64\www\App\Controllers\Home\HomeController.php:29
Stack trace:
#0 C:\wamp64\www\App\Controllers\Home\HomeController.php(29): Yee\Yee::handleErrors(8, 'Array to string...', 'C:\\wamp64\\www\\A...', 29, Array)
#1 [internal function]: HomeController->indexAction()
#2 C:\wamp64\www\Yee\Managers\Controller\Controller.php(22): call_user_func_array(Array, Array)
#3 [internal function]: Yee\Managers\Controller\Controller::__callStatic('___indexAction', Array)
#4 [internal function]: HomeController::___indexAction()
#5 C:\wamp64\www\Yee\Route.php(462): call_user_func_array('HomeController:...', Array)
#6 C:\wamp64\www\Yee\Yee.php(1334): Yee\Route->dispatch()
#7 C:\wamp64\www\Yee\Middleware\Flash.php(85): Yee\Yee->call()
#8 C:\wamp64\www\Yee\Middleware\MethodOverride.php(92): Yee\Middleware\Flash->call()
#9 C:\wamp64\www\Yee\Middleware\PrettyExceptions.php(67): Yee\Middleware\MethodOverride->call()
#10 C:\wamp64\www\Yee\Yee.php(1279): Yee\Middleware\PrettyExceptions->call()
#11 C:\wamp64\www\index.php(48): Yee\Yee->execute()
#12 {main}
ERROR - 2016-07-21 08:52:29 - exception 'ErrorException' with message 'Array to string conversion' in C:\wamp64\www\App\Controllers\Home\HomeController.php:29
Stack trace:
#0 C:\wamp64\www\App\Controllers\Home\HomeController.php(29): Yee\Yee::handleErrors(8, 'Array to string...', 'C:\\wamp64\\www\\A...', 29, Array)
#1 [internal function]: HomeController->indexAction()
#2 C:\wamp64\www\Yee\Managers\Controller\Controller.php(22): call_user_func_array(Array, Array)
#3 [internal function]: Yee\Managers\Controller\Controller::__callStatic('___indexAction', Array)
#4 [internal function]: HomeController::___indexAction()
#5 C:\wamp64\www\Yee\Route.php(462): call_user_func_array('HomeController:...', Array)
#6 C:\wamp64\www\Yee\Yee.php(1334): Yee\Route->dispatch()
#7 C:\wamp64\www\Yee\Middleware\Flash.php(85): Yee\Yee->call()
#8 C:\wamp64\www\Yee\Middleware\MethodOverride.php(92): Yee\Middleware\Flash->call()
#9 C:\wamp64\www\Yee\Middleware\PrettyExceptions.php(67): Yee\Middleware\MethodOverride->call()
#10 C:\wamp64\www\Yee\Yee.php(1279): Yee\Middleware\PrettyExceptions->call()
#11 C:\wamp64\www\index.php(48): Yee\Yee->execute()
#12 {main}
ERROR - 2016-07-21 08:52:34 - exception 'ErrorException' with message 'Array to string conversion' in C:\wamp64\www\App\Controllers\Home\HomeController.php:29
Stack trace:
#0 C:\wamp64\www\App\Controllers\Home\HomeController.php(29): Yee\Yee::handleErrors(8, 'Array to string...', 'C:\\wamp64\\www\\A...', 29, Array)
#1 [internal function]: HomeController->indexAction()
#2 C:\wamp64\www\Yee\Managers\Controller\Controller.php(22): call_user_func_array(Array, Array)
#3 [internal function]: Yee\Managers\Controller\Controller::__callStatic('___indexAction', Array)
#4 [internal function]: HomeController::___indexAction()
#5 C:\wamp64\www\Yee\Route.php(462): call_user_func_array('HomeController:...', Array)
#6 C:\wamp64\www\Yee\Yee.php(1334): Yee\Route->dispatch()
#7 C:\wamp64\www\Yee\Middleware\Flash.php(85): Yee\Yee->call()
#8 C:\wamp64\www\Yee\Middleware\MethodOverride.php(92): Yee\Middleware\Flash->call()
#9 C:\wamp64\www\Yee\Middleware\PrettyExceptions.php(67): Yee\Middleware\MethodOverride->call()
#10 C:\wamp64\www\Yee\Yee.php(1279): Yee\Middleware\PrettyExceptions->call()
#11 C:\wamp64\www\index.php(48): Yee\Yee->execute()
#12 {main}
ERROR - 2016-07-21 08:52:48 - exception 'ErrorException' with message 'Undefined index: email' in C:\wamp64\www\App\Controllers\Home\HomeController.php:28
Stack trace:
#0 C:\wamp64\www\App\Controllers\Home\HomeController.php(28): Yee\Yee::handleErrors(8, 'Undefined index...', 'C:\\wamp64\\www\\A...', 28, Array)
#1 [internal function]: HomeController->indexAction()
#2 C:\wamp64\www\Yee\Managers\Controller\Controller.php(22): call_user_func_array(Array, Array)
#3 [internal function]: Yee\Managers\Controller\Controller::__callStatic('___indexAction', Array)
#4 [internal function]: HomeController::___indexAction()
#5 C:\wamp64\www\Yee\Route.php(462): call_user_func_array('HomeController:...', Array)
#6 C:\wamp64\www\Yee\Yee.php(1334): Yee\Route->dispatch()
#7 C:\wamp64\www\Yee\Middleware\Flash.php(85): Yee\Yee->call()
#8 C:\wamp64\www\Yee\Middleware\MethodOverride.php(92): Yee\Middleware\Flash->call()
#9 C:\wamp64\www\Yee\Middleware\PrettyExceptions.php(67): Yee\Middleware\MethodOverride->call()
#10 C:\wamp64\www\Yee\Yee.php(1279): Yee\Middleware\PrettyExceptions->call()
#11 C:\wamp64\www\index.php(48): Yee\Yee->execute()
#12 {main}
ERROR - 2016-07-21 08:53:22 - exception 'ErrorException' with message 'Undefined index: isLogged' in C:\wamp64\www\App\Controllers\Home\HomeController.php:28
Stack trace:
#0 C:\wamp64\www\App\Controllers\Home\HomeController.php(28): Yee\Yee::handleErrors(8, 'Undefined index...', 'C:\\wamp64\\www\\A...', 28, Array)
#1 [internal function]: HomeController->indexAction()
#2 C:\wamp64\www\Yee\Managers\Controller\Controller.php(22): call_user_func_array(Array, Array)
#3 [internal function]: Yee\Managers\Controller\Controller::__callStatic('___indexAction', Array)
#4 [internal function]: HomeController::___indexAction()
#5 C:\wamp64\www\Yee\Route.php(462): call_user_func_array('HomeController:...', Array)
#6 C:\wamp64\www\Yee\Yee.php(1334): Yee\Route->dispatch()
#7 C:\wamp64\www\Yee\Middleware\Flash.php(85): Yee\Yee->call()
#8 C:\wamp64\www\Yee\Middleware\MethodOverride.php(92): Yee\Middleware\Flash->call()
#9 C:\wamp64\www\Yee\Middleware\PrettyExceptions.php(67): Yee\Middleware\MethodOverride->call()
#10 C:\wamp64\www\Yee\Yee.php(1279): Yee\Middleware\PrettyExceptions->call()
#11 C:\wamp64\www\index.php(48): Yee\Yee->execute()
#12 {main}
ERROR - 2016-07-21 08:53:24 - exception 'ErrorException' with message 'Undefined index: isLogged' in C:\wamp64\www\App\Controllers\Home\HomeController.php:28
Stack trace:
#0 C:\wamp64\www\App\Controllers\Home\HomeController.php(28): Yee\Yee::handleErrors(8, 'Undefined index...', 'C:\\wamp64\\www\\A...', 28, Array)
#1 [internal function]: HomeController->indexAction()
#2 C:\wamp64\www\Yee\Managers\Controller\Controller.php(22): call_user_func_array(Array, Array)
#3 [internal function]: Yee\Managers\Controller\Controller::__callStatic('___indexAction', Array)
#4 [internal function]: HomeController::___indexAction()
#5 C:\wamp64\www\Yee\Route.php(462): call_user_func_array('HomeController:...', Array)
#6 C:\wamp64\www\Yee\Yee.php(1334): Yee\Route->dispatch()
#7 C:\wamp64\www\Yee\Middleware\Flash.php(85): Yee\Yee->call()
#8 C:\wamp64\www\Yee\Middleware\MethodOverride.php(92): Yee\Middleware\Flash->call()
#9 C:\wamp64\www\Yee\Middleware\PrettyExceptions.php(67): Yee\Middleware\MethodOverride->call()
#10 C:\wamp64\www\Yee\Yee.php(1279): Yee\Middleware\PrettyExceptions->call()
#11 C:\wamp64\www\index.php(48): Yee\Yee->execute()
#12 {main}
ERROR - 2016-07-21 08:54:00 - exception 'ErrorException' with message 'Undefined index: isLogged' in C:\wamp64\www\App\Controllers\Home\HomeController.php:28
Stack trace:
#0 C:\wamp64\www\App\Controllers\Home\HomeController.php(28): Yee\Yee::handleErrors(8, 'Undefined index...', 'C:\\wamp64\\www\\A...', 28, Array)
#1 [internal function]: HomeController->indexAction()
#2 C:\wamp64\www\Yee\Managers\Controller\Controller.php(22): call_user_func_array(Array, Array)
#3 [internal function]: Yee\Managers\Controller\Controller::__callStatic('___indexAction', Array)
#4 [internal function]: HomeController::___indexAction()
#5 C:\wamp64\www\Yee\Route.php(462): call_user_func_array('HomeController:...', Array)
#6 C:\wamp64\www\Yee\Yee.php(1334): Yee\Route->dispatch()
#7 C:\wamp64\www\Yee\Middleware\Flash.php(85): Yee\Yee->call()
#8 C:\wamp64\www\Yee\Middleware\MethodOverride.php(92): Yee\Middleware\Flash->call()
#9 C:\wamp64\www\Yee\Middleware\PrettyExceptions.php(67): Yee\Middleware\MethodOverride->call()
#10 C:\wamp64\www\Yee\Yee.php(1279): Yee\Middleware\PrettyExceptions->call()
#11 C:\wamp64\www\index.php(48): Yee\Yee->execute()
#12 {main}
ERROR - 2016-07-21 08:54:01 - exception 'ErrorException' with message 'Undefined index: isLogged' in C:\wamp64\www\App\Controllers\Home\HomeController.php:28
Stack trace:
#0 C:\wamp64\www\App\Controllers\Home\HomeController.php(28): Yee\Yee::handleErrors(8, 'Undefined index...', 'C:\\wamp64\\www\\A...', 28, Array)
#1 [internal function]: HomeController->indexAction()
#2 C:\wamp64\www\Yee\Managers\Controller\Controller.php(22): call_user_func_array(Array, Array)
#3 [internal function]: Yee\Managers\Controller\Controller::__callStatic('___indexAction', Array)
#4 [internal function]: HomeController::___indexAction()
#5 C:\wamp64\www\Yee\Route.php(462): call_user_func_array('HomeController:...', Array)
#6 C:\wamp64\www\Yee\Yee.php(1334): Yee\Route->dispatch()
#7 C:\wamp64\www\Yee\Middleware\Flash.php(85): Yee\Yee->call()
#8 C:\wamp64\www\Yee\Middleware\MethodOverride.php(92): Yee\Middleware\Flash->call()
#9 C:\wamp64\www\Yee\Middleware\PrettyExceptions.php(67): Yee\Middleware\MethodOverride->call()
#10 C:\wamp64\www\Yee\Yee.php(1279): Yee\Middleware\PrettyExceptions->call()
#11 C:\wamp64\www\index.php(48): Yee\Yee->execute()
#12 {main}
ERROR - 2016-07-21 08:54:02 - exception 'ErrorException' with message 'Undefined index: isLogged' in C:\wamp64\www\App\Controllers\Home\HomeController.php:28
Stack trace:
#0 C:\wamp64\www\App\Controllers\Home\HomeController.php(28): Yee\Yee::handleErrors(8, 'Undefined index...', 'C:\\wamp64\\www\\A...', 28, Array)
#1 [internal function]: HomeController->indexAction()
#2 C:\wamp64\www\Yee\Managers\Controller\Controller.php(22): call_user_func_array(Array, Array)
#3 [internal function]: Yee\Managers\Controller\Controller::__callStatic('___indexAction', Array)
#4 [internal function]: HomeController::___indexAction()
#5 C:\wamp64\www\Yee\Route.php(462): call_user_func_array('HomeController:...', Array)
#6 C:\wamp64\www\Yee\Yee.php(1334): Yee\Route->dispatch()
#7 C:\wamp64\www\Yee\Middleware\Flash.php(85): Yee\Yee->call()
#8 C:\wamp64\www\Yee\Middleware\MethodOverride.php(92): Yee\Middleware\Flash->call()
#9 C:\wamp64\www\Yee\Middleware\PrettyExceptions.php(67): Yee\Middleware\MethodOverride->call()
#10 C:\wamp64\www\Yee\Yee.php(1279): Yee\Middleware\PrettyExceptions->call()
#11 C:\wamp64\www\index.php(48): Yee\Yee->execute()
#12 {main}
ERROR - 2016-07-21 08:54:06 - exception 'ErrorException' with message 'Undefined index: isLogged' in C:\wamp64\www\App\Controllers\Home\HomeController.php:28
Stack trace:
#0 C:\wamp64\www\App\Controllers\Home\HomeController.php(28): Yee\Yee::handleErrors(8, 'Undefined index...', 'C:\\wamp64\\www\\A...', 28, Array)
#1 [internal function]: HomeController->indexAction()
#2 C:\wamp64\www\Yee\Managers\Controller\Controller.php(22): call_user_func_array(Array, Array)
#3 [internal function]: Yee\Managers\Controller\Controller::__callStatic('___indexAction', Array)
#4 [internal function]: HomeController::___indexAction()
#5 C:\wamp64\www\Yee\Route.php(462): call_user_func_array('HomeController:...', Array)
#6 C:\wamp64\www\Yee\Yee.php(1334): Yee\Route->dispatch()
#7 C:\wamp64\www\Yee\Middleware\Flash.php(85): Yee\Yee->call()
#8 C:\wamp64\www\Yee\Middleware\MethodOverride.php(92): Yee\Middleware\Flash->call()
#9 C:\wamp64\www\Yee\Middleware\PrettyExceptions.php(67): Yee\Middleware\MethodOverride->call()
#10 C:\wamp64\www\Yee\Yee.php(1279): Yee\Middleware\PrettyExceptions->call()
#11 C:\wamp64\www\index.php(48): Yee\Yee->execute()
#12 {main}
ERROR - 2016-07-21 08:54:08 - exception 'ErrorException' with message 'Undefined index: isLogged' in C:\wamp64\www\App\Controllers\Home\HomeController.php:28
Stack trace:
#0 C:\wamp64\www\App\Controllers\Home\HomeController.php(28): Yee\Yee::handleErrors(8, 'Undefined index...', 'C:\\wamp64\\www\\A...', 28, Array)
#1 [internal function]: HomeController->indexAction()
#2 C:\wamp64\www\Yee\Managers\Controller\Controller.php(22): call_user_func_array(Array, Array)
#3 [internal function]: Yee\Managers\Controller\Controller::__callStatic('___indexAction', Array)
#4 [internal function]: HomeController::___indexAction()
#5 C:\wamp64\www\Yee\Route.php(462): call_user_func_array('HomeController:...', Array)
#6 C:\wamp64\www\Yee\Yee.php(1334): Yee\Route->dispatch()
#7 C:\wamp64\www\Yee\Middleware\Flash.php(85): Yee\Yee->call()
#8 C:\wamp64\www\Yee\Middleware\MethodOverride.php(92): Yee\Middleware\Flash->call()
#9 C:\wamp64\www\Yee\Middleware\PrettyExceptions.php(67): Yee\Middleware\MethodOverride->call()
#10 C:\wamp64\www\Yee\Yee.php(1279): Yee\Middleware\PrettyExceptions->call()
#11 C:\wamp64\www\index.php(48): Yee\Yee->execute()
#12 {main}
ERROR - 2016-07-21 08:58:20 - exception 'Twig_Error_Syntax' with message 'The function "session_id" does not exist in "./common/header.tpl" at line 49' in C:\wamp64\www\Twig\ExpressionParser.php:553
Stack trace:
#0 C:\wamp64\www\Twig\ExpressionParser.php(336): Twig_ExpressionParser->getFunctionNodeClass('session_id', 49)
#1 C:\wamp64\www\Twig\ExpressionParser.php(144): Twig_ExpressionParser->getFunctionNode('session_id', 49)
#2 C:\wamp64\www\Twig\ExpressionParser.php(84): Twig_ExpressionParser->parsePrimaryExpression()
#3 C:\wamp64\www\Twig\ExpressionParser.php(41): Twig_ExpressionParser->getPrimary()
#4 C:\wamp64\www\Twig\TokenParser\If.php(38): Twig_ExpressionParser->parseExpression()
#5 C:\wamp64\www\Twig\Parser.php(187): Twig_TokenParser_If->parse(Object(Twig_Token))
#6 C:\wamp64\www\Twig\Parser.php(95): Twig_Parser->subparse(NULL, false)
#7 C:\wamp64\www\Twig\Environment.php(507): Twig_Parser->parse(Object(Twig_TokenStream))
#8 C:\wamp64\www\Twig\Environment.php(559): Twig_Environment->parse(Object(Twig_TokenStream))
#9 C:\wamp64\www\Twig\Environment.php(334): Twig_Environment->compileSource('<!DOCTYPE html>...', './common/header...')
#10 C:\wamp64\www\cache\templates_c\2b\e3\429d67837cc3ea62cb1bb39bf23deb86ad519a2724f0be671df506c85ab5.php(22): Twig_Environment->loadTemplate('./common/header...')
#11 C:\wamp64\www\Twig\Template.php(279): __TwigTemplate_2be3429d67837cc3ea62cb1bb39bf23deb86ad519a2724f0be671df506c85ab5->doDisplay(Array, Array)
#12 C:\wamp64\www\Twig\Template.php(253): Twig_Template->displayWithErrorHandling(Array, Array)
#13 C:\wamp64\www\Twig\Template.php(264): Twig_Template->display(Array)
#14 C:\wamp64\www\Yee\Views\Twig.php(91): Twig_Template->render(Array)
#15 C:\wamp64\www\Yee\View.php(254): Yee\Views\Twig->render('pages/home.tpl', NULL)
#16 C:\wamp64\www\Yee\View.php(242): Yee\View->fetch('pages/home.tpl', NULL)
#17 C:\wamp64\www\Yee\Yee.php(765): Yee\View->display('pages/home.tpl')
#18 C:\wamp64\www\App\Controllers\Home\HomeController.php(31): Yee\Yee->render('pages/home.tpl', Array)
#19 [internal function]: HomeController->indexAction()
#20 C:\wamp64\www\Yee\Managers\Controller\Controller.php(22): call_user_func_array(Array, Array)
#21 [internal function]: Yee\Managers\Controller\Controller::__callStatic('___indexAction', Array)
#22 [internal function]: HomeController::___indexAction()
#23 C:\wamp64\www\Yee\Route.php(462): call_user_func_array('HomeController:...', Array)
#24 C:\wamp64\www\Yee\Yee.php(1334): Yee\Route->dispatch()
#25 C:\wamp64\www\Yee\Middleware\Flash.php(85): Yee\Yee->call()
#26 C:\wamp64\www\Yee\Middleware\MethodOverride.php(92): Yee\Middleware\Flash->call()
#27 C:\wamp64\www\Yee\Middleware\PrettyExceptions.php(67): Yee\Middleware\MethodOverride->call()
#28 C:\wamp64\www\Yee\Yee.php(1279): Yee\Middleware\PrettyExceptions->call()
#29 C:\wamp64\www\index.php(48): Yee\Yee->execute()
#30 {main}
ERROR - 2016-07-21 09:04:52 - exception 'ErrorException' with message 'Undefined index: email' in C:\wamp64\www\App\Controllers\MyAccount\MyAccountController.php:19
Stack trace:
#0 C:\wamp64\www\App\Controllers\MyAccount\MyAccountController.php(19): Yee\Yee::handleErrors(8, 'Undefined index...', 'C:\\wamp64\\www\\A...', 19, Array)
#1 [internal function]: MyAccountController->indexAction()
#2 C:\wamp64\www\Yee\Managers\Controller\Controller.php(22): call_user_func_array(Array, Array)
#3 [internal function]: Yee\Managers\Controller\Controller::__callStatic('___indexAction', Array)
#4 [internal function]: MyAccountController::___indexAction()
#5 C:\wamp64\www\Yee\Route.php(462): call_user_func_array('MyAccountContro...', Array)
#6 C:\wamp64\www\Yee\Yee.php(1334): Yee\Route->dispatch()
#7 C:\wamp64\www\Yee\Middleware\Flash.php(85): Yee\Yee->call()
#8 C:\wamp64\www\Yee\Middleware\MethodOverride.php(92): Yee\Middleware\Flash->call()
#9 C:\wamp64\www\Yee\Middleware\PrettyExceptions.php(67): Yee\Middleware\MethodOverride->call()
#10 C:\wamp64\www\Yee\Yee.php(1279): Yee\Middleware\PrettyExceptions->call()
#11 C:\wamp64\www\index.php(48): Yee\Yee->execute()
#12 {main}
ERROR - 2016-07-21 09:10:03 - exception 'ErrorException' with message 'A session had already been started - ignoring session_start()' in C:\wamp64\www\App\Controllers\Logout\LogoutController.php:16
Stack trace:
#0 [internal function]: Yee\Yee::handleErrors(8, 'A session had a...', 'C:\\wamp64\\www\\A...', 16, Array)
#1 C:\wamp64\www\App\Controllers\Logout\LogoutController.php(16): session_start()
#2 [internal function]: LogoutController->indexAction()
#3 C:\wamp64\www\Yee\Managers\Controller\Controller.php(22): call_user_func_array(Array, Array)
#4 [internal function]: Yee\Managers\Controller\Controller::__callStatic('___indexAction', Array)
#5 [internal function]: LogoutController::___indexAction()
#6 C:\wamp64\www\Yee\Route.php(462): call_user_func_array('LogoutControlle...', Array)
#7 C:\wamp64\www\Yee\Yee.php(1334): Yee\Route->dispatch()
#8 C:\wamp64\www\Yee\Middleware\Flash.php(85): Yee\Yee->call()
#9 C:\wamp64\www\Yee\Middleware\MethodOverride.php(92): Yee\Middleware\Flash->call()
#10 C:\wamp64\www\Yee\Middleware\PrettyExceptions.php(67): Yee\Middleware\MethodOverride->call()
#11 C:\wamp64\www\Yee\Yee.php(1279): Yee\Middleware\PrettyExceptions->call()
#12 C:\wamp64\www\index.php(48): Yee\Yee->execute()
#13 {main}
ERROR - 2016-07-21 09:10:15 - exception 'ErrorException' with message 'Undefined index: isLogged' in C:\wamp64\www\App\Controllers\Home\HomeController.php:27
Stack trace:
#0 C:\wamp64\www\App\Controllers\Home\HomeController.php(27): Yee\Yee::handleErrors(8, 'Undefined index...', 'C:\\wamp64\\www\\A...', 27, Array)
#1 [internal function]: HomeController->indexAction()
#2 C:\wamp64\www\Yee\Managers\Controller\Controller.php(22): call_user_func_array(Array, Array)
#3 [internal function]: Yee\Managers\Controller\Controller::__callStatic('___indexAction', Array)
#4 [internal function]: HomeController::___indexAction()
#5 C:\wamp64\www\Yee\Route.php(462): call_user_func_array('HomeController:...', Array)
#6 C:\wamp64\www\Yee\Yee.php(1334): Yee\Route->dispatch()
#7 C:\wamp64\www\Yee\Middleware\Flash.php(85): Yee\Yee->call()
#8 C:\wamp64\www\Yee\Middleware\MethodOverride.php(92): Yee\Middleware\Flash->call()
#9 C:\wamp64\www\Yee\Middleware\PrettyExceptions.php(67): Yee\Middleware\MethodOverride->call()
#10 C:\wamp64\www\Yee\Yee.php(1279): Yee\Middleware\PrettyExceptions->call()
#11 C:\wamp64\www\index.php(48): Yee\Yee->execute()
#12 {main}
ERROR - 2016-07-21 09:10:18 - exception 'ErrorException' with message 'Undefined index: isLogged' in C:\wamp64\www\App\Controllers\Home\HomeController.php:27
Stack trace:
#0 C:\wamp64\www\App\Controllers\Home\HomeController.php(27): Yee\Yee::handleErrors(8, 'Undefined index...', 'C:\\wamp64\\www\\A...', 27, Array)
#1 [internal function]: HomeController->indexAction()
#2 C:\wamp64\www\Yee\Managers\Controller\Controller.php(22): call_user_func_array(Array, Array)
#3 [internal function]: Yee\Managers\Controller\Controller::__callStatic('___indexAction', Array)
#4 [internal function]: HomeController::___indexAction()
#5 C:\wamp64\www\Yee\Route.php(462): call_user_func_array('HomeController:...', Array)
#6 C:\wamp64\www\Yee\Yee.php(1334): Yee\Route->dispatch()
#7 C:\wamp64\www\Yee\Middleware\Flash.php(85): Yee\Yee->call()
#8 C:\wamp64\www\Yee\Middleware\MethodOverride.php(92): Yee\Middleware\Flash->call()
#9 C:\wamp64\www\Yee\Middleware\PrettyExceptions.php(67): Yee\Middleware\MethodOverride->call()
#10 C:\wamp64\www\Yee\Yee.php(1279): Yee\Middleware\PrettyExceptions->call()
#11 C:\wamp64\www\index.php(48): Yee\Yee->execute()
#12 {main}
ERROR - 2016-07-21 09:10:19 - exception 'ErrorException' with message 'Undefined index: isLogged' in C:\wamp64\www\App\Controllers\Home\HomeController.php:27
Stack trace:
#0 C:\wamp64\www\App\Controllers\Home\HomeController.php(27): Yee\Yee::handleErrors(8, 'Undefined index...', 'C:\\wamp64\\www\\A...', 27, Array)
#1 [internal function]: HomeController->indexAction()
#2 C:\wamp64\www\Yee\Managers\Controller\Controller.php(22): call_user_func_array(Array, Array)
#3 [internal function]: Yee\Managers\Controller\Controller::__callStatic('___indexAction', Array)
#4 [internal function]: HomeController::___indexAction()
#5 C:\wamp64\www\Yee\Route.php(462): call_user_func_array('HomeController:...', Array)
#6 C:\wamp64\www\Yee\Yee.php(1334): Yee\Route->dispatch()
#7 C:\wamp64\www\Yee\Middleware\Flash.php(85): Yee\Yee->call()
#8 C:\wamp64\www\Yee\Middleware\MethodOverride.php(92): Yee\Middleware\Flash->call()
#9 C:\wamp64\www\Yee\Middleware\PrettyExceptions.php(67): Yee\Middleware\MethodOverride->call()
#10 C:\wamp64\www\Yee\Yee.php(1279): Yee\Middleware\PrettyExceptions->call()
#11 C:\wamp64\www\index.php(48): Yee\Yee->execute()
#12 {main}
ERROR - 2016-07-21 09:10:23 - exception 'ErrorException' with message 'Undefined index: isLogged' in C:\wamp64\www\App\Controllers\Home\HomeController.php:27
Stack trace:
#0 C:\wamp64\www\App\Controllers\Home\HomeController.php(27): Yee\Yee::handleErrors(8, 'Undefined index...', 'C:\\wamp64\\www\\A...', 27, Array)
#1 [internal function]: HomeController->indexAction()
#2 C:\wamp64\www\Yee\Managers\Controller\Controller.php(22): call_user_func_array(Array, Array)
#3 [internal function]: Yee\Managers\Controller\Controller::__callStatic('___indexAction', Array)
#4 [internal function]: HomeController::___indexAction()
#5 C:\wamp64\www\Yee\Route.php(462): call_user_func_array('HomeController:...', Array)
#6 C:\wamp64\www\Yee\Yee.php(1334): Yee\Route->dispatch()
#7 C:\wamp64\www\Yee\Middleware\Flash.php(85): Yee\Yee->call()
#8 C:\wamp64\www\Yee\Middleware\MethodOverride.php(92): Yee\Middleware\Flash->call()
#9 C:\wamp64\www\Yee\Middleware\PrettyExceptions.php(67): Yee\Middleware\MethodOverride->call()
#10 C:\wamp64\www\Yee\Yee.php(1279): Yee\Middleware\PrettyExceptions->call()
#11 C:\wamp64\www\index.php(48): Yee\Yee->execute()
#12 {main}
ERROR - 2016-07-21 09:10:31 - exception 'ErrorException' with message 'Undefined index: isLogged' in C:\wamp64\www\App\Controllers\Home\HomeController.php:27
Stack trace:
#0 C:\wamp64\www\App\Controllers\Home\HomeController.php(27): Yee\Yee::handleErrors(8, 'Undefined index...', 'C:\\wamp64\\www\\A...', 27, Array)
#1 [internal function]: HomeController->indexAction()
#2 C:\wamp64\www\Yee\Managers\Controller\Controller.php(22): call_user_func_array(Array, Array)
#3 [internal function]: Yee\Managers\Controller\Controller::__callStatic('___indexAction', Array)
#4 [internal function]: HomeController::___indexAction()
#5 C:\wamp64\www\Yee\Route.php(462): call_user_func_array('HomeController:...', Array)
#6 C:\wamp64\www\Yee\Yee.php(1334): Yee\Route->dispatch()
#7 C:\wamp64\www\Yee\Middleware\Flash.php(85): Yee\Yee->call()
#8 C:\wamp64\www\Yee\Middleware\MethodOverride.php(92): Yee\Middleware\Flash->call()
#9 C:\wamp64\www\Yee\Middleware\PrettyExceptions.php(67): Yee\Middleware\MethodOverride->call()
#10 C:\wamp64\www\Yee\Yee.php(1279): Yee\Middleware\PrettyExceptions->call()
#11 C:\wamp64\www\index.php(48): Yee\Yee->execute()
#12 {main}
ERROR - 2016-07-21 09:10:33 - exception 'ErrorException' with message 'Undefined index: isLogged' in C:\wamp64\www\App\Controllers\Home\HomeController.php:27
Stack trace:
#0 C:\wamp64\www\App\Controllers\Home\HomeController.php(27): Yee\Yee::handleErrors(8, 'Undefined index...', 'C:\\wamp64\\www\\A...', 27, Array)
#1 [internal function]: HomeController->indexAction()
#2 C:\wamp64\www\Yee\Managers\Controller\Controller.php(22): call_user_func_array(Array, Array)
#3 [internal function]: Yee\Managers\Controller\Controller::__callStatic('___indexAction', Array)
#4 [internal function]: HomeController::___indexAction()
#5 C:\wamp64\www\Yee\Route.php(462): call_user_func_array('HomeController:...', Array)
#6 C:\wamp64\www\Yee\Yee.php(1334): Yee\Route->dispatch()
#7 C:\wamp64\www\Yee\Middleware\Flash.php(85): Yee\Yee->call()
#8 C:\wamp64\www\Yee\Middleware\MethodOverride.php(92): Yee\Middleware\Flash->call()
#9 C:\wamp64\www\Yee\Middleware\PrettyExceptions.php(67): Yee\Middleware\MethodOverride->call()
#10 C:\wamp64\www\Yee\Yee.php(1279): Yee\Middleware\PrettyExceptions->call()
#11 C:\wamp64\www\index.php(48): Yee\Yee->execute()
#12 {main}
ERROR - 2016-07-21 09:10:34 - exception 'ErrorException' with message 'Undefined index: isLogged' in C:\wamp64\www\App\Controllers\Home\HomeController.php:27
Stack trace:
#0 C:\wamp64\www\App\Controllers\Home\HomeController.php(27): Yee\Yee::handleErrors(8, 'Undefined index...', 'C:\\wamp64\\www\\A...', 27, Array)
#1 [internal function]: HomeController->indexAction()
#2 C:\wamp64\www\Yee\Managers\Controller\Controller.php(22): call_user_func_array(Array, Array)
#3 [internal function]: Yee\Managers\Controller\Controller::__callStatic('___indexAction', Array)
#4 [internal function]: HomeController::___indexAction()
#5 C:\wamp64\www\Yee\Route.php(462): call_user_func_array('HomeController:...', Array)
#6 C:\wamp64\www\Yee\Yee.php(1334): Yee\Route->dispatch()
#7 C:\wamp64\www\Yee\Middleware\Flash.php(85): Yee\Yee->call()
#8 C:\wamp64\www\Yee\Middleware\MethodOverride.php(92): Yee\Middleware\Flash->call()
#9 C:\wamp64\www\Yee\Middleware\PrettyExceptions.php(67): Yee\Middleware\MethodOverride->call()
#10 C:\wamp64\www\Yee\Yee.php(1279): Yee\Middleware\PrettyExceptions->call()
#11 C:\wamp64\www\index.php(48): Yee\Yee->execute()
#12 {main}
ERROR - 2016-07-21 09:10:35 - exception 'ErrorException' with message 'Undefined index: isLogged' in C:\wamp64\www\App\Controllers\Home\HomeController.php:27
Stack trace:
#0 C:\wamp64\www\App\Controllers\Home\HomeController.php(27): Yee\Yee::handleErrors(8, 'Undefined index...', 'C:\\wamp64\\www\\A...', 27, Array)
#1 [internal function]: HomeController->indexAction()
#2 C:\wamp64\www\Yee\Managers\Controller\Controller.php(22): call_user_func_array(Array, Array)
#3 [internal function]: Yee\Managers\Controller\Controller::__callStatic('___indexAction', Array)
#4 [internal function]: HomeController::___indexAction()
#5 C:\wamp64\www\Yee\Route.php(462): call_user_func_array('HomeController:...', Array)
#6 C:\wamp64\www\Yee\Yee.php(1334): Yee\Route->dispatch()
#7 C:\wamp64\www\Yee\Middleware\Flash.php(85): Yee\Yee->call()
#8 C:\wamp64\www\Yee\Middleware\MethodOverride.php(92): Yee\Middleware\Flash->call()
#9 C:\wamp64\www\Yee\Middleware\PrettyExceptions.php(67): Yee\Middleware\MethodOverride->call()
#10 C:\wamp64\www\Yee\Yee.php(1279): Yee\Middleware\PrettyExceptions->call()
#11 C:\wamp64\www\index.php(48): Yee\Yee->execute()
#12 {main}
ERROR - 2016-07-21 09:10:45 - exception 'ErrorException' with message 'Undefined index: isLogged' in C:\wamp64\www\App\Controllers\Home\HomeController.php:27
Stack trace:
#0 C:\wamp64\www\App\Controllers\Home\HomeController.php(27): Yee\Yee::handleErrors(8, 'Undefined index...', 'C:\\wamp64\\www\\A...', 27, Array)
#1 [internal function]: HomeController->indexAction()
#2 C:\wamp64\www\Yee\Managers\Controller\Controller.php(22): call_user_func_array(Array, Array)
#3 [internal function]: Yee\Managers\Controller\Controller::__callStatic('___indexAction', Array)
#4 [internal function]: HomeController::___indexAction()
#5 C:\wamp64\www\Yee\Route.php(462): call_user_func_array('HomeController:...', Array)
#6 C:\wamp64\www\Yee\Yee.php(1334): Yee\Route->dispatch()
#7 C:\wamp64\www\Yee\Middleware\Flash.php(85): Yee\Yee->call()
#8 C:\wamp64\www\Yee\Middleware\MethodOverride.php(92): Yee\Middleware\Flash->call()
#9 C:\wamp64\www\Yee\Middleware\PrettyExceptions.php(67): Yee\Middleware\MethodOverride->call()
#10 C:\wamp64\www\Yee\Yee.php(1279): Yee\Middleware\PrettyExceptions->call()
#11 C:\wamp64\www\index.php(48): Yee\Yee->execute()
#12 {main}
ERROR - 2016-07-21 09:10:45 - exception 'ErrorException' with message 'Undefined index: isLogged' in C:\wamp64\www\App\Controllers\Home\HomeController.php:27
Stack trace:
#0 C:\wamp64\www\App\Controllers\Home\HomeController.php(27): Yee\Yee::handleErrors(8, 'Undefined index...', 'C:\\wamp64\\www\\A...', 27, Array)
#1 [internal function]: HomeController->indexAction()
#2 C:\wamp64\www\Yee\Managers\Controller\Controller.php(22): call_user_func_array(Array, Array)
#3 [internal function]: Yee\Managers\Controller\Controller::__callStatic('___indexAction', Array)
#4 [internal function]: HomeController::___indexAction()
#5 C:\wamp64\www\Yee\Route.php(462): call_user_func_array('HomeController:...', Array)
#6 C:\wamp64\www\Yee\Yee.php(1334): Yee\Route->dispatch()
#7 C:\wamp64\www\Yee\Middleware\Flash.php(85): Yee\Yee->call()
#8 C:\wamp64\www\Yee\Middleware\MethodOverride.php(92): Yee\Middleware\Flash->call()
#9 C:\wamp64\www\Yee\Middleware\PrettyExceptions.php(67): Yee\Middleware\MethodOverride->call()
#10 C:\wamp64\www\Yee\Yee.php(1279): Yee\Middleware\PrettyExceptions->call()
#11 C:\wamp64\www\index.php(48): Yee\Yee->execute()
#12 {main}
ERROR - 2016-07-21 09:18:31 - exception 'ErrorException' with message 'Undefined index: isLogged' in C:\wamp64\www\App\Controllers\Login\LoginController.php:17
Stack trace:
#0 C:\wamp64\www\App\Controllers\Login\LoginController.php(17): Yee\Yee::handleErrors(8, 'Undefined index...', 'C:\\wamp64\\www\\A...', 17, Array)
#1 [internal function]: LoginController->indexAction()
#2 C:\wamp64\www\Yee\Managers\Controller\Controller.php(22): call_user_func_array(Array, Array)
#3 [internal function]: Yee\Managers\Controller\Controller::__callStatic('___indexAction', Array)
#4 [internal function]: LoginController::___indexAction()
#5 C:\wamp64\www\Yee\Route.php(462): call_user_func_array('LoginController...', Array)
#6 C:\wamp64\www\Yee\Yee.php(1334): Yee\Route->dispatch()
#7 C:\wamp64\www\Yee\Middleware\Flash.php(85): Yee\Yee->call()
#8 C:\wamp64\www\Yee\Middleware\MethodOverride.php(92): Yee\Middleware\Flash->call()
#9 C:\wamp64\www\Yee\Middleware\PrettyExceptions.php(67): Yee\Middleware\MethodOverride->call()
#10 C:\wamp64\www\Yee\Yee.php(1279): Yee\Middleware\PrettyExceptions->call()
#11 C:\wamp64\www\index.php(48): Yee\Yee->execute()
#12 {main}
ERROR - 2016-07-21 09:35:50 - exception 'ErrorException' with message 'session_destroy(): Session object destruction failed' in C:\wamp64\www\App\Controllers\Logout\LogoutController.php:17
Stack trace:
#0 [internal function]: Yee\Yee::handleErrors(2, 'session_destroy...', 'C:\\wamp64\\www\\A...', 17, Array)
#1 C:\wamp64\www\App\Controllers\Logout\LogoutController.php(17): session_destroy()
#2 [internal function]: LogoutController->indexAction()
#3 C:\wamp64\www\Yee\Managers\Controller\Controller.php(22): call_user_func_array(Array, Array)
#4 [internal function]: Yee\Managers\Controller\Controller::__callStatic('___indexAction', Array)
#5 [internal function]: LogoutController::___indexAction()
#6 C:\wamp64\www\Yee\Route.php(462): call_user_func_array('LogoutControlle...', Array)
#7 C:\wamp64\www\Yee\Yee.php(1334): Yee\Route->dispatch()
#8 C:\wamp64\www\Yee\Middleware\Flash.php(85): Yee\Yee->call()
#9 C:\wamp64\www\Yee\Middleware\MethodOverride.php(92): Yee\Middleware\Flash->call()
#10 C:\wamp64\www\Yee\Middleware\PrettyExceptions.php(67): Yee\Middleware\MethodOverride->call()
#11 C:\wamp64\www\Yee\Yee.php(1279): Yee\Middleware\PrettyExceptions->call()
#12 C:\wamp64\www\index.php(48): Yee\Yee->execute()
#13 {main}
ERROR - 2016-07-21 10:09:08 - exception 'ErrorException' with message 'Missing argument 1 for App\Models\MyAccount\MyAccountModel::__construct(), called in C:\wamp64\www\App\Controllers\Ajax\AjaxController.php on line 63 and defined' in C:\wamp64\www\App\Models\MyAccount\MyAccountModel.php:13
Stack trace:
#0 C:\wamp64\www\App\Models\MyAccount\MyAccountModel.php(13): Yee\Yee::handleErrors(2, 'Missing argumen...', 'C:\\wamp64\\www\\A...', 13, Array)
#1 C:\wamp64\www\App\Controllers\Ajax\AjaxController.php(63): App\Models\MyAccount\MyAccountModel->__construct()
#2 [internal function]: AjaxController->postUpdateMyAccount()
#3 C:\wamp64\www\Yee\Managers\Controller\Controller.php(22): call_user_func_array(Array, Array)
#4 [internal function]: Yee\Managers\Controller\Controller::__callStatic('___postUpdateMy...', Array)
#5 [internal function]: AjaxController::___postUpdateMyAccount()
#6 C:\wamp64\www\Yee\Route.php(462): call_user_func_array('AjaxController:...', Array)
#7 C:\wamp64\www\Yee\Yee.php(1334): Yee\Route->dispatch()
#8 C:\wamp64\www\Yee\Middleware\Flash.php(85): Yee\Yee->call()
#9 C:\wamp64\www\Yee\Middleware\MethodOverride.php(92): Yee\Middleware\Flash->call()
#10 C:\wamp64\www\Yee\Middleware\PrettyExceptions.php(67): Yee\Middleware\MethodOverride->call()
#11 C:\wamp64\www\Yee\Yee.php(1279): Yee\Middleware\PrettyExceptions->call()
#12 C:\wamp64\www\index.php(48): Yee\Yee->execute()
#13 {main}
ERROR - 2016-07-21 10:42:37 - exception 'ErrorException' with message 'Missing argument 1 for App\Models\MyAccount\MyAccountModel::validatePassIsEmpty(), called in C:\wamp64\www\App\Models\MyAccount\MyAccountModel.php on line 79 and defined' in C:\wamp64\www\App\Models\MyAccount\MyAccountModel.php:55
Stack trace:
#0 C:\wamp64\www\App\Models\MyAccount\MyAccountModel.php(55): Yee\Yee::handleErrors(2, 'Missing argumen...', 'C:\\wamp64\\www\\A...', 55, Array)
#1 C:\wamp64\www\App\Models\MyAccount\MyAccountModel.php(79): App\Models\MyAccount\MyAccountModel->validatePassIsEmpty()
#2 C:\wamp64\www\App\Controllers\Ajax\AjaxController.php(70): App\Models\MyAccount\MyAccountModel->updateDetails()
#3 [internal function]: AjaxController->postUpdateMyAccount()
#4 C:\wamp64\www\Yee\Managers\Controller\Controller.php(22): call_user_func_array(Array, Array)
#5 [internal function]: Yee\Managers\Controller\Controller::__callStatic('___postUpdateMy...', Array)
#6 [internal function]: AjaxController::___postUpdateMyAccount()
#7 C:\wamp64\www\Yee\Route.php(462): call_user_func_array('AjaxController:...', Array)
#8 C:\wamp64\www\Yee\Yee.php(1334): Yee\Route->dispatch()
#9 C:\wamp64\www\Yee\Middleware\Flash.php(85): Yee\Yee->call()
#10 C:\wamp64\www\Yee\Middleware\MethodOverride.php(92): Yee\Middleware\Flash->call()
#11 C:\wamp64\www\Yee\Middleware\PrettyExceptions.php(67): Yee\Middleware\MethodOverride->call()
#12 C:\wamp64\www\Yee\Yee.php(1279): Yee\Middleware\PrettyExceptions->call()
#13 C:\wamp64\www\index.php(48): Yee\Yee->execute()
#14 {main}
ERROR - 2016-07-21 10:43:35 - exception 'ErrorException' with message 'Missing argument 1 for App\Models\MyAccount\MyAccountModel::validatePassIsEmpty(), called in C:\wamp64\www\App\Models\MyAccount\MyAccountModel.php on line 79 and defined' in C:\wamp64\www\App\Models\MyAccount\MyAccountModel.php:55
Stack trace:
#0 C:\wamp64\www\App\Models\MyAccount\MyAccountModel.php(55): Yee\Yee::handleErrors(2, 'Missing argumen...', 'C:\\wamp64\\www\\A...', 55, Array)
#1 C:\wamp64\www\App\Models\MyAccount\MyAccountModel.php(79): App\Models\MyAccount\MyAccountModel->validatePassIsEmpty()
#2 C:\wamp64\www\App\Controllers\Ajax\AjaxController.php(70): App\Models\MyAccount\MyAccountModel->updateDetails()
#3 [internal function]: AjaxController->postUpdateMyAccount()
#4 C:\wamp64\www\Yee\Managers\Controller\Controller.php(22): call_user_func_array(Array, Array)
#5 [internal function]: Yee\Managers\Controller\Controller::__callStatic('___postUpdateMy...', Array)
#6 [internal function]: AjaxController::___postUpdateMyAccount()
#7 C:\wamp64\www\Yee\Route.php(462): call_user_func_array('AjaxController:...', Array)
#8 C:\wamp64\www\Yee\Yee.php(1334): Yee\Route->dispatch()
#9 C:\wamp64\www\Yee\Middleware\Flash.php(85): Yee\Yee->call()
#10 C:\wamp64\www\Yee\Middleware\MethodOverride.php(92): Yee\Middleware\Flash->call()
#11 C:\wamp64\www\Yee\Middleware\PrettyExceptions.php(67): Yee\Middleware\MethodOverride->call()
#12 C:\wamp64\www\Yee\Yee.php(1279): Yee\Middleware\PrettyExceptions->call()
#13 C:\wamp64\www\index.php(48): Yee\Yee->execute()
#14 {main}
