ERROR - 2016-07-14 08:31:05 - exception 'ErrorException' with message 'mail(): Failed to connect to mailserver at &quot;localhost&quot; port 25, verify your &quot;SMTP&quot; and &quot;smtp_port&quot; setting in php.ini or use ini_set()' in C:\wamp64\www\App\Controllers\SignUp\SignupController.php:74
Stack trace:
#0 [internal function]: Yee\Yee::handleErrors(2, 'mail(): Failed ...', 'C:\\wamp64\\www\\A...', 74, Array)
#1 C:\wamp64\www\App\Controllers\SignUp\SignupController.php(74): mail('devil9682@gmail...', 'Test', 'Test')
#2 [internal function]: SignupController->postAction()
#3 C:\wamp64\www\Yee\Managers\Controller\Controller.php(22): call_user_func_array(Array, Array)
#4 [internal function]: Yee\Managers\Controller\Controller::__callStatic('___postAction', Array)
#5 [internal function]: SignupController::___postAction()
#6 C:\wamp64\www\Yee\Route.php(462): call_user_func_array('SignupControlle...', Array)
#7 C:\wamp64\www\Yee\Yee.php(1334): Yee\Route->dispatch()
#8 C:\wamp64\www\Yee\Middleware\Flash.php(85): Yee\Yee->call()
#9 C:\wamp64\www\Yee\Middleware\MethodOverride.php(92): Yee\Middleware\Flash->call()
#10 C:\wamp64\www\Yee\Middleware\PrettyExceptions.php(67): Yee\Middleware\MethodOverride->call()
#11 C:\wamp64\www\Yee\Yee.php(1279): Yee\Middleware\PrettyExceptions->call()
#12 C:\wamp64\www\index.php(48): Yee\Yee->execute()
#13 {main}
ERROR - 2016-07-14 08:33:47 - exception 'ErrorException' with message 'mail(): Failed to connect to mailserver at &quot;localhost&quot; port 25, verify your &quot;SMTP&quot; and &quot;smtp_port&quot; setting in php.ini or use ini_set()' in C:\wamp64\www\App\Controllers\SignUp\SignupController.php:74
Stack trace:
#0 [internal function]: Yee\Yee::handleErrors(2, 'mail(): Failed ...', 'C:\\wamp64\\www\\A...', 74, Array)
#1 C:\wamp64\www\App\Controllers\SignUp\SignupController.php(74): mail('devil9682@gmail...', 'Test', 'Test')
#2 [internal function]: SignupController->postAction()
#3 C:\wamp64\www\Yee\Managers\Controller\Controller.php(22): call_user_func_array(Array, Array)
#4 [internal function]: Yee\Managers\Controller\Controller::__callStatic('___postAction', Array)
#5 [internal function]: SignupController::___postAction()
#6 C:\wamp64\www\Yee\Route.php(462): call_user_func_array('SignupControlle...', Array)
#7 C:\wamp64\www\Yee\Yee.php(1334): Yee\Route->dispatch()
#8 C:\wamp64\www\Yee\Middleware\Flash.php(85): Yee\Yee->call()
#9 C:\wamp64\www\Yee\Middleware\MethodOverride.php(92): Yee\Middleware\Flash->call()
#10 C:\wamp64\www\Yee\Middleware\PrettyExceptions.php(67): Yee\Middleware\MethodOverride->call()
#11 C:\wamp64\www\Yee\Yee.php(1279): Yee\Middleware\PrettyExceptions->call()
#12 C:\wamp64\www\index.php(48): Yee\Yee->execute()
#13 {main}
ERROR - 2016-07-14 08:33:51 - exception 'ErrorException' with message 'mail(): Failed to connect to mailserver at &quot;localhost&quot; port 25, verify your &quot;SMTP&quot; and &quot;smtp_port&quot; setting in php.ini or use ini_set()' in C:\wamp64\www\App\Controllers\SignUp\SignupController.php:74
Stack trace:
#0 [internal function]: Yee\Yee::handleErrors(2, 'mail(): Failed ...', 'C:\\wamp64\\www\\A...', 74, Array)
#1 C:\wamp64\www\App\Controllers\SignUp\SignupController.php(74): mail('devil9682@gmail...', 'Test', 'Test')
#2 [internal function]: SignupController->postAction()
#3 C:\wamp64\www\Yee\Managers\Controller\Controller.php(22): call_user_func_array(Array, Array)
#4 [internal function]: Yee\Managers\Controller\Controller::__callStatic('___postAction', Array)
#5 [internal function]: SignupController::___postAction()
#6 C:\wamp64\www\Yee\Route.php(462): call_user_func_array('SignupControlle...', Array)
#7 C:\wamp64\www\Yee\Yee.php(1334): Yee\Route->dispatch()
#8 C:\wamp64\www\Yee\Middleware\Flash.php(85): Yee\Yee->call()
#9 C:\wamp64\www\Yee\Middleware\MethodOverride.php(92): Yee\Middleware\Flash->call()
#10 C:\wamp64\www\Yee\Middleware\PrettyExceptions.php(67): Yee\Middleware\MethodOverride->call()
#11 C:\wamp64\www\Yee\Yee.php(1279): Yee\Middleware\PrettyExceptions->call()
#12 C:\wamp64\www\index.php(48): Yee\Yee->execute()
#13 {main}
ERROR - 2016-07-14 08:35:05 - exception 'ErrorException' with message 'mail(): Failed to connect to mailserver at &quot;localhost&quot; port 25, verify your &quot;SMTP&quot; and &quot;smtp_port&quot; setting in php.ini or use ini_set()' in C:\wamp64\www\App\Controllers\SignUp\SignupController.php:74
Stack trace:
#0 [internal function]: Yee\Yee::handleErrors(2, 'mail(): Failed ...', 'C:\\wamp64\\www\\A...', 74, Array)
#1 C:\wamp64\www\App\Controllers\SignUp\SignupController.php(74): mail('devil9682@gmail...', 'Test', 'Test')
#2 [internal function]: SignupController->postAction()
#3 C:\wamp64\www\Yee\Managers\Controller\Controller.php(22): call_user_func_array(Array, Array)
#4 [internal function]: Yee\Managers\Controller\Controller::__callStatic('___postAction', Array)
#5 [internal function]: SignupController::___postAction()
#6 C:\wamp64\www\Yee\Route.php(462): call_user_func_array('SignupControlle...', Array)
#7 C:\wamp64\www\Yee\Yee.php(1334): Yee\Route->dispatch()
#8 C:\wamp64\www\Yee\Middleware\Flash.php(85): Yee\Yee->call()
#9 C:\wamp64\www\Yee\Middleware\MethodOverride.php(92): Yee\Middleware\Flash->call()
#10 C:\wamp64\www\Yee\Middleware\PrettyExceptions.php(67): Yee\Middleware\MethodOverride->call()
#11 C:\wamp64\www\Yee\Yee.php(1279): Yee\Middleware\PrettyExceptions->call()
#12 C:\wamp64\www\index.php(48): Yee\Yee->execute()
#13 {main}
ERROR - 2016-07-14 08:35:10 - exception 'ErrorException' with message 'mail(): Failed to connect to mailserver at &quot;localhost&quot; port 25, verify your &quot;SMTP&quot; and &quot;smtp_port&quot; setting in php.ini or use ini_set()' in C:\wamp64\www\App\Controllers\SignUp\SignupController.php:74
Stack trace:
#0 [internal function]: Yee\Yee::handleErrors(2, 'mail(): Failed ...', 'C:\\wamp64\\www\\A...', 74, Array)
#1 C:\wamp64\www\App\Controllers\SignUp\SignupController.php(74): mail('devil9682@gmail...', 'Test', 'Test')
#2 [internal function]: SignupController->postAction()
#3 C:\wamp64\www\Yee\Managers\Controller\Controller.php(22): call_user_func_array(Array, Array)
#4 [internal function]: Yee\Managers\Controller\Controller::__callStatic('___postAction', Array)
#5 [internal function]: SignupController::___postAction()
#6 C:\wamp64\www\Yee\Route.php(462): call_user_func_array('SignupControlle...', Array)
#7 C:\wamp64\www\Yee\Yee.php(1334): Yee\Route->dispatch()
#8 C:\wamp64\www\Yee\Middleware\Flash.php(85): Yee\Yee->call()
#9 C:\wamp64\www\Yee\Middleware\MethodOverride.php(92): Yee\Middleware\Flash->call()
#10 C:\wamp64\www\Yee\Middleware\PrettyExceptions.php(67): Yee\Middleware\MethodOverride->call()
#11 C:\wamp64\www\Yee\Yee.php(1279): Yee\Middleware\PrettyExceptions->call()
#12 C:\wamp64\www\index.php(48): Yee\Yee->execute()
#13 {main}
ERROR - 2016-07-14 08:35:43 - exception 'ErrorException' with message 'mail(): Failed to connect to mailserver at &quot;localhost&quot; port 25, verify your &quot;SMTP&quot; and &quot;smtp_port&quot; setting in php.ini or use ini_set()' in C:\wamp64\www\App\Controllers\SignUp\SignupController.php:74
Stack trace:
#0 [internal function]: Yee\Yee::handleErrors(2, 'mail(): Failed ...', 'C:\\wamp64\\www\\A...', 74, Array)
#1 C:\wamp64\www\App\Controllers\SignUp\SignupController.php(74): mail('devil9682@gmail...', 'Test', 'Test')
#2 [internal function]: SignupController->postAction()
#3 C:\wamp64\www\Yee\Managers\Controller\Controller.php(22): call_user_func_array(Array, Array)
#4 [internal function]: Yee\Managers\Controller\Controller::__callStatic('___postAction', Array)
#5 [internal function]: SignupController::___postAction()
#6 C:\wamp64\www\Yee\Route.php(462): call_user_func_array('SignupControlle...', Array)
#7 C:\wamp64\www\Yee\Yee.php(1334): Yee\Route->dispatch()
#8 C:\wamp64\www\Yee\Middleware\Flash.php(85): Yee\Yee->call()
#9 C:\wamp64\www\Yee\Middleware\MethodOverride.php(92): Yee\Middleware\Flash->call()
#10 C:\wamp64\www\Yee\Middleware\PrettyExceptions.php(67): Yee\Middleware\MethodOverride->call()
#11 C:\wamp64\www\Yee\Yee.php(1279): Yee\Middleware\PrettyExceptions->call()
#12 C:\wamp64\www\index.php(48): Yee\Yee->execute()
#13 {main}
ERROR - 2016-07-14 08:35:46 - exception 'ErrorException' with message 'mail(): Failed to connect to mailserver at &quot;localhost&quot; port 25, verify your &quot;SMTP&quot; and &quot;smtp_port&quot; setting in php.ini or use ini_set()' in C:\wamp64\www\App\Controllers\SignUp\SignupController.php:74
Stack trace:
#0 [internal function]: Yee\Yee::handleErrors(2, 'mail(): Failed ...', 'C:\\wamp64\\www\\A...', 74, Array)
#1 C:\wamp64\www\App\Controllers\SignUp\SignupController.php(74): mail('devil9682@gmail...', 'Test', 'Test')
#2 [internal function]: SignupController->postAction()
#3 C:\wamp64\www\Yee\Managers\Controller\Controller.php(22): call_user_func_array(Array, Array)
#4 [internal function]: Yee\Managers\Controller\Controller::__callStatic('___postAction', Array)
#5 [internal function]: SignupController::___postAction()
#6 C:\wamp64\www\Yee\Route.php(462): call_user_func_array('SignupControlle...', Array)
#7 C:\wamp64\www\Yee\Yee.php(1334): Yee\Route->dispatch()
#8 C:\wamp64\www\Yee\Middleware\Flash.php(85): Yee\Yee->call()
#9 C:\wamp64\www\Yee\Middleware\MethodOverride.php(92): Yee\Middleware\Flash->call()
#10 C:\wamp64\www\Yee\Middleware\PrettyExceptions.php(67): Yee\Middleware\MethodOverride->call()
#11 C:\wamp64\www\Yee\Yee.php(1279): Yee\Middleware\PrettyExceptions->call()
#12 C:\wamp64\www\index.php(48): Yee\Yee->execute()
#13 {main}
ERROR - 2016-07-14 08:36:44 - exception 'ErrorException' with message 'mail(): &quot;sendmail_from&quot; not set in php.ini or custom &quot;From:&quot; header missing' in C:\wamp64\www\App\Controllers\SignUp\SignupController.php:74
Stack trace:
#0 [internal function]: Yee\Yee::handleErrors(2, 'mail(): &quot;s...', 'C:\\wamp64\\www\\A...', 74, Array)
#1 C:\wamp64\www\App\Controllers\SignUp\SignupController.php(74): mail('devil9682@gmail...', 'Test', 'Test')
#2 [internal function]: SignupController->postAction()
#3 C:\wamp64\www\Yee\Managers\Controller\Controller.php(22): call_user_func_array(Array, Array)
#4 [internal function]: Yee\Managers\Controller\Controller::__callStatic('___postAction', Array)
#5 [internal function]: SignupController::___postAction()
#6 C:\wamp64\www\Yee\Route.php(462): call_user_func_array('SignupControlle...', Array)
#7 C:\wamp64\www\Yee\Yee.php(1334): Yee\Route->dispatch()
#8 C:\wamp64\www\Yee\Middleware\Flash.php(85): Yee\Yee->call()
#9 C:\wamp64\www\Yee\Middleware\MethodOverride.php(92): Yee\Middleware\Flash->call()
#10 C:\wamp64\www\Yee\Middleware\PrettyExceptions.php(67): Yee\Middleware\MethodOverride->call()
#11 C:\wamp64\www\Yee\Yee.php(1279): Yee\Middleware\PrettyExceptions->call()
#12 C:\wamp64\www\index.php(48): Yee\Yee->execute()
#13 {main}
ERROR - 2016-07-14 08:37:53 - exception 'ErrorException' with message 'mail(): &quot;sendmail_from&quot; not set in php.ini or custom &quot;From:&quot; header missing' in C:\wamp64\www\App\Controllers\SignUp\SignupController.php:74
Stack trace:
#0 [internal function]: Yee\Yee::handleErrors(2, 'mail(): &quot;s...', 'C:\\wamp64\\www\\A...', 74, Array)
#1 C:\wamp64\www\App\Controllers\SignUp\SignupController.php(74): mail('devil9682@gmail...', 'Test', 'Test')
#2 [internal function]: SignupController->postAction()
#3 C:\wamp64\www\Yee\Managers\Controller\Controller.php(22): call_user_func_array(Array, Array)
#4 [internal function]: Yee\Managers\Controller\Controller::__callStatic('___postAction', Array)
#5 [internal function]: SignupController::___postAction()
#6 C:\wamp64\www\Yee\Route.php(462): call_user_func_array('SignupControlle...', Array)
#7 C:\wamp64\www\Yee\Yee.php(1334): Yee\Route->dispatch()
#8 C:\wamp64\www\Yee\Middleware\Flash.php(85): Yee\Yee->call()
#9 C:\wamp64\www\Yee\Middleware\MethodOverride.php(92): Yee\Middleware\Flash->call()
#10 C:\wamp64\www\Yee\Middleware\PrettyExceptions.php(67): Yee\Middleware\MethodOverride->call()
#11 C:\wamp64\www\Yee\Yee.php(1279): Yee\Middleware\PrettyExceptions->call()
#12 C:\wamp64\www\index.php(48): Yee\Yee->execute()
#13 {main}
ERROR - 2016-07-14 08:37:56 - exception 'ErrorException' with message 'mail(): &quot;sendmail_from&quot; not set in php.ini or custom &quot;From:&quot; header missing' in C:\wamp64\www\App\Controllers\SignUp\SignupController.php:74
Stack trace:
#0 [internal function]: Yee\Yee::handleErrors(2, 'mail(): &quot;s...', 'C:\\wamp64\\www\\A...', 74, Array)
#1 C:\wamp64\www\App\Controllers\SignUp\SignupController.php(74): mail('devil9682@gmail...', 'Test', 'Test')
#2 [internal function]: SignupController->postAction()
#3 C:\wamp64\www\Yee\Managers\Controller\Controller.php(22): call_user_func_array(Array, Array)
#4 [internal function]: Yee\Managers\Controller\Controller::__callStatic('___postAction', Array)
#5 [internal function]: SignupController::___postAction()
#6 C:\wamp64\www\Yee\Route.php(462): call_user_func_array('SignupControlle...', Array)
#7 C:\wamp64\www\Yee\Yee.php(1334): Yee\Route->dispatch()
#8 C:\wamp64\www\Yee\Middleware\Flash.php(85): Yee\Yee->call()
#9 C:\wamp64\www\Yee\Middleware\MethodOverride.php(92): Yee\Middleware\Flash->call()
#10 C:\wamp64\www\Yee\Middleware\PrettyExceptions.php(67): Yee\Middleware\MethodOverride->call()
#11 C:\wamp64\www\Yee\Yee.php(1279): Yee\Middleware\PrettyExceptions->call()
#12 C:\wamp64\www\index.php(48): Yee\Yee->execute()
#13 {main}
ERROR - 2016-07-14 08:38:20 - exception 'ErrorException' with message 'mail(): Failed to connect to mailserver at &quot;ssl://smtp.gmail.com&quot; port 465, verify your &quot;SMTP&quot; and &quot;smtp_port&quot; setting in php.ini or use ini_set()' in C:\wamp64\www\App\Controllers\SignUp\SignupController.php:74
Stack trace:
#0 [internal function]: Yee\Yee::handleErrors(2, 'mail(): Failed ...', 'C:\\wamp64\\www\\A...', 74, Array)
#1 C:\wamp64\www\App\Controllers\SignUp\SignupController.php(74): mail('devil9682@gmail...', 'Test', 'Test')
#2 [internal function]: SignupController->postAction()
#3 C:\wamp64\www\Yee\Managers\Controller\Controller.php(22): call_user_func_array(Array, Array)
#4 [internal function]: Yee\Managers\Controller\Controller::__callStatic('___postAction', Array)
#5 [internal function]: SignupController::___postAction()
#6 C:\wamp64\www\Yee\Route.php(462): call_user_func_array('SignupControlle...', Array)
#7 C:\wamp64\www\Yee\Yee.php(1334): Yee\Route->dispatch()
#8 C:\wamp64\www\Yee\Middleware\Flash.php(85): Yee\Yee->call()
#9 C:\wamp64\www\Yee\Middleware\MethodOverride.php(92): Yee\Middleware\Flash->call()
#10 C:\wamp64\www\Yee\Middleware\PrettyExceptions.php(67): Yee\Middleware\MethodOverride->call()
#11 C:\wamp64\www\Yee\Yee.php(1279): Yee\Middleware\PrettyExceptions->call()
#12 C:\wamp64\www\index.php(48): Yee\Yee->execute()
#13 {main}
ERROR - 2016-07-14 08:39:01 - exception 'ErrorException' with message 'mail(): Failed to connect to mailserver at &quot;localhost&quot; port 25, verify your &quot;SMTP&quot; and &quot;smtp_port&quot; setting in php.ini or use ini_set()' in C:\wamp64\www\App\Controllers\SignUp\SignupController.php:74
Stack trace:
#0 [internal function]: Yee\Yee::handleErrors(2, 'mail(): Failed ...', 'C:\\wamp64\\www\\A...', 74, Array)
#1 C:\wamp64\www\App\Controllers\SignUp\SignupController.php(74): mail('devil9682@gmail...', 'Test', 'Test')
#2 [internal function]: SignupController->postAction()
#3 C:\wamp64\www\Yee\Managers\Controller\Controller.php(22): call_user_func_array(Array, Array)
#4 [internal function]: Yee\Managers\Controller\Controller::__callStatic('___postAction', Array)
#5 [internal function]: SignupController::___postAction()
#6 C:\wamp64\www\Yee\Route.php(462): call_user_func_array('SignupControlle...', Array)
#7 C:\wamp64\www\Yee\Yee.php(1334): Yee\Route->dispatch()
#8 C:\wamp64\www\Yee\Middleware\Flash.php(85): Yee\Yee->call()
#9 C:\wamp64\www\Yee\Middleware\MethodOverride.php(92): Yee\Middleware\Flash->call()
#10 C:\wamp64\www\Yee\Middleware\PrettyExceptions.php(67): Yee\Middleware\MethodOverride->call()
#11 C:\wamp64\www\Yee\Yee.php(1279): Yee\Middleware\PrettyExceptions->call()
#12 C:\wamp64\www\index.php(48): Yee\Yee->execute()
#13 {main}
ERROR - 2016-07-14 08:39:03 - exception 'ErrorException' with message 'mail(): Failed to connect to mailserver at &quot;localhost&quot; port 25, verify your &quot;SMTP&quot; and &quot;smtp_port&quot; setting in php.ini or use ini_set()' in C:\wamp64\www\App\Controllers\SignUp\SignupController.php:74
Stack trace:
#0 [internal function]: Yee\Yee::handleErrors(2, 'mail(): Failed ...', 'C:\\wamp64\\www\\A...', 74, Array)
#1 C:\wamp64\www\App\Controllers\SignUp\SignupController.php(74): mail('devil9682@gmail...', 'Test', 'Test')
#2 [internal function]: SignupController->postAction()
#3 C:\wamp64\www\Yee\Managers\Controller\Controller.php(22): call_user_func_array(Array, Array)
#4 [internal function]: Yee\Managers\Controller\Controller::__callStatic('___postAction', Array)
#5 [internal function]: SignupController::___postAction()
#6 C:\wamp64\www\Yee\Route.php(462): call_user_func_array('SignupControlle...', Array)
#7 C:\wamp64\www\Yee\Yee.php(1334): Yee\Route->dispatch()
#8 C:\wamp64\www\Yee\Middleware\Flash.php(85): Yee\Yee->call()
#9 C:\wamp64\www\Yee\Middleware\MethodOverride.php(92): Yee\Middleware\Flash->call()
#10 C:\wamp64\www\Yee\Middleware\PrettyExceptions.php(67): Yee\Middleware\MethodOverride->call()
#11 C:\wamp64\www\Yee\Yee.php(1279): Yee\Middleware\PrettyExceptions->call()
#12 C:\wamp64\www\index.php(48): Yee\Yee->execute()
#13 {main}
ERROR - 2016-07-14 08:40:04 - exception 'ErrorException' with message 'mail(): Failed to connect to mailserver at &quot;localhost&quot; port 25, verify your &quot;SMTP&quot; and &quot;smtp_port&quot; setting in php.ini or use ini_set()' in C:\wamp64\www\App\Controllers\SignUp\SignupController.php:74
Stack trace:
#0 [internal function]: Yee\Yee::handleErrors(2, 'mail(): Failed ...', 'C:\\wamp64\\www\\A...', 74, Array)
#1 C:\wamp64\www\App\Controllers\SignUp\SignupController.php(74): mail('devil9682@gmail...', 'Test', 'Test')
#2 [internal function]: SignupController->postAction()
#3 C:\wamp64\www\Yee\Managers\Controller\Controller.php(22): call_user_func_array(Array, Array)
#4 [internal function]: Yee\Managers\Controller\Controller::__callStatic('___postAction', Array)
#5 [internal function]: SignupController::___postAction()
#6 C:\wamp64\www\Yee\Route.php(462): call_user_func_array('SignupControlle...', Array)
#7 C:\wamp64\www\Yee\Yee.php(1334): Yee\Route->dispatch()
#8 C:\wamp64\www\Yee\Middleware\Flash.php(85): Yee\Yee->call()
#9 C:\wamp64\www\Yee\Middleware\MethodOverride.php(92): Yee\Middleware\Flash->call()
#10 C:\wamp64\www\Yee\Middleware\PrettyExceptions.php(67): Yee\Middleware\MethodOverride->call()
#11 C:\wamp64\www\Yee\Yee.php(1279): Yee\Middleware\PrettyExceptions->call()
#12 C:\wamp64\www\index.php(48): Yee\Yee->execute()
#13 {main}
ERROR - 2016-07-14 08:40:43 - exception 'ErrorException' with message 'mail(): Failed to connect to mailserver at &quot;ssl://smtp.gmail.com&quot; port 465, verify your &quot;SMTP&quot; and &quot;smtp_port&quot; setting in php.ini or use ini_set()' in C:\wamp64\www\App\Controllers\SignUp\SignupController.php:74
Stack trace:
#0 [internal function]: Yee\Yee::handleErrors(2, 'mail(): Failed ...', 'C:\\wamp64\\www\\A...', 74, Array)
#1 C:\wamp64\www\App\Controllers\SignUp\SignupController.php(74): mail('devil9682@gmail...', 'Test', 'Test')
#2 [internal function]: SignupController->postAction()
#3 C:\wamp64\www\Yee\Managers\Controller\Controller.php(22): call_user_func_array(Array, Array)
#4 [internal function]: Yee\Managers\Controller\Controller::__callStatic('___postAction', Array)
#5 [internal function]: SignupController::___postAction()
#6 C:\wamp64\www\Yee\Route.php(462): call_user_func_array('SignupControlle...', Array)
#7 C:\wamp64\www\Yee\Yee.php(1334): Yee\Route->dispatch()
#8 C:\wamp64\www\Yee\Middleware\Flash.php(85): Yee\Yee->call()
#9 C:\wamp64\www\Yee\Middleware\MethodOverride.php(92): Yee\Middleware\Flash->call()
#10 C:\wamp64\www\Yee\Middleware\PrettyExceptions.php(67): Yee\Middleware\MethodOverride->call()
#11 C:\wamp64\www\Yee\Yee.php(1279): Yee\Middleware\PrettyExceptions->call()
#12 C:\wamp64\www\index.php(48): Yee\Yee->execute()
#13 {main}
ERROR - 2016-07-14 08:40:45 - exception 'ErrorException' with message 'mail(): Failed to connect to mailserver at &quot;ssl://smtp.gmail.com&quot; port 465, verify your &quot;SMTP&quot; and &quot;smtp_port&quot; setting in php.ini or use ini_set()' in C:\wamp64\www\App\Controllers\SignUp\SignupController.php:74
Stack trace:
#0 [internal function]: Yee\Yee::handleErrors(2, 'mail(): Failed ...', 'C:\\wamp64\\www\\A...', 74, Array)
#1 C:\wamp64\www\App\Controllers\SignUp\SignupController.php(74): mail('devil9682@gmail...', 'Test', 'Test')
#2 [internal function]: SignupController->postAction()
#3 C:\wamp64\www\Yee\Managers\Controller\Controller.php(22): call_user_func_array(Array, Array)
#4 [internal function]: Yee\Managers\Controller\Controller::__callStatic('___postAction', Array)
#5 [internal function]: SignupController::___postAction()
#6 C:\wamp64\www\Yee\Route.php(462): call_user_func_array('SignupControlle...', Array)
#7 C:\wamp64\www\Yee\Yee.php(1334): Yee\Route->dispatch()
#8 C:\wamp64\www\Yee\Middleware\Flash.php(85): Yee\Yee->call()
#9 C:\wamp64\www\Yee\Middleware\MethodOverride.php(92): Yee\Middleware\Flash->call()
#10 C:\wamp64\www\Yee\Middleware\PrettyExceptions.php(67): Yee\Middleware\MethodOverride->call()
#11 C:\wamp64\www\Yee\Yee.php(1279): Yee\Middleware\PrettyExceptions->call()
#12 C:\wamp64\www\index.php(48): Yee\Yee->execute()
#13 {main}
ERROR - 2016-07-14 08:40:47 - exception 'ErrorException' with message 'mail(): Failed to connect to mailserver at &quot;ssl://smtp.gmail.com&quot; port 465, verify your &quot;SMTP&quot; and &quot;smtp_port&quot; setting in php.ini or use ini_set()' in C:\wamp64\www\App\Controllers\SignUp\SignupController.php:74
Stack trace:
#0 [internal function]: Yee\Yee::handleErrors(2, 'mail(): Failed ...', 'C:\\wamp64\\www\\A...', 74, Array)
#1 C:\wamp64\www\App\Controllers\SignUp\SignupController.php(74): mail('devil9682@gmail...', 'Test', 'Test')
#2 [internal function]: SignupController->postAction()
#3 C:\wamp64\www\Yee\Managers\Controller\Controller.php(22): call_user_func_array(Array, Array)
#4 [internal function]: Yee\Managers\Controller\Controller::__callStatic('___postAction', Array)
#5 [internal function]: SignupController::___postAction()
#6 C:\wamp64\www\Yee\Route.php(462): call_user_func_array('SignupControlle...', Array)
#7 C:\wamp64\www\Yee\Yee.php(1334): Yee\Route->dispatch()
#8 C:\wamp64\www\Yee\Middleware\Flash.php(85): Yee\Yee->call()
#9 C:\wamp64\www\Yee\Middleware\MethodOverride.php(92): Yee\Middleware\Flash->call()
#10 C:\wamp64\www\Yee\Middleware\PrettyExceptions.php(67): Yee\Middleware\MethodOverride->call()
#11 C:\wamp64\www\Yee\Yee.php(1279): Yee\Middleware\PrettyExceptions->call()
#12 C:\wamp64\www\index.php(48): Yee\Yee->execute()
#13 {main}
ERROR - 2016-07-14 08:40:48 - exception 'ErrorException' with message 'mail(): Failed to connect to mailserver at &quot;ssl://smtp.gmail.com&quot; port 465, verify your &quot;SMTP&quot; and &quot;smtp_port&quot; setting in php.ini or use ini_set()' in C:\wamp64\www\App\Controllers\SignUp\SignupController.php:74
Stack trace:
#0 [internal function]: Yee\Yee::handleErrors(2, 'mail(): Failed ...', 'C:\\wamp64\\www\\A...', 74, Array)
#1 C:\wamp64\www\App\Controllers\SignUp\SignupController.php(74): mail('devil9682@gmail...', 'Test', 'Test')
#2 [internal function]: SignupController->postAction()
#3 C:\wamp64\www\Yee\Managers\Controller\Controller.php(22): call_user_func_array(Array, Array)
#4 [internal function]: Yee\Managers\Controller\Controller::__callStatic('___postAction', Array)
#5 [internal function]: SignupController::___postAction()
#6 C:\wamp64\www\Yee\Route.php(462): call_user_func_array('SignupControlle...', Array)
#7 C:\wamp64\www\Yee\Yee.php(1334): Yee\Route->dispatch()
#8 C:\wamp64\www\Yee\Middleware\Flash.php(85): Yee\Yee->call()
#9 C:\wamp64\www\Yee\Middleware\MethodOverride.php(92): Yee\Middleware\Flash->call()
#10 C:\wamp64\www\Yee\Middleware\PrettyExceptions.php(67): Yee\Middleware\MethodOverride->call()
#11 C:\wamp64\www\Yee\Yee.php(1279): Yee\Middleware\PrettyExceptions->call()
#12 C:\wamp64\www\index.php(48): Yee\Yee->execute()
#13 {main}
ERROR - 2016-07-14 08:40:52 - exception 'ErrorException' with message 'mail(): Failed to connect to mailserver at &quot;ssl://smtp.gmail.com&quot; port 465, verify your &quot;SMTP&quot; and &quot;smtp_port&quot; setting in php.ini or use ini_set()' in C:\wamp64\www\App\Controllers\SignUp\SignupController.php:74
Stack trace:
#0 [internal function]: Yee\Yee::handleErrors(2, 'mail(): Failed ...', 'C:\\wamp64\\www\\A...', 74, Array)
#1 C:\wamp64\www\App\Controllers\SignUp\SignupController.php(74): mail('devil9682@gmail...', 'Test', 'Test')
#2 [internal function]: SignupController->postAction()
#3 C:\wamp64\www\Yee\Managers\Controller\Controller.php(22): call_user_func_array(Array, Array)
#4 [internal function]: Yee\Managers\Controller\Controller::__callStatic('___postAction', Array)
#5 [internal function]: SignupController::___postAction()
#6 C:\wamp64\www\Yee\Route.php(462): call_user_func_array('SignupControlle...', Array)
#7 C:\wamp64\www\Yee\Yee.php(1334): Yee\Route->dispatch()
#8 C:\wamp64\www\Yee\Middleware\Flash.php(85): Yee\Yee->call()
#9 C:\wamp64\www\Yee\Middleware\MethodOverride.php(92): Yee\Middleware\Flash->call()
#10 C:\wamp64\www\Yee\Middleware\PrettyExceptions.php(67): Yee\Middleware\MethodOverride->call()
#11 C:\wamp64\www\Yee\Yee.php(1279): Yee\Middleware\PrettyExceptions->call()
#12 C:\wamp64\www\index.php(48): Yee\Yee->execute()
#13 {main}
ERROR - 2016-07-14 08:43:39 - exception 'ErrorException' with message 'mail(): &quot;sendmail_from&quot; not set in php.ini or custom &quot;From:&quot; header missing' in C:\wamp64\www\App\Controllers\SignUp\SignupController.php:74
Stack trace:
#0 [internal function]: Yee\Yee::handleErrors(2, 'mail(): &quot;s...', 'C:\\wamp64\\www\\A...', 74, Array)
#1 C:\wamp64\www\App\Controllers\SignUp\SignupController.php(74): mail('devil9682@gmail...', 'Test', 'Test')
#2 [internal function]: SignupController->postAction()
#3 C:\wamp64\www\Yee\Managers\Controller\Controller.php(22): call_user_func_array(Array, Array)
#4 [internal function]: Yee\Managers\Controller\Controller::__callStatic('___postAction', Array)
#5 [internal function]: SignupController::___postAction()
#6 C:\wamp64\www\Yee\Route.php(462): call_user_func_array('SignupControlle...', Array)
#7 C:\wamp64\www\Yee\Yee.php(1334): Yee\Route->dispatch()
#8 C:\wamp64\www\Yee\Middleware\Flash.php(85): Yee\Yee->call()
#9 C:\wamp64\www\Yee\Middleware\MethodOverride.php(92): Yee\Middleware\Flash->call()
#10 C:\wamp64\www\Yee\Middleware\PrettyExceptions.php(67): Yee\Middleware\MethodOverride->call()
#11 C:\wamp64\www\Yee\Yee.php(1279): Yee\Middleware\PrettyExceptions->call()
#12 C:\wamp64\www\index.php(48): Yee\Yee->execute()
#13 {main}
ERROR - 2016-07-14 08:44:35 - exception 'ErrorException' with message 'mail(): Failed to connect to mailserver at &quot;localhost&quot; port 25, verify your &quot;SMTP&quot; and &quot;smtp_port&quot; setting in php.ini or use ini_set()' in C:\wamp64\www\App\Controllers\SignUp\SignupController.php:75
Stack trace:
#0 [internal function]: Yee\Yee::handleErrors(2, 'mail(): Failed ...', 'C:\\wamp64\\www\\A...', 75, Array)
#1 C:\wamp64\www\App\Controllers\SignUp\SignupController.php(75): mail('devil9682@gmail...', 'Subject', 'Email message', 'From: username@...')
#2 [internal function]: SignupController->postAction()
#3 C:\wamp64\www\Yee\Managers\Controller\Controller.php(22): call_user_func_array(Array, Array)
#4 [internal function]: Yee\Managers\Controller\Controller::__callStatic('___postAction', Array)
#5 [internal function]: SignupController::___postAction()
#6 C:\wamp64\www\Yee\Route.php(462): call_user_func_array('SignupControlle...', Array)
#7 C:\wamp64\www\Yee\Yee.php(1334): Yee\Route->dispatch()
#8 C:\wamp64\www\Yee\Middleware\Flash.php(85): Yee\Yee->call()
#9 C:\wamp64\www\Yee\Middleware\MethodOverride.php(92): Yee\Middleware\Flash->call()
#10 C:\wamp64\www\Yee\Middleware\PrettyExceptions.php(67): Yee\Middleware\MethodOverride->call()
#11 C:\wamp64\www\Yee\Yee.php(1279): Yee\Middleware\PrettyExceptions->call()
#12 C:\wamp64\www\index.php(48): Yee\Yee->execute()
#13 {main}
ERROR - 2016-07-14 08:44:49 - exception 'ErrorException' with message 'mail(): &quot;sendmail_from&quot; not set in php.ini or custom &quot;From:&quot; header missing' in C:\wamp64\www\App\Controllers\SignUp\SignupController.php:74
Stack trace:
#0 [internal function]: Yee\Yee::handleErrors(2, 'mail(): &quot;s...', 'C:\\wamp64\\www\\A...', 74, Array)
#1 C:\wamp64\www\App\Controllers\SignUp\SignupController.php(74): mail('devil9682@gmail...', 'Test', 'Test')
#2 [internal function]: SignupController->postAction()
#3 C:\wamp64\www\Yee\Managers\Controller\Controller.php(22): call_user_func_array(Array, Array)
#4 [internal function]: Yee\Managers\Controller\Controller::__callStatic('___postAction', Array)
#5 [internal function]: SignupController::___postAction()
#6 C:\wamp64\www\Yee\Route.php(462): call_user_func_array('SignupControlle...', Array)
#7 C:\wamp64\www\Yee\Yee.php(1334): Yee\Route->dispatch()
#8 C:\wamp64\www\Yee\Middleware\Flash.php(85): Yee\Yee->call()
#9 C:\wamp64\www\Yee\Middleware\MethodOverride.php(92): Yee\Middleware\Flash->call()
#10 C:\wamp64\www\Yee\Middleware\PrettyExceptions.php(67): Yee\Middleware\MethodOverride->call()
#11 C:\wamp64\www\Yee\Yee.php(1279): Yee\Middleware\PrettyExceptions->call()
#12 C:\wamp64\www\index.php(48): Yee\Yee->execute()
#13 {main}
ERROR - 2016-07-14 08:45:08 - exception 'ErrorException' with message 'mail(): Failed to connect to mailserver at &quot;localhost&quot; port 25, verify your &quot;SMTP&quot; and &quot;smtp_port&quot; setting in php.ini or use ini_set()' in C:\wamp64\www\App\Controllers\SignUp\SignupController.php:75
Stack trace:
#0 [internal function]: Yee\Yee::handleErrors(2, 'mail(): Failed ...', 'C:\\wamp64\\www\\A...', 75, Array)
#1 C:\wamp64\www\App\Controllers\SignUp\SignupController.php(75): mail('devil9682@gmail...', 'Subject', 'Email message', 'From: username@...')
#2 [internal function]: SignupController->postAction()
#3 C:\wamp64\www\Yee\Managers\Controller\Controller.php(22): call_user_func_array(Array, Array)
#4 [internal function]: Yee\Managers\Controller\Controller::__callStatic('___postAction', Array)
#5 [internal function]: SignupController::___postAction()
#6 C:\wamp64\www\Yee\Route.php(462): call_user_func_array('SignupControlle...', Array)
#7 C:\wamp64\www\Yee\Yee.php(1334): Yee\Route->dispatch()
#8 C:\wamp64\www\Yee\Middleware\Flash.php(85): Yee\Yee->call()
#9 C:\wamp64\www\Yee\Middleware\MethodOverride.php(92): Yee\Middleware\Flash->call()
#10 C:\wamp64\www\Yee\Middleware\PrettyExceptions.php(67): Yee\Middleware\MethodOverride->call()
#11 C:\wamp64\www\Yee\Yee.php(1279): Yee\Middleware\PrettyExceptions->call()
#12 C:\wamp64\www\index.php(48): Yee\Yee->execute()
#13 {main}
ERROR - 2016-07-14 08:46:20 - exception 'ErrorException' with message 'mail(): Failed to connect to mailserver at &quot;localhost&quot; port 25, verify your &quot;SMTP&quot; and &quot;smtp_port&quot; setting in php.ini or use ini_set()' in C:\wamp64\www\App\Controllers\SignUp\SignupController.php:75
Stack trace:
#0 [internal function]: Yee\Yee::handleErrors(2, 'mail(): Failed ...', 'C:\\wamp64\\www\\A...', 75, Array)
#1 C:\wamp64\www\App\Controllers\SignUp\SignupController.php(75): mail('devil9682@gmail...', 'Subject', 'Email message', 'From: username@...')
#2 [internal function]: SignupController->postAction()
#3 C:\wamp64\www\Yee\Managers\Controller\Controller.php(22): call_user_func_array(Array, Array)
#4 [internal function]: Yee\Managers\Controller\Controller::__callStatic('___postAction', Array)
#5 [internal function]: SignupController::___postAction()
#6 C:\wamp64\www\Yee\Route.php(462): call_user_func_array('SignupControlle...', Array)
#7 C:\wamp64\www\Yee\Yee.php(1334): Yee\Route->dispatch()
#8 C:\wamp64\www\Yee\Middleware\Flash.php(85): Yee\Yee->call()
#9 C:\wamp64\www\Yee\Middleware\MethodOverride.php(92): Yee\Middleware\Flash->call()
#10 C:\wamp64\www\Yee\Middleware\PrettyExceptions.php(67): Yee\Middleware\MethodOverride->call()
#11 C:\wamp64\www\Yee\Yee.php(1279): Yee\Middleware\PrettyExceptions->call()
#12 C:\wamp64\www\index.php(48): Yee\Yee->execute()
#13 {main}
ERROR - 2016-07-14 09:56:02 - exception 'ErrorException' with message 'Missing argument 1 for App\Libraries\SendEmail\SendEmail::__construct(), called in C:\wamp64\www\App\Controllers\Ajax\AjaxController.php on line 19 and defined' in C:\wamp64\www\App\Libraries\SendEmail\SendEmail.php:15
Stack trace:
#0 C:\wamp64\www\App\Libraries\SendEmail\SendEmail.php(15): Yee\Yee::handleErrors(2, 'Missing argumen...', 'C:\\wamp64\\www\\A...', 15, Array)
#1 C:\wamp64\www\App\Controllers\Ajax\AjaxController.php(19): App\Libraries\SendEmail\SendEmail->__construct()
#2 [internal function]: AjaxController->indexAction()
#3 C:\wamp64\www\Yee\Managers\Controller\Controller.php(22): call_user_func_array(Array, Array)
#4 [internal function]: Yee\Managers\Controller\Controller::__callStatic('___indexAction', Array)
#5 [internal function]: AjaxController::___indexAction()
#6 C:\wamp64\www\Yee\Route.php(462): call_user_func_array('AjaxController:...', Array)
#7 C:\wamp64\www\Yee\Yee.php(1334): Yee\Route->dispatch()
#8 C:\wamp64\www\Yee\Middleware\Flash.php(85): Yee\Yee->call()
#9 C:\wamp64\www\Yee\Middleware\MethodOverride.php(92): Yee\Middleware\Flash->call()
#10 C:\wamp64\www\Yee\Middleware\PrettyExceptions.php(67): Yee\Middleware\MethodOverride->call()
#11 C:\wamp64\www\Yee\Yee.php(1279): Yee\Middleware\PrettyExceptions->call()
#12 C:\wamp64\www\index.php(48): Yee\Yee->execute()
#13 {main}
ERROR - 2016-07-14 10:03:02 - exception 'Twig_Error_Loader' with message 'Unable to find template "mail/activation.tpl" (looked into: ./templates).' in C:\wamp64\www\Twig\Loader\Filesystem.php:191
Stack trace:
#0 C:\wamp64\www\Twig\Loader\Filesystem.php(138): Twig_Loader_Filesystem->findTemplate('mail/activation...')
#1 C:\wamp64\www\Twig\Environment.php(265): Twig_Loader_Filesystem->getCacheKey('mail/activation...')
#2 C:\wamp64\www\Twig\Environment.php(323): Twig_Environment->getTemplateClass('mail/activation...', NULL)
#3 C:\wamp64\www\Yee\Views\Twig.php(87): Twig_Environment->loadTemplate('mail/activation...')
#4 C:\wamp64\www\Yee\View.php(255): Yee\Views\Twig->render('mail/activation...', NULL)
#5 C:\wamp64\www\Yee\View.php(243): Yee\View->fetch('mail/activation...', NULL)
#6 C:\wamp64\www\Yee\Yee.php(765): Yee\View->display('mail/activation...')
#7 C:\wamp64\www\App\Libraries\SendEmail\SendEmail.php(31): Yee\Yee->render('mail/activation...')
#8 C:\wamp64\www\App\Controllers\Ajax\AjaxController.php(21): App\Libraries\SendEmail\SendEmail->createEmail()
#9 [internal function]: AjaxController->indexAction()
#10 C:\wamp64\www\Yee\Managers\Controller\Controller.php(22): call_user_func_array(Array, Array)
#11 [internal function]: Yee\Managers\Controller\Controller::__callStatic('___indexAction', Array)
#12 [internal function]: AjaxController::___indexAction()
#13 C:\wamp64\www\Yee\Route.php(462): call_user_func_array('AjaxController:...', Array)
#14 C:\wamp64\www\Yee\Yee.php(1334): Yee\Route->dispatch()
#15 C:\wamp64\www\Yee\Middleware\Flash.php(85): Yee\Yee->call()
#16 C:\wamp64\www\Yee\Middleware\MethodOverride.php(92): Yee\Middleware\Flash->call()
#17 C:\wamp64\www\Yee\Middleware\PrettyExceptions.php(67): Yee\Middleware\MethodOverride->call()
#18 C:\wamp64\www\Yee\Yee.php(1279): Yee\Middleware\PrettyExceptions->call()
#19 C:\wamp64\www\index.php(48): Yee\Yee->execute()
#20 {main}
ERROR - 2016-07-14 10:03:18 - exception 'ErrorException' with message 'Object of class Yee\Views\Twig could not be converted to string' in C:\wamp64\www\App\Libraries\SendEmail\SendEmail.php:31
Stack trace:
#0 C:\wamp64\www\App\Libraries\SendEmail\SendEmail.php(31): Yee\Yee::handleErrors(4096, 'Object of class...', 'C:\\wamp64\\www\\A...', 31, Array)
#1 C:\wamp64\www\App\Controllers\Ajax\AjaxController.php(21): App\Libraries\SendEmail\SendEmail->createEmail()
#2 [internal function]: AjaxController->indexAction()
#3 C:\wamp64\www\Yee\Managers\Controller\Controller.php(22): call_user_func_array(Array, Array)
#4 [internal function]: Yee\Managers\Controller\Controller::__callStatic('___indexAction', Array)
#5 [internal function]: AjaxController::___indexAction()
#6 C:\wamp64\www\Yee\Route.php(462): call_user_func_array('AjaxController:...', Array)
#7 C:\wamp64\www\Yee\Yee.php(1334): Yee\Route->dispatch()
#8 C:\wamp64\www\Yee\Middleware\Flash.php(85): Yee\Yee->call()
#9 C:\wamp64\www\Yee\Middleware\MethodOverride.php(92): Yee\Middleware\Flash->call()
#10 C:\wamp64\www\Yee\Middleware\PrettyExceptions.php(67): Yee\Middleware\MethodOverride->call()
#11 C:\wamp64\www\Yee\Yee.php(1279): Yee\Middleware\PrettyExceptions->call()
#12 C:\wamp64\www\index.php(48): Yee\Yee->execute()
#13 {main}
ERROR - 2016-07-14 10:03:31 - exception 'ErrorException' with message 'Object of class Yee\Views\Twig could not be converted to int' in C:\wamp64\www\App\Libraries\SendEmail\SendEmail.php:31
Stack trace:
#0 C:\wamp64\www\App\Libraries\SendEmail\SendEmail.php(31): Yee\Yee::handleErrors(8, 'Object of class...', 'C:\\wamp64\\www\\A...', 31, Array)
#1 C:\wamp64\www\App\Controllers\Ajax\AjaxController.php(21): App\Libraries\SendEmail\SendEmail->createEmail()
#2 [internal function]: AjaxController->indexAction()
#3 C:\wamp64\www\Yee\Managers\Controller\Controller.php(22): call_user_func_array(Array, Array)
#4 [internal function]: Yee\Managers\Controller\Controller::__callStatic('___indexAction', Array)
#5 [internal function]: AjaxController::___indexAction()
#6 C:\wamp64\www\Yee\Route.php(462): call_user_func_array('AjaxController:...', Array)
#7 C:\wamp64\www\Yee\Yee.php(1334): Yee\Route->dispatch()
#8 C:\wamp64\www\Yee\Middleware\Flash.php(85): Yee\Yee->call()
#9 C:\wamp64\www\Yee\Middleware\MethodOverride.php(92): Yee\Middleware\Flash->call()
#10 C:\wamp64\www\Yee\Middleware\PrettyExceptions.php(67): Yee\Middleware\MethodOverride->call()
#11 C:\wamp64\www\Yee\Yee.php(1279): Yee\Middleware\PrettyExceptions->call()
#12 C:\wamp64\www\index.php(48): Yee\Yee->execute()
#13 {main}
ERROR - 2016-07-14 10:32:26 - exception 'ErrorException' with message 'Undefined variable: app' in C:\wamp64\www\App\Libraries\SendEmail\SendEmail.php:28
Stack trace:
#0 C:\wamp64\www\App\Libraries\SendEmail\SendEmail.php(28): Yee\Yee::handleErrors(8, 'Undefined varia...', 'C:\\wamp64\\www\\A...', 28, Array)
#1 C:\wamp64\www\App\Controllers\Ajax\AjaxController.php(21): App\Libraries\SendEmail\SendEmail->createEmail()
#2 [internal function]: AjaxController->indexAction()
#3 C:\wamp64\www\Yee\Managers\Controller\Controller.php(22): call_user_func_array(Array, Array)
#4 [internal function]: Yee\Managers\Controller\Controller::__callStatic('___indexAction', Array)
#5 [internal function]: AjaxController::___indexAction()
#6 C:\wamp64\www\Yee\Route.php(462): call_user_func_array('AjaxController:...', Array)
#7 C:\wamp64\www\Yee\Yee.php(1334): Yee\Route->dispatch()
#8 C:\wamp64\www\Yee\Middleware\Flash.php(85): Yee\Yee->call()
#9 C:\wamp64\www\Yee\Middleware\MethodOverride.php(92): Yee\Middleware\Flash->call()
#10 C:\wamp64\www\Yee\Middleware\PrettyExceptions.php(67): Yee\Middleware\MethodOverride->call()
#11 C:\wamp64\www\Yee\Yee.php(1279): Yee\Middleware\PrettyExceptions->call()
#12 C:\wamp64\www\index.php(48): Yee\Yee->execute()
#13 {main}
ERROR - 2016-07-14 13:01:01 - exception 'Twig_Error_Syntax' with message 'Unexpected token "end of print statement" of value "" in "mail/content.tpl" at line 102' in C:\wamp64\www\Twig\ExpressionParser.php:175
Stack trace:
#0 C:\wamp64\www\Twig\ExpressionParser.php(84): Twig_ExpressionParser->parsePrimaryExpression()
#1 C:\wamp64\www\Twig\ExpressionParser.php(41): Twig_ExpressionParser->getPrimary()
#2 C:\wamp64\www\Twig\Parser.php(141): Twig_ExpressionParser->parseExpression()
#3 C:\wamp64\www\Twig\Parser.php(95): Twig_Parser->subparse(NULL, false)
#4 C:\wamp64\www\Twig\Environment.php(507): Twig_Parser->parse(Object(Twig_TokenStream))
#5 C:\wamp64\www\Twig\Environment.php(559): Twig_Environment->parse(Object(Twig_TokenStream))
#6 C:\wamp64\www\Twig\Environment.php(334): Twig_Environment->compileSource('<!DOCTYPE html ...', 'mail/content.tp...')
#7 C:\wamp64\www\Yee\Views\Twig.php(87): Twig_Environment->loadTemplate('mail/content.tp...')
#8 C:\wamp64\www\App\Libraries\SendEmail\SendEmail.php(31): Yee\Views\Twig->render('mail/content.tp...')
#9 C:\wamp64\www\App\Controllers\Ajax\AjaxController.php(20): App\Libraries\SendEmail\SendEmail->createEmail()
#10 [internal function]: AjaxController->indexAction()
#11 C:\wamp64\www\Yee\Managers\Controller\Controller.php(22): call_user_func_array(Array, Array)
#12 [internal function]: Yee\Managers\Controller\Controller::__callStatic('___indexAction', Array)
#13 [internal function]: AjaxController::___indexAction()
#14 C:\wamp64\www\Yee\Route.php(462): call_user_func_array('AjaxController:...', Array)
#15 C:\wamp64\www\Yee\Yee.php(1334): Yee\Route->dispatch()
#16 C:\wamp64\www\Yee\Middleware\Flash.php(85): Yee\Yee->call()
#17 C:\wamp64\www\Yee\Middleware\MethodOverride.php(92): Yee\Middleware\Flash->call()
#18 C:\wamp64\www\Yee\Middleware\PrettyExceptions.php(67): Yee\Middleware\MethodOverride->call()
#19 C:\wamp64\www\Yee\Yee.php(1279): Yee\Middleware\PrettyExceptions->call()
#20 C:\wamp64\www\index.php(48): Yee\Yee->execute()
#21 {main}
ERROR - 2016-07-14 13:01:22 - exception 'Twig_Error_Syntax' with message 'Unexpected token "end of print statement" of value "" in "mail/content.tpl" at line 102' in C:\wamp64\www\Twig\ExpressionParser.php:175
Stack trace:
#0 C:\wamp64\www\Twig\ExpressionParser.php(84): Twig_ExpressionParser->parsePrimaryExpression()
#1 C:\wamp64\www\Twig\ExpressionParser.php(41): Twig_ExpressionParser->getPrimary()
#2 C:\wamp64\www\Twig\Parser.php(141): Twig_ExpressionParser->parseExpression()
#3 C:\wamp64\www\Twig\Parser.php(95): Twig_Parser->subparse(NULL, false)
#4 C:\wamp64\www\Twig\Environment.php(507): Twig_Parser->parse(Object(Twig_TokenStream))
#5 C:\wamp64\www\Twig\Environment.php(559): Twig_Environment->parse(Object(Twig_TokenStream))
#6 C:\wamp64\www\Twig\Environment.php(334): Twig_Environment->compileSource('<!DOCTYPE html ...', 'mail/content.tp...')
#7 C:\wamp64\www\Yee\Views\Twig.php(87): Twig_Environment->loadTemplate('mail/content.tp...')
#8 C:\wamp64\www\App\Libraries\SendEmail\SendEmail.php(31): Yee\Views\Twig->render('mail/content.tp...')
#9 C:\wamp64\www\App\Controllers\Ajax\AjaxController.php(20): App\Libraries\SendEmail\SendEmail->createEmail()
#10 [internal function]: AjaxController->indexAction()
#11 C:\wamp64\www\Yee\Managers\Controller\Controller.php(22): call_user_func_array(Array, Array)
#12 [internal function]: Yee\Managers\Controller\Controller::__callStatic('___indexAction', Array)
#13 [internal function]: AjaxController::___indexAction()
#14 C:\wamp64\www\Yee\Route.php(462): call_user_func_array('AjaxController:...', Array)
#15 C:\wamp64\www\Yee\Yee.php(1334): Yee\Route->dispatch()
#16 C:\wamp64\www\Yee\Middleware\Flash.php(85): Yee\Yee->call()
#17 C:\wamp64\www\Yee\Middleware\MethodOverride.php(92): Yee\Middleware\Flash->call()
#18 C:\wamp64\www\Yee\Middleware\PrettyExceptions.php(67): Yee\Middleware\MethodOverride->call()
#19 C:\wamp64\www\Yee\Yee.php(1279): Yee\Middleware\PrettyExceptions->call()
#20 C:\wamp64\www\index.php(48): Yee\Yee->execute()
#21 {main}
ERROR - 2016-07-14 13:01:36 - exception 'Twig_Error_Syntax' with message 'Unexpected token "end of print statement" of value "" in "mail/content.tpl" at line 102' in C:\wamp64\www\Twig\ExpressionParser.php:175
Stack trace:
#0 C:\wamp64\www\Twig\ExpressionParser.php(84): Twig_ExpressionParser->parsePrimaryExpression()
#1 C:\wamp64\www\Twig\ExpressionParser.php(41): Twig_ExpressionParser->getPrimary()
#2 C:\wamp64\www\Twig\Parser.php(141): Twig_ExpressionParser->parseExpression()
#3 C:\wamp64\www\Twig\Parser.php(95): Twig_Parser->subparse(NULL, false)
#4 C:\wamp64\www\Twig\Environment.php(507): Twig_Parser->parse(Object(Twig_TokenStream))
#5 C:\wamp64\www\Twig\Environment.php(559): Twig_Environment->parse(Object(Twig_TokenStream))
#6 C:\wamp64\www\Twig\Environment.php(334): Twig_Environment->compileSource('<!DOCTYPE html ...', 'mail/content.tp...')
#7 C:\wamp64\www\Yee\Views\Twig.php(87): Twig_Environment->loadTemplate('mail/content.tp...')
#8 C:\wamp64\www\App\Libraries\SendEmail\SendEmail.php(31): Yee\Views\Twig->render('mail/content.tp...')
#9 C:\wamp64\www\App\Controllers\Ajax\AjaxController.php(20): App\Libraries\SendEmail\SendEmail->createEmail()
#10 [internal function]: AjaxController->indexAction()
#11 C:\wamp64\www\Yee\Managers\Controller\Controller.php(22): call_user_func_array(Array, Array)
#12 [internal function]: Yee\Managers\Controller\Controller::__callStatic('___indexAction', Array)
#13 [internal function]: AjaxController::___indexAction()
#14 C:\wamp64\www\Yee\Route.php(462): call_user_func_array('AjaxController:...', Array)
#15 C:\wamp64\www\Yee\Yee.php(1334): Yee\Route->dispatch()
#16 C:\wamp64\www\Yee\Middleware\Flash.php(85): Yee\Yee->call()
#17 C:\wamp64\www\Yee\Middleware\MethodOverride.php(92): Yee\Middleware\Flash->call()
#18 C:\wamp64\www\Yee\Middleware\PrettyExceptions.php(67): Yee\Middleware\MethodOverride->call()
#19 C:\wamp64\www\Yee\Yee.php(1279): Yee\Middleware\PrettyExceptions->call()
#20 C:\wamp64\www\index.php(48): Yee\Yee->execute()
#21 {main}
ERROR - 2016-07-14 13:01:44 - exception 'Twig_Error_Syntax' with message 'Unexpected token "end of print statement" of value "" in "mail/content.tpl" at line 102' in C:\wamp64\www\Twig\ExpressionParser.php:175
Stack trace:
#0 C:\wamp64\www\Twig\ExpressionParser.php(84): Twig_ExpressionParser->parsePrimaryExpression()
#1 C:\wamp64\www\Twig\ExpressionParser.php(41): Twig_ExpressionParser->getPrimary()
#2 C:\wamp64\www\Twig\Parser.php(141): Twig_ExpressionParser->parseExpression()
#3 C:\wamp64\www\Twig\Parser.php(95): Twig_Parser->subparse(NULL, false)
#4 C:\wamp64\www\Twig\Environment.php(507): Twig_Parser->parse(Object(Twig_TokenStream))
#5 C:\wamp64\www\Twig\Environment.php(559): Twig_Environment->parse(Object(Twig_TokenStream))
#6 C:\wamp64\www\Twig\Environment.php(334): Twig_Environment->compileSource('<!DOCTYPE html ...', 'mail/content.tp...')
#7 C:\wamp64\www\Yee\Views\Twig.php(87): Twig_Environment->loadTemplate('mail/content.tp...')
#8 C:\wamp64\www\App\Libraries\SendEmail\SendEmail.php(31): Yee\Views\Twig->render('mail/content.tp...')
#9 C:\wamp64\www\App\Controllers\Ajax\AjaxController.php(20): App\Libraries\SendEmail\SendEmail->createEmail()
#10 [internal function]: AjaxController->indexAction()
#11 C:\wamp64\www\Yee\Managers\Controller\Controller.php(22): call_user_func_array(Array, Array)
#12 [internal function]: Yee\Managers\Controller\Controller::__callStatic('___indexAction', Array)
#13 [internal function]: AjaxController::___indexAction()
#14 C:\wamp64\www\Yee\Route.php(462): call_user_func_array('AjaxController:...', Array)
#15 C:\wamp64\www\Yee\Yee.php(1334): Yee\Route->dispatch()
#16 C:\wamp64\www\Yee\Middleware\Flash.php(85): Yee\Yee->call()
#17 C:\wamp64\www\Yee\Middleware\MethodOverride.php(92): Yee\Middleware\Flash->call()
#18 C:\wamp64\www\Yee\Middleware\PrettyExceptions.php(67): Yee\Middleware\MethodOverride->call()
#19 C:\wamp64\www\Yee\Yee.php(1279): Yee\Middleware\PrettyExceptions->call()
#20 C:\wamp64\www\index.php(48): Yee\Yee->execute()
#21 {main}
ERROR - 2016-07-14 13:02:05 - exception 'Twig_Error_Syntax' with message 'Unexpected token "end of print statement" of value "" in "mail/content.tpl" at line 102' in C:\wamp64\www\Twig\ExpressionParser.php:175
Stack trace:
#0 C:\wamp64\www\Twig\ExpressionParser.php(84): Twig_ExpressionParser->parsePrimaryExpression()
#1 C:\wamp64\www\Twig\ExpressionParser.php(41): Twig_ExpressionParser->getPrimary()
#2 C:\wamp64\www\Twig\Parser.php(141): Twig_ExpressionParser->parseExpression()
#3 C:\wamp64\www\Twig\Parser.php(95): Twig_Parser->subparse(NULL, false)
#4 C:\wamp64\www\Twig\Environment.php(507): Twig_Parser->parse(Object(Twig_TokenStream))
#5 C:\wamp64\www\Twig\Environment.php(559): Twig_Environment->parse(Object(Twig_TokenStream))
#6 C:\wamp64\www\Twig\Environment.php(334): Twig_Environment->compileSource('<!DOCTYPE html ...', 'mail/content.tp...')
#7 C:\wamp64\www\Yee\Views\Twig.php(87): Twig_Environment->loadTemplate('mail/content.tp...')
#8 C:\wamp64\www\App\Libraries\SendEmail\SendEmail.php(31): Yee\Views\Twig->render('mail/content.tp...')
#9 C:\wamp64\www\App\Controllers\Ajax\AjaxController.php(20): App\Libraries\SendEmail\SendEmail->createEmail()
#10 [internal function]: AjaxController->indexAction()
#11 C:\wamp64\www\Yee\Managers\Controller\Controller.php(22): call_user_func_array(Array, Array)
#12 [internal function]: Yee\Managers\Controller\Controller::__callStatic('___indexAction', Array)
#13 [internal function]: AjaxController::___indexAction()
#14 C:\wamp64\www\Yee\Route.php(462): call_user_func_array('AjaxController:...', Array)
#15 C:\wamp64\www\Yee\Yee.php(1334): Yee\Route->dispatch()
#16 C:\wamp64\www\Yee\Middleware\Flash.php(85): Yee\Yee->call()
#17 C:\wamp64\www\Yee\Middleware\MethodOverride.php(92): Yee\Middleware\Flash->call()
#18 C:\wamp64\www\Yee\Middleware\PrettyExceptions.php(67): Yee\Middleware\MethodOverride->call()
#19 C:\wamp64\www\Yee\Yee.php(1279): Yee\Middleware\PrettyExceptions->call()
#20 C:\wamp64\www\index.php(48): Yee\Yee->execute()
#21 {main}
ERROR - 2016-07-14 13:06:48 - exception 'ErrorException' with message 'Missing argument 4 for App\Models\SignUp\signUpModel::__construct(), called in C:\wamp64\www\App\Controllers\SignUp\SignupController.php on line 61 and defined' in C:\wamp64\www\App\Models\SignUp\SignUpModel.php:11
Stack trace:
#0 C:\wamp64\www\App\Models\SignUp\SignUpModel.php(11): Yee\Yee::handleErrors(2, 'Missing argumen...', 'C:\\wamp64\\www\\A...', 11, Array)
#1 C:\wamp64\www\App\Controllers\SignUp\SignupController.php(61): App\Models\SignUp\signUpModel->__construct('asd@gmail.com', 'asdAsd6', 'asdAsd6')
#2 [internal function]: SignupController->postAction()
#3 C:\wamp64\www\Yee\Managers\Controller\Controller.php(22): call_user_func_array(Array, Array)
#4 [internal function]: Yee\Managers\Controller\Controller::__callStatic('___postAction', Array)
#5 [internal function]: SignupController::___postAction()
#6 C:\wamp64\www\Yee\Route.php(462): call_user_func_array('SignupControlle...', Array)
#7 C:\wamp64\www\Yee\Yee.php(1334): Yee\Route->dispatch()
#8 C:\wamp64\www\Yee\Middleware\Flash.php(85): Yee\Yee->call()
#9 C:\wamp64\www\Yee\Middleware\MethodOverride.php(92): Yee\Middleware\Flash->call()
#10 C:\wamp64\www\Yee\Middleware\PrettyExceptions.php(67): Yee\Middleware\MethodOverride->call()
#11 C:\wamp64\www\Yee\Yee.php(1279): Yee\Middleware\PrettyExceptions->call()
#12 C:\wamp64\www\index.php(48): Yee\Yee->execute()
#13 {main}
ERROR - 2016-07-14 13:08:01 - exception 'ErrorException' with message 'Missing argument 4 for App\Models\SignUp\signUpModel::__construct(), called in C:\wamp64\www\App\Controllers\SignUp\SignupController.php on line 61 and defined' in C:\wamp64\www\App\Models\SignUp\SignUpModel.php:11
Stack trace:
#0 C:\wamp64\www\App\Models\SignUp\SignUpModel.php(11): Yee\Yee::handleErrors(2, 'Missing argumen...', 'C:\\wamp64\\www\\A...', 11, Array)
#1 C:\wamp64\www\App\Controllers\SignUp\SignupController.php(61): App\Models\SignUp\signUpModel->__construct('asd@gmail.com', 'asdAsd6', 'asdAsd6')
#2 [internal function]: SignupController->postAction()
#3 C:\wamp64\www\Yee\Managers\Controller\Controller.php(22): call_user_func_array(Array, Array)
#4 [internal function]: Yee\Managers\Controller\Controller::__callStatic('___postAction', Array)
#5 [internal function]: SignupController::___postAction()
#6 C:\wamp64\www\Yee\Route.php(462): call_user_func_array('SignupControlle...', Array)
#7 C:\wamp64\www\Yee\Yee.php(1334): Yee\Route->dispatch()
#8 C:\wamp64\www\Yee\Middleware\Flash.php(85): Yee\Yee->call()
#9 C:\wamp64\www\Yee\Middleware\MethodOverride.php(92): Yee\Middleware\Flash->call()
#10 C:\wamp64\www\Yee\Middleware\PrettyExceptions.php(67): Yee\Middleware\MethodOverride->call()
#11 C:\wamp64\www\Yee\Yee.php(1279): Yee\Middleware\PrettyExceptions->call()
#12 C:\wamp64\www\index.php(48): Yee\Yee->execute()
#13 {main}
ERROR - 2016-07-14 13:08:05 - exception 'ErrorException' with message 'Missing argument 4 for App\Models\SignUp\signUpModel::__construct(), called in C:\wamp64\www\App\Controllers\SignUp\SignupController.php on line 61 and defined' in C:\wamp64\www\App\Models\SignUp\SignUpModel.php:11
Stack trace:
#0 C:\wamp64\www\App\Models\SignUp\SignUpModel.php(11): Yee\Yee::handleErrors(2, 'Missing argumen...', 'C:\\wamp64\\www\\A...', 11, Array)
#1 C:\wamp64\www\App\Controllers\SignUp\SignupController.php(61): App\Models\SignUp\signUpModel->__construct('asd@gmail.com', 'asdAsd6', 'asdAsd6')
#2 [internal function]: SignupController->postAction()
#3 C:\wamp64\www\Yee\Managers\Controller\Controller.php(22): call_user_func_array(Array, Array)
#4 [internal function]: Yee\Managers\Controller\Controller::__callStatic('___postAction', Array)
#5 [internal function]: SignupController::___postAction()
#6 C:\wamp64\www\Yee\Route.php(462): call_user_func_array('SignupControlle...', Array)
#7 C:\wamp64\www\Yee\Yee.php(1334): Yee\Route->dispatch()
#8 C:\wamp64\www\Yee\Middleware\Flash.php(85): Yee\Yee->call()
#9 C:\wamp64\www\Yee\Middleware\MethodOverride.php(92): Yee\Middleware\Flash->call()
#10 C:\wamp64\www\Yee\Middleware\PrettyExceptions.php(67): Yee\Middleware\MethodOverride->call()
#11 C:\wamp64\www\Yee\Yee.php(1279): Yee\Middleware\PrettyExceptions->call()
#12 C:\wamp64\www\index.php(48): Yee\Yee->execute()
#13 {main}
ERROR - 2016-07-14 13:08:16 - exception 'ErrorException' with message 'Missing argument 4 for App\Models\SignUp\signUpModel::__construct(), called in C:\wamp64\www\App\Controllers\SignUp\SignupController.php on line 61 and defined' in C:\wamp64\www\App\Models\SignUp\SignUpModel.php:11
Stack trace:
#0 C:\wamp64\www\App\Models\SignUp\SignUpModel.php(11): Yee\Yee::handleErrors(2, 'Missing argumen...', 'C:\\wamp64\\www\\A...', 11, Array)
#1 C:\wamp64\www\App\Controllers\SignUp\SignupController.php(61): App\Models\SignUp\signUpModel->__construct('asd@gmail.com', 'asdAsd6', 'asdAsd6')
#2 [internal function]: SignupController->postAction()
#3 C:\wamp64\www\Yee\Managers\Controller\Controller.php(22): call_user_func_array(Array, Array)
#4 [internal function]: Yee\Managers\Controller\Controller::__callStatic('___postAction', Array)
#5 [internal function]: SignupController::___postAction()
#6 C:\wamp64\www\Yee\Route.php(462): call_user_func_array('SignupControlle...', Array)
#7 C:\wamp64\www\Yee\Yee.php(1334): Yee\Route->dispatch()
#8 C:\wamp64\www\Yee\Middleware\Flash.php(85): Yee\Yee->call()
#9 C:\wamp64\www\Yee\Middleware\MethodOverride.php(92): Yee\Middleware\Flash->call()
#10 C:\wamp64\www\Yee\Middleware\PrettyExceptions.php(67): Yee\Middleware\MethodOverride->call()
#11 C:\wamp64\www\Yee\Yee.php(1279): Yee\Middleware\PrettyExceptions->call()
#12 C:\wamp64\www\index.php(48): Yee\Yee->execute()
#13 {main}
ERROR - 2016-07-14 13:09:18 - exception 'ErrorException' with message 'Missing argument 4 for App\Models\SignUp\signUpModel::__construct(), called in C:\wamp64\www\App\Controllers\SignUp\SignupController.php on line 61 and defined' in C:\wamp64\www\App\Models\SignUp\SignUpModel.php:11
Stack trace:
#0 C:\wamp64\www\App\Models\SignUp\SignUpModel.php(11): Yee\Yee::handleErrors(2, 'Missing argumen...', 'C:\\wamp64\\www\\A...', 11, Array)
#1 C:\wamp64\www\App\Controllers\SignUp\SignupController.php(61): App\Models\SignUp\signUpModel->__construct('asd@gmail.com', 'asdAsd6', 'asdAsd6')
#2 [internal function]: SignupController->postAction()
#3 C:\wamp64\www\Yee\Managers\Controller\Controller.php(22): call_user_func_array(Array, Array)
#4 [internal function]: Yee\Managers\Controller\Controller::__callStatic('___postAction', Array)
#5 [internal function]: SignupController::___postAction()
#6 C:\wamp64\www\Yee\Route.php(462): call_user_func_array('SignupControlle...', Array)
#7 C:\wamp64\www\Yee\Yee.php(1334): Yee\Route->dispatch()
#8 C:\wamp64\www\Yee\Middleware\Flash.php(85): Yee\Yee->call()
#9 C:\wamp64\www\Yee\Middleware\MethodOverride.php(92): Yee\Middleware\Flash->call()
#10 C:\wamp64\www\Yee\Middleware\PrettyExceptions.php(67): Yee\Middleware\MethodOverride->call()
#11 C:\wamp64\www\Yee\Yee.php(1279): Yee\Middleware\PrettyExceptions->call()
#12 C:\wamp64\www\index.php(48): Yee\Yee->execute()
#13 {main}
ERROR - 2016-07-14 13:09:29 - exception 'ErrorException' with message 'Missing argument 4 for App\Models\SignUp\signUpModel::__construct(), called in C:\wamp64\www\App\Controllers\SignUp\SignupController.php on line 61 and defined' in C:\wamp64\www\App\Models\SignUp\SignUpModel.php:11
Stack trace:
#0 C:\wamp64\www\App\Models\SignUp\SignUpModel.php(11): Yee\Yee::handleErrors(2, 'Missing argumen...', 'C:\\wamp64\\www\\A...', 11, Array)
#1 C:\wamp64\www\App\Controllers\SignUp\SignupController.php(61): App\Models\SignUp\signUpModel->__construct('asd@gmail.com', 'asdAsd6', 'asdAsd6')
#2 [internal function]: SignupController->postAction()
#3 C:\wamp64\www\Yee\Managers\Controller\Controller.php(22): call_user_func_array(Array, Array)
#4 [internal function]: Yee\Managers\Controller\Controller::__callStatic('___postAction', Array)
#5 [internal function]: SignupController::___postAction()
#6 C:\wamp64\www\Yee\Route.php(462): call_user_func_array('SignupControlle...', Array)
#7 C:\wamp64\www\Yee\Yee.php(1334): Yee\Route->dispatch()
#8 C:\wamp64\www\Yee\Middleware\Flash.php(85): Yee\Yee->call()
#9 C:\wamp64\www\Yee\Middleware\MethodOverride.php(92): Yee\Middleware\Flash->call()
#10 C:\wamp64\www\Yee\Middleware\PrettyExceptions.php(67): Yee\Middleware\MethodOverride->call()
#11 C:\wamp64\www\Yee\Yee.php(1279): Yee\Middleware\PrettyExceptions->call()
#12 C:\wamp64\www\index.php(48): Yee\Yee->execute()
#13 {main}
ERROR - 2016-07-14 13:10:09 - exception 'ErrorException' with message 'Missing argument 4 for App\Models\SignUp\signUpModel::__construct(), called in C:\wamp64\www\App\Controllers\SignUp\SignupController.php on line 61 and defined' in C:\wamp64\www\App\Models\SignUp\SignUpModel.php:11
Stack trace:
#0 C:\wamp64\www\App\Models\SignUp\SignUpModel.php(11): Yee\Yee::handleErrors(2, 'Missing argumen...', 'C:\\wamp64\\www\\A...', 11, Array)
#1 C:\wamp64\www\App\Controllers\SignUp\SignupController.php(61): App\Models\SignUp\signUpModel->__construct('asd@gmail.com', 'asdAsd6', 'asdAsd6')
#2 [internal function]: SignupController->postAction()
#3 C:\wamp64\www\Yee\Managers\Controller\Controller.php(22): call_user_func_array(Array, Array)
#4 [internal function]: Yee\Managers\Controller\Controller::__callStatic('___postAction', Array)
#5 [internal function]: SignupController::___postAction()
#6 C:\wamp64\www\Yee\Route.php(462): call_user_func_array('SignupControlle...', Array)
#7 C:\wamp64\www\Yee\Yee.php(1334): Yee\Route->dispatch()
#8 C:\wamp64\www\Yee\Middleware\Flash.php(85): Yee\Yee->call()
#9 C:\wamp64\www\Yee\Middleware\MethodOverride.php(92): Yee\Middleware\Flash->call()
#10 C:\wamp64\www\Yee\Middleware\PrettyExceptions.php(67): Yee\Middleware\MethodOverride->call()
#11 C:\wamp64\www\Yee\Yee.php(1279): Yee\Middleware\PrettyExceptions->call()
#12 C:\wamp64\www\index.php(48): Yee\Yee->execute()
#13 {main}
ERROR - 2016-07-14 13:24:01 - exception 'ErrorException' with message 'Missing argument 4 for App\Models\SignUp\signUpModel::__construct(), called in C:\wamp64\www\App\Controllers\SignUp\SignupController.php on line 61 and defined' in C:\wamp64\www\App\Models\SignUp\SignUpModel.php:11
Stack trace:
#0 C:\wamp64\www\App\Models\SignUp\SignUpModel.php(11): Yee\Yee::handleErrors(2, 'Missing argumen...', 'C:\\wamp64\\www\\A...', 11, Array)
#1 C:\wamp64\www\App\Controllers\SignUp\SignupController.php(61): App\Models\SignUp\signUpModel->__construct('devil9682@gmail...', 'asdAsd6', 'asdAsd6')
#2 [internal function]: SignupController->postAction()
#3 C:\wamp64\www\Yee\Managers\Controller\Controller.php(22): call_user_func_array(Array, Array)
#4 [internal function]: Yee\Managers\Controller\Controller::__callStatic('___postAction', Array)
#5 [internal function]: SignupController::___postAction()
#6 C:\wamp64\www\Yee\Route.php(462): call_user_func_array('SignupControlle...', Array)
#7 C:\wamp64\www\Yee\Yee.php(1334): Yee\Route->dispatch()
#8 C:\wamp64\www\Yee\Middleware\Flash.php(85): Yee\Yee->call()
#9 C:\wamp64\www\Yee\Middleware\MethodOverride.php(92): Yee\Middleware\Flash->call()
#10 C:\wamp64\www\Yee\Middleware\PrettyExceptions.php(67): Yee\Middleware\MethodOverride->call()
#11 C:\wamp64\www\Yee\Yee.php(1279): Yee\Middleware\PrettyExceptions->call()
#12 C:\wamp64\www\index.php(48): Yee\Yee->execute()
#13 {main}
ERROR - 2016-07-14 13:24:38 - exception 'ErrorException' with message 'Missing argument 4 for App\Models\SignUp\signUpModel::__construct(), called in C:\wamp64\www\App\Controllers\SignUp\SignupController.php on line 61 and defined' in C:\wamp64\www\App\Models\SignUp\SignUpModel.php:11
Stack trace:
#0 C:\wamp64\www\App\Models\SignUp\SignUpModel.php(11): Yee\Yee::handleErrors(2, 'Missing argumen...', 'C:\\wamp64\\www\\A...', 11, Array)
#1 C:\wamp64\www\App\Controllers\SignUp\SignupController.php(61): App\Models\SignUp\signUpModel->__construct('devil9682@gmail...', 'asdAsd6', 'asdAsd6')
#2 [internal function]: SignupController->postAction()
#3 C:\wamp64\www\Yee\Managers\Controller\Controller.php(22): call_user_func_array(Array, Array)
#4 [internal function]: Yee\Managers\Controller\Controller::__callStatic('___postAction', Array)
#5 [internal function]: SignupController::___postAction()
#6 C:\wamp64\www\Yee\Route.php(462): call_user_func_array('SignupControlle...', Array)
#7 C:\wamp64\www\Yee\Yee.php(1334): Yee\Route->dispatch()
#8 C:\wamp64\www\Yee\Middleware\Flash.php(85): Yee\Yee->call()
#9 C:\wamp64\www\Yee\Middleware\MethodOverride.php(92): Yee\Middleware\Flash->call()
#10 C:\wamp64\www\Yee\Middleware\PrettyExceptions.php(67): Yee\Middleware\MethodOverride->call()
#11 C:\wamp64\www\Yee\Yee.php(1279): Yee\Middleware\PrettyExceptions->call()
#12 C:\wamp64\www\index.php(48): Yee\Yee->execute()
#13 {main}
ERROR - 2016-07-14 13:25:53 - exception 'ErrorException' with message 'Undefined property: SignupController::$email' in C:\wamp64\www\App\Controllers\SignUp\SignupController.php:60
Stack trace:
#0 C:\wamp64\www\App\Controllers\SignUp\SignupController.php(60): Yee\Yee::handleErrors(8, 'Undefined prope...', 'C:\\wamp64\\www\\A...', 60, Array)
#1 [internal function]: SignupController->postAction()
#2 C:\wamp64\www\Yee\Managers\Controller\Controller.php(22): call_user_func_array(Array, Array)
#3 [internal function]: Yee\Managers\Controller\Controller::__callStatic('___postAction', Array)
#4 [internal function]: SignupController::___postAction()
#5 C:\wamp64\www\Yee\Route.php(462): call_user_func_array('SignupControlle...', Array)
#6 C:\wamp64\www\Yee\Yee.php(1334): Yee\Route->dispatch()
#7 C:\wamp64\www\Yee\Middleware\Flash.php(85): Yee\Yee->call()
#8 C:\wamp64\www\Yee\Middleware\MethodOverride.php(92): Yee\Middleware\Flash->call()
#9 C:\wamp64\www\Yee\Middleware\PrettyExceptions.php(67): Yee\Middleware\MethodOverride->call()
#10 C:\wamp64\www\Yee\Yee.php(1279): Yee\Middleware\PrettyExceptions->call()
#11 C:\wamp64\www\index.php(48): Yee\Yee->execute()
#12 {main}
ERROR - 2016-07-14 13:26:11 - exception 'ErrorException' with message 'Undefined property: SignupController::$email' in C:\wamp64\www\App\Controllers\SignUp\SignupController.php:60
Stack trace:
#0 C:\wamp64\www\App\Controllers\SignUp\SignupController.php(60): Yee\Yee::handleErrors(8, 'Undefined prope...', 'C:\\wamp64\\www\\A...', 60, Array)
#1 [internal function]: SignupController->postAction()
#2 C:\wamp64\www\Yee\Managers\Controller\Controller.php(22): call_user_func_array(Array, Array)
#3 [internal function]: Yee\Managers\Controller\Controller::__callStatic('___postAction', Array)
#4 [internal function]: SignupController::___postAction()
#5 C:\wamp64\www\Yee\Route.php(462): call_user_func_array('SignupControlle...', Array)
#6 C:\wamp64\www\Yee\Yee.php(1334): Yee\Route->dispatch()
#7 C:\wamp64\www\Yee\Middleware\Flash.php(85): Yee\Yee->call()
#8 C:\wamp64\www\Yee\Middleware\MethodOverride.php(92): Yee\Middleware\Flash->call()
#9 C:\wamp64\www\Yee\Middleware\PrettyExceptions.php(67): Yee\Middleware\MethodOverride->call()
#10 C:\wamp64\www\Yee\Yee.php(1279): Yee\Middleware\PrettyExceptions->call()
#11 C:\wamp64\www\index.php(48): Yee\Yee->execute()
#12 {main}
ERROR - 2016-07-14 13:44:50 - exception 'ErrorException' with message 'Undefined variable: activationCode' in C:\wamp64\www\App\Controllers\SignUp\SignupController.php:69
Stack trace:
#0 C:\wamp64\www\App\Controllers\SignUp\SignupController.php(69): Yee\Yee::handleErrors(8, 'Undefined varia...', 'C:\\wamp64\\www\\A...', 69, Array)
#1 [internal function]: SignupController->postAction()
#2 C:\wamp64\www\Yee\Managers\Controller\Controller.php(22): call_user_func_array(Array, Array)
#3 [internal function]: Yee\Managers\Controller\Controller::__callStatic('___postAction', Array)
#4 [internal function]: SignupController::___postAction()
#5 C:\wamp64\www\Yee\Route.php(462): call_user_func_array('SignupControlle...', Array)
#6 C:\wamp64\www\Yee\Yee.php(1334): Yee\Route->dispatch()
#7 C:\wamp64\www\Yee\Middleware\Flash.php(85): Yee\Yee->call()
#8 C:\wamp64\www\Yee\Middleware\MethodOverride.php(92): Yee\Middleware\Flash->call()
#9 C:\wamp64\www\Yee\Middleware\PrettyExceptions.php(67): Yee\Middleware\MethodOverride->call()
#10 C:\wamp64\www\Yee\Yee.php(1279): Yee\Middleware\PrettyExceptions->call()
#11 C:\wamp64\www\index.php(48): Yee\Yee->execute()
#12 {main}
ERROR - 2016-07-14 13:45:00 - exception 'ErrorException' with message 'Undefined variable: activationCode' in C:\wamp64\www\App\Controllers\SignUp\SignupController.php:69
Stack trace:
#0 C:\wamp64\www\App\Controllers\SignUp\SignupController.php(69): Yee\Yee::handleErrors(8, 'Undefined varia...', 'C:\\wamp64\\www\\A...', 69, Array)
#1 [internal function]: SignupController->postAction()
#2 C:\wamp64\www\Yee\Managers\Controller\Controller.php(22): call_user_func_array(Array, Array)
#3 [internal function]: Yee\Managers\Controller\Controller::__callStatic('___postAction', Array)
#4 [internal function]: SignupController::___postAction()
#5 C:\wamp64\www\Yee\Route.php(462): call_user_func_array('SignupControlle...', Array)
#6 C:\wamp64\www\Yee\Yee.php(1334): Yee\Route->dispatch()
#7 C:\wamp64\www\Yee\Middleware\Flash.php(85): Yee\Yee->call()
#8 C:\wamp64\www\Yee\Middleware\MethodOverride.php(92): Yee\Middleware\Flash->call()
#9 C:\wamp64\www\Yee\Middleware\PrettyExceptions.php(67): Yee\Middleware\MethodOverride->call()
#10 C:\wamp64\www\Yee\Yee.php(1279): Yee\Middleware\PrettyExceptions->call()
#11 C:\wamp64\www\index.php(48): Yee\Yee->execute()
#12 {main}
ERROR - 2016-07-14 13:45:02 - exception 'ErrorException' with message 'Undefined variable: activationCode' in C:\wamp64\www\App\Controllers\SignUp\SignupController.php:69
Stack trace:
#0 C:\wamp64\www\App\Controllers\SignUp\SignupController.php(69): Yee\Yee::handleErrors(8, 'Undefined varia...', 'C:\\wamp64\\www\\A...', 69, Array)
#1 [internal function]: SignupController->postAction()
#2 C:\wamp64\www\Yee\Managers\Controller\Controller.php(22): call_user_func_array(Array, Array)
#3 [internal function]: Yee\Managers\Controller\Controller::__callStatic('___postAction', Array)
#4 [internal function]: SignupController::___postAction()
#5 C:\wamp64\www\Yee\Route.php(462): call_user_func_array('SignupControlle...', Array)
#6 C:\wamp64\www\Yee\Yee.php(1334): Yee\Route->dispatch()
#7 C:\wamp64\www\Yee\Middleware\Flash.php(85): Yee\Yee->call()
#8 C:\wamp64\www\Yee\Middleware\MethodOverride.php(92): Yee\Middleware\Flash->call()
#9 C:\wamp64\www\Yee\Middleware\PrettyExceptions.php(67): Yee\Middleware\MethodOverride->call()
#10 C:\wamp64\www\Yee\Yee.php(1279): Yee\Middleware\PrettyExceptions->call()
#11 C:\wamp64\www\index.php(48): Yee\Yee->execute()
#12 {main}
