ERROR - 2016-07-12 12:00:57 - exception 'ErrorException' with message 'Undefined variable: users' in C:\wamp64\www\App\Controllers\Signup\SignupController.php:18
Stack trace:
#0 C:\wamp64\www\App\Controllers\Signup\SignupController.php(18): Yee\Yee::handleErrors(8, 'Undefined varia...', 'C:\\wamp64\\www\\A...', 18, Array)
#1 [internal function]: SignupController->indexAction()
#2 C:\wamp64\www\Yee\Managers\Controller\Controller.php(22): call_user_func_array(Array, Array)
#3 [internal function]: Yee\Managers\Controller\Controller::__callStatic('___indexAction', Array)
#4 [internal function]: SignupController::___indexAction()
#5 C:\wamp64\www\Yee\Route.php(462): call_user_func_array('SignupControlle...', Array)
#6 C:\wamp64\www\Yee\Yee.php(1333): Yee\Route->dispatch()
#7 C:\wamp64\www\Yee\Middleware\Flash.php(85): Yee\Yee->call()
#8 C:\wamp64\www\Yee\Middleware\MethodOverride.php(92): Yee\Middleware\Flash->call()
#9 C:\wamp64\www\Yee\Middleware\PrettyExceptions.php(67): Yee\Middleware\MethodOverride->call()
#10 C:\wamp64\www\Yee\Yee.php(1278): Yee\Middleware\PrettyExceptions->call()
#11 C:\wamp64\www\index.php(48): Yee\Yee->execute()
#12 {main}
ERROR - 2016-07-12 12:01:17 - exception 'ErrorException' with message 'Undefined variable: users' in C:\wamp64\www\App\Controllers\Signup\SignupController.php:18
Stack trace:
#0 C:\wamp64\www\App\Controllers\Signup\SignupController.php(18): Yee\Yee::handleErrors(8, 'Undefined varia...', 'C:\\wamp64\\www\\A...', 18, Array)
#1 [internal function]: SignupController->indexAction()
#2 C:\wamp64\www\Yee\Managers\Controller\Controller.php(22): call_user_func_array(Array, Array)
#3 [internal function]: Yee\Managers\Controller\Controller::__callStatic('___indexAction', Array)
#4 [internal function]: SignupController::___indexAction()
#5 C:\wamp64\www\Yee\Route.php(462): call_user_func_array('SignupControlle...', Array)
#6 C:\wamp64\www\Yee\Yee.php(1333): Yee\Route->dispatch()
#7 C:\wamp64\www\Yee\Middleware\Flash.php(85): Yee\Yee->call()
#8 C:\wamp64\www\Yee\Middleware\MethodOverride.php(92): Yee\Middleware\Flash->call()
#9 C:\wamp64\www\Yee\Middleware\PrettyExceptions.php(67): Yee\Middleware\MethodOverride->call()
#10 C:\wamp64\www\Yee\Yee.php(1278): Yee\Middleware\PrettyExceptions->call()
#11 C:\wamp64\www\index.php(48): Yee\Yee->execute()
#12 {main}
ERROR - 2016-07-12 12:35:28 - exception 'ErrorException' with message 'mysqli_connect(): (HY000/1045): Access denied for user 'email'@'localhost' (using password: YES)' in C:\wamp64\www\App\Controllers\Signup\SignupController.php:19
Stack trace:
#0 [internal function]: Yee\Yee::handleErrors(2, 'mysqli_connect(...', 'C:\\wamp64\\www\\A...', 19, Array)
#1 C:\wamp64\www\App\Controllers\Signup\SignupController.php(19): mysqli_connect('localhost', 'email', 'password', 'sww')
#2 [internal function]: SignupController->indexAction()
#3 C:\wamp64\www\Yee\Managers\Controller\Controller.php(22): call_user_func_array(Array, Array)
#4 [internal function]: Yee\Managers\Controller\Controller::__callStatic('___indexAction', Array)
#5 [internal function]: SignupController::___indexAction()
#6 C:\wamp64\www\Yee\Route.php(462): call_user_func_array('SignupControlle...', Array)
#7 C:\wamp64\www\Yee\Yee.php(1334): Yee\Route->dispatch()
#8 C:\wamp64\www\Yee\Middleware\Flash.php(85): Yee\Yee->call()
#9 C:\wamp64\www\Yee\Middleware\MethodOverride.php(92): Yee\Middleware\Flash->call()
#10 C:\wamp64\www\Yee\Middleware\PrettyExceptions.php(67): Yee\Middleware\MethodOverride->call()
#11 C:\wamp64\www\Yee\Yee.php(1279): Yee\Middleware\PrettyExceptions->call()
#12 C:\wamp64\www\index.php(48): Yee\Yee->execute()
#13 {main}
ERROR - 2016-07-12 12:36:07 - exception 'ErrorException' with message 'mysqli_connect(): (HY000/1045): Access denied for user 'email'@'localhost' (using password: YES)' in C:\wamp64\www\App\Controllers\Signup\SignupController.php:19
Stack trace:
#0 [internal function]: Yee\Yee::handleErrors(2, 'mysqli_connect(...', 'C:\\wamp64\\www\\A...', 19, Array)
#1 C:\wamp64\www\App\Controllers\Signup\SignupController.php(19): mysqli_connect('localhost', 'email', 'password', 'users')
#2 [internal function]: SignupController->indexAction()
#3 C:\wamp64\www\Yee\Managers\Controller\Controller.php(22): call_user_func_array(Array, Array)
#4 [internal function]: Yee\Managers\Controller\Controller::__callStatic('___indexAction', Array)
#5 [internal function]: SignupController::___indexAction()
#6 C:\wamp64\www\Yee\Route.php(462): call_user_func_array('SignupControlle...', Array)
#7 C:\wamp64\www\Yee\Yee.php(1334): Yee\Route->dispatch()
#8 C:\wamp64\www\Yee\Middleware\Flash.php(85): Yee\Yee->call()
#9 C:\wamp64\www\Yee\Middleware\MethodOverride.php(92): Yee\Middleware\Flash->call()
#10 C:\wamp64\www\Yee\Middleware\PrettyExceptions.php(67): Yee\Middleware\MethodOverride->call()
#11 C:\wamp64\www\Yee\Yee.php(1279): Yee\Middleware\PrettyExceptions->call()
#12 C:\wamp64\www\index.php(48): Yee\Yee->execute()
#13 {main}
ERROR - 2016-07-12 12:36:11 - exception 'ErrorException' with message 'mysqli_connect(): (HY000/1045): Access denied for user 'email'@'localhost' (using password: YES)' in C:\wamp64\www\App\Controllers\Signup\SignupController.php:19
Stack trace:
#0 [internal function]: Yee\Yee::handleErrors(2, 'mysqli_connect(...', 'C:\\wamp64\\www\\A...', 19, Array)
#1 C:\wamp64\www\App\Controllers\Signup\SignupController.php(19): mysqli_connect('localhost', 'email', 'password', 'sww')
#2 [internal function]: SignupController->indexAction()
#3 C:\wamp64\www\Yee\Managers\Controller\Controller.php(22): call_user_func_array(Array, Array)
#4 [internal function]: Yee\Managers\Controller\Controller::__callStatic('___indexAction', Array)
#5 [internal function]: SignupController::___indexAction()
#6 C:\wamp64\www\Yee\Route.php(462): call_user_func_array('SignupControlle...', Array)
#7 C:\wamp64\www\Yee\Yee.php(1334): Yee\Route->dispatch()
#8 C:\wamp64\www\Yee\Middleware\Flash.php(85): Yee\Yee->call()
#9 C:\wamp64\www\Yee\Middleware\MethodOverride.php(92): Yee\Middleware\Flash->call()
#10 C:\wamp64\www\Yee\Middleware\PrettyExceptions.php(67): Yee\Middleware\MethodOverride->call()
#11 C:\wamp64\www\Yee\Yee.php(1279): Yee\Middleware\PrettyExceptions->call()
#12 C:\wamp64\www\index.php(48): Yee\Yee->execute()
#13 {main}
ERROR - 2016-07-12 12:39:07 - exception 'ErrorException' with message 'mysqli_connect(): (HY000/1045): Access denied for user 'email'@'localhost' (using password: YES)' in C:\wamp64\www\App\Controllers\Signup\SignupController.php:19
Stack trace:
#0 [internal function]: Yee\Yee::handleErrors(2, 'mysqli_connect(...', 'C:\\wamp64\\www\\A...', 19, Array)
#1 C:\wamp64\www\App\Controllers\Signup\SignupController.php(19): mysqli_connect('localhost', 'email', 'password', 'sww')
#2 [internal function]: SignupController->indexAction()
#3 C:\wamp64\www\Yee\Managers\Controller\Controller.php(22): call_user_func_array(Array, Array)
#4 [internal function]: Yee\Managers\Controller\Controller::__callStatic('___indexAction', Array)
#5 [internal function]: SignupController::___indexAction()
#6 C:\wamp64\www\Yee\Route.php(462): call_user_func_array('SignupControlle...', Array)
#7 C:\wamp64\www\Yee\Yee.php(1334): Yee\Route->dispatch()
#8 C:\wamp64\www\Yee\Middleware\Flash.php(85): Yee\Yee->call()
#9 C:\wamp64\www\Yee\Middleware\MethodOverride.php(92): Yee\Middleware\Flash->call()
#10 C:\wamp64\www\Yee\Middleware\PrettyExceptions.php(67): Yee\Middleware\MethodOverride->call()
#11 C:\wamp64\www\Yee\Yee.php(1279): Yee\Middleware\PrettyExceptions->call()
#12 C:\wamp64\www\index.php(48): Yee\Yee->execute()
#13 {main}
ERROR - 2016-07-12 12:46:53 - exception 'ErrorException' with message 'Undefined variable: pp' in C:\wamp64\www\App\Controllers\Signup\SignupController.php:18
Stack trace:
#0 C:\wamp64\www\App\Controllers\Signup\SignupController.php(18): Yee\Yee::handleErrors(8, 'Undefined varia...', 'C:\\wamp64\\www\\A...', 18, Array)
#1 [internal function]: SignupController->indexAction()
#2 C:\wamp64\www\Yee\Managers\Controller\Controller.php(22): call_user_func_array(Array, Array)
#3 [internal function]: Yee\Managers\Controller\Controller::__callStatic('___indexAction', Array)
#4 [internal function]: SignupController::___indexAction()
#5 C:\wamp64\www\Yee\Route.php(462): call_user_func_array('SignupControlle...', Array)
#6 C:\wamp64\www\Yee\Yee.php(1334): Yee\Route->dispatch()
#7 C:\wamp64\www\Yee\Middleware\Flash.php(85): Yee\Yee->call()
#8 C:\wamp64\www\Yee\Middleware\MethodOverride.php(92): Yee\Middleware\Flash->call()
#9 C:\wamp64\www\Yee\Middleware\PrettyExceptions.php(67): Yee\Middleware\MethodOverride->call()
#10 C:\wamp64\www\Yee\Yee.php(1279): Yee\Middleware\PrettyExceptions->call()
#11 C:\wamp64\www\index.php(48): Yee\Yee->execute()
#12 {main}
ERROR - 2016-07-12 12:47:11 - exception 'ErrorException' with message 'Undefined variable: pp' in C:\wamp64\www\App\Controllers\Signup\SignupController.php:18
Stack trace:
#0 C:\wamp64\www\App\Controllers\Signup\SignupController.php(18): Yee\Yee::handleErrors(8, 'Undefined varia...', 'C:\\wamp64\\www\\A...', 18, Array)
#1 [internal function]: SignupController->indexAction()
#2 C:\wamp64\www\Yee\Managers\Controller\Controller.php(22): call_user_func_array(Array, Array)
#3 [internal function]: Yee\Managers\Controller\Controller::__callStatic('___indexAction', Array)
#4 [internal function]: SignupController::___indexAction()
#5 C:\wamp64\www\Yee\Route.php(462): call_user_func_array('SignupControlle...', Array)
#6 C:\wamp64\www\Yee\Yee.php(1334): Yee\Route->dispatch()
#7 C:\wamp64\www\Yee\Middleware\Flash.php(85): Yee\Yee->call()
#8 C:\wamp64\www\Yee\Middleware\MethodOverride.php(92): Yee\Middleware\Flash->call()
#9 C:\wamp64\www\Yee\Middleware\PrettyExceptions.php(67): Yee\Middleware\MethodOverride->call()
#10 C:\wamp64\www\Yee\Yee.php(1279): Yee\Middleware\PrettyExceptions->call()
#11 C:\wamp64\www\index.php(48): Yee\Yee->execute()
#12 {main}
ERROR - 2016-07-12 12:52:58 - exception 'ErrorException' with message 'Array to string conversion' in C:\wamp64\www\App\Controllers\Signup\SignupController.php:20
Stack trace:
#0 C:\wamp64\www\App\Controllers\Signup\SignupController.php(20): Yee\Yee::handleErrors(8, 'Array to string...', 'C:\\wamp64\\www\\A...', 20, Array)
#1 [internal function]: SignupController->indexAction()
#2 C:\wamp64\www\Yee\Managers\Controller\Controller.php(22): call_user_func_array(Array, Array)
#3 [internal function]: Yee\Managers\Controller\Controller::__callStatic('___indexAction', Array)
#4 [internal function]: SignupController::___indexAction()
#5 C:\wamp64\www\Yee\Route.php(462): call_user_func_array('SignupControlle...', Array)
#6 C:\wamp64\www\Yee\Yee.php(1334): Yee\Route->dispatch()
#7 C:\wamp64\www\Yee\Middleware\Flash.php(85): Yee\Yee->call()
#8 C:\wamp64\www\Yee\Middleware\MethodOverride.php(92): Yee\Middleware\Flash->call()
#9 C:\wamp64\www\Yee\Middleware\PrettyExceptions.php(67): Yee\Middleware\MethodOverride->call()
#10 C:\wamp64\www\Yee\Yee.php(1279): Yee\Middleware\PrettyExceptions->call()
#11 C:\wamp64\www\index.php(48): Yee\Yee->execute()
#12 {main}
